2024-01-07 20:01:42 | [Train-Epoch:001] multipart: 1.8169  obj: 0.1449  noobj: 0.2283  box: 0.3116  cls: 0.0000  
2024-01-07 20:02:59 | [Train-Epoch:002] multipart: 1.3051  obj: 0.1402  noobj: 0.1462  box: 0.2184  cls: 0.0000  
2024-01-07 20:04:16 | [Train-Epoch:003] multipart: 1.0921  obj: 0.1440  noobj: 0.1541  box: 0.1742  cls: 0.0000  
2024-01-07 20:05:32 | [Train-Epoch:004] multipart: 0.8967  obj: 0.1525  noobj: 0.1609  box: 0.1328  cls: 0.0000  
2024-01-07 20:06:49 | [Train-Epoch:005] multipart: 0.7363  obj: 0.1599  noobj: 0.1720  box: 0.0981  cls: 0.0000  
2024-01-07 20:08:06 | [Train-Epoch:006] multipart: 0.6074  obj: 0.1622  noobj: 0.1777  box: 0.0713  cls: 0.0000  
2024-01-07 20:09:22 | [Train-Epoch:007] multipart: 0.5311  obj: 0.1599  noobj: 0.1778  box: 0.0564  cls: 0.0000  
2024-01-07 20:10:37 | [Train-Epoch:008] multipart: 0.4725  obj: 0.1532  noobj: 0.1744  box: 0.0464  cls: 0.0000  
2024-01-07 20:11:45 | [Train-Epoch:009] multipart: 0.4228  obj: 0.1466  noobj: 0.1615  box: 0.0391  cls: 0.0000  
2024-01-07 20:12:52 | [Train-Epoch:010] multipart: 0.3846  obj: 0.1358  noobj: 0.1483  box: 0.0349  cls: 0.0000  
2024-01-07 20:14:45 | 
	 - Average Precision (AP) @[ IoU=0.50:0.95 | area=   all | maxDets=100 ] = 0.034
	 - Average Precision (AP) @[ IoU=0.50      | area=   all | maxDets=100 ] = 0.110
	 - Average Precision (AP) @[ IoU=0.75      | area=   all | maxDets=100 ] = 0.012
	 - Average Precision (AP) @[ IoU=0.50:0.95 | area= small | maxDets=100 ] = 0.000
	 - Average Precision (AP) @[ IoU=0.50      | area= small | maxDets=100 ] = 0.000
	 - Average Precision (AP) @[ IoU=0.50:0.95 | area=medium | maxDets=100 ] = 0.000
	 - Average Precision (AP) @[ IoU=0.50      | area=medium | maxDets=100 ] = 0.002
	 - Average Precision (AP) @[ IoU=0.50:0.95 | area= large | maxDets=100 ] = 0.091
	 - Average Precision (AP) @[ IoU=0.50      | area= large | maxDets=100 ] = 0.297

2024-01-07 20:15:55 | [Train-Epoch:011] multipart: 0.3435  obj: 0.1241  noobj: 0.1301  box: 0.0309  cls: 0.0000  
2024-01-07 20:17:02 | [Train-Epoch:012] multipart: 0.3129  obj: 0.1140  noobj: 0.1120  box: 0.0286  cls: 0.0000  
2024-01-07 20:18:09 | [Train-Epoch:013] multipart: 0.2786  obj: 0.1026  noobj: 0.0959  box: 0.0256  cls: 0.0000  
2024-01-07 20:19:15 | [Train-Epoch:014] multipart: 0.2535  obj: 0.0925  noobj: 0.0814  box: 0.0241  cls: 0.0000  
2024-01-07 20:20:22 | [Train-Epoch:015] multipart: 0.2287  obj: 0.0843  noobj: 0.0676  box: 0.0221  cls: 0.0000  
2024-01-07 20:21:29 | [Train-Epoch:016] multipart: 0.2127  obj: 0.0781  noobj: 0.0580  box: 0.0211  cls: 0.0000  
2024-01-07 20:22:36 | [Train-Epoch:017] multipart: 0.1998  obj: 0.0728  noobj: 0.0500  box: 0.0204  cls: 0.0000  
2024-01-07 20:23:42 | [Train-Epoch:018] multipart: 0.1829  obj: 0.0663  noobj: 0.0434  box: 0.0190  cls: 0.0000  
2024-01-07 20:24:50 | [Train-Epoch:019] multipart: 0.1707  obj: 0.0621  noobj: 0.0368  box: 0.0180  cls: 0.0000  
2024-01-07 20:25:57 | [Train-Epoch:020] multipart: 0.1596  obj: 0.0570  noobj: 0.0310  box: 0.0174  cls: 0.0000  
2024-01-07 20:26:34 | 
	 - Average Precision (AP) @[ IoU=0.50:0.95 | area=   all | maxDets=100 ] = 0.030
	 - Average Precision (AP) @[ IoU=0.50      | area=   all | maxDets=100 ] = 0.098
	 - Average Precision (AP) @[ IoU=0.75      | area=   all | maxDets=100 ] = 0.011
	 - Average Precision (AP) @[ IoU=0.50:0.95 | area= small | maxDets=100 ] = 0.000
	 - Average Precision (AP) @[ IoU=0.50      | area= small | maxDets=100 ] = 0.000
	 - Average Precision (AP) @[ IoU=0.50:0.95 | area=medium | maxDets=100 ] = 0.000
	 - Average Precision (AP) @[ IoU=0.50      | area=medium | maxDets=100 ] = 0.002
	 - Average Precision (AP) @[ IoU=0.50:0.95 | area= large | maxDets=100 ] = 0.084
	 - Average Precision (AP) @[ IoU=0.50      | area= large | maxDets=100 ] = 0.271

2024-01-07 20:27:39 | [Train-Epoch:021] multipart: 0.1521  obj: 0.0558  noobj: 0.0284  box: 0.0164  cls: 0.0000  
2024-01-07 20:28:46 | [Train-Epoch:022] multipart: 0.1418  obj: 0.0527  noobj: 0.0254  box: 0.0153  cls: 0.0000  
2024-01-07 20:29:53 | [Train-Epoch:023] multipart: 0.1379  obj: 0.0505  noobj: 0.0232  box: 0.0152  cls: 0.0000  
2024-01-07 20:31:01 | [Train-Epoch:024] multipart: 0.1308  obj: 0.0476  noobj: 0.0215  box: 0.0145  cls: 0.0000  
2024-01-07 20:32:07 | [Train-Epoch:025] multipart: 0.1200  obj: 0.0436  noobj: 0.0188  box: 0.0134  cls: 0.0000  
2024-01-07 20:33:15 | [Train-Epoch:026] multipart: 0.1174  obj: 0.0440  noobj: 0.0172  box: 0.0130  cls: 0.0000  
2024-01-07 20:34:22 | [Train-Epoch:027] multipart: 0.1131  obj: 0.0421  noobj: 0.0158  box: 0.0126  cls: 0.0000  
2024-01-07 20:35:29 | [Train-Epoch:028] multipart: 0.1055  obj: 0.0388  noobj: 0.0148  box: 0.0119  cls: 0.0000  
2024-01-07 20:36:37 | [Train-Epoch:029] multipart: 0.1063  obj: 0.0393  noobj: 0.0144  box: 0.0120  cls: 0.0000  
2024-01-07 20:37:43 | [Train-Epoch:030] multipart: 0.1007  obj: 0.0374  noobj: 0.0125  box: 0.0114  cls: 0.0000  
2024-01-07 20:38:20 | 
	 - Average Precision (AP) @[ IoU=0.50:0.95 | area=   all | maxDets=100 ] = 0.031
	 - Average Precision (AP) @[ IoU=0.50      | area=   all | maxDets=100 ] = 0.098
	 - Average Precision (AP) @[ IoU=0.75      | area=   all | maxDets=100 ] = 0.012
	 - Average Precision (AP) @[ IoU=0.50:0.95 | area= small | maxDets=100 ] = 0.000
	 - Average Precision (AP) @[ IoU=0.50      | area= small | maxDets=100 ] = 0.000
	 - Average Precision (AP) @[ IoU=0.50:0.95 | area=medium | maxDets=100 ] = 0.000
	 - Average Precision (AP) @[ IoU=0.50      | area=medium | maxDets=100 ] = 0.002
	 - Average Precision (AP) @[ IoU=0.50:0.95 | area= large | maxDets=100 ] = 0.086
	 - Average Precision (AP) @[ IoU=0.50      | area= large | maxDets=100 ] = 0.271

2024-01-07 20:39:26 | [Train-Epoch:031] multipart: 0.0959  obj: 0.0357  noobj: 0.0122  box: 0.0108  cls: 0.0000  
2024-01-07 20:40:34 | [Train-Epoch:032] multipart: 0.0960  obj: 0.0356  noobj: 0.0115  box: 0.0109  cls: 0.0000  
2024-01-07 20:41:41 | [Train-Epoch:033] multipart: 0.0903  obj: 0.0340  noobj: 0.0106  box: 0.0102  cls: 0.0000  
2024-01-07 20:42:46 | [Train-Epoch:034] multipart: 0.0900  obj: 0.0337  noobj: 0.0108  box: 0.0102  cls: 0.0000  
2024-01-07 20:43:52 | [Train-Epoch:035] multipart: 0.0868  obj: 0.0327  noobj: 0.0099  box: 0.0098  cls: 0.0000  
2024-01-07 20:45:00 | [Train-Epoch:036] multipart: 0.0845  obj: 0.0313  noobj: 0.0092  box: 0.0097  cls: 0.0000  
2024-01-07 20:46:07 | [Train-Epoch:037] multipart: 0.0822  obj: 0.0307  noobj: 0.0090  box: 0.0094  cls: 0.0000  
2024-01-07 20:47:13 | [Train-Epoch:038] multipart: 0.0801  obj: 0.0300  noobj: 0.0087  box: 0.0092  cls: 0.0000  
2024-01-07 20:48:19 | [Train-Epoch:039] multipart: 0.0771  obj: 0.0285  noobj: 0.0085  box: 0.0089  cls: 0.0000  
2024-01-07 20:49:27 | [Train-Epoch:040] multipart: 0.0770  obj: 0.0283  noobj: 0.0079  box: 0.0090  cls: 0.0000  
2024-01-07 20:50:03 | 
	 - Average Precision (AP) @[ IoU=0.50:0.95 | area=   all | maxDets=100 ] = 0.032
	 - Average Precision (AP) @[ IoU=0.50      | area=   all | maxDets=100 ] = 0.102
	 - Average Precision (AP) @[ IoU=0.75      | area=   all | maxDets=100 ] = 0.013
	 - Average Precision (AP) @[ IoU=0.50:0.95 | area= small | maxDets=100 ] = 0.000
	 - Average Precision (AP) @[ IoU=0.50      | area= small | maxDets=100 ] = 0.000
	 - Average Precision (AP) @[ IoU=0.50:0.95 | area=medium | maxDets=100 ] = 0.000
	 - Average Precision (AP) @[ IoU=0.50      | area=medium | maxDets=100 ] = 0.002
	 - Average Precision (AP) @[ IoU=0.50:0.95 | area= large | maxDets=100 ] = 0.089
	 - Average Precision (AP) @[ IoU=0.50      | area= large | maxDets=100 ] = 0.281

2024-01-07 20:51:08 | [Train-Epoch:041] multipart: 0.0759  obj: 0.0280  noobj: 0.0075  box: 0.0088  cls: 0.0000  
2024-01-07 20:52:14 | [Train-Epoch:042] multipart: 0.0734  obj: 0.0278  noobj: 0.0076  box: 0.0084  cls: 0.0000  
2024-01-07 20:53:21 | [Train-Epoch:043] multipart: 0.0719  obj: 0.0270  noobj: 0.0072  box: 0.0083  cls: 0.0000  
2024-01-07 20:54:27 | [Train-Epoch:044] multipart: 0.0689  obj: 0.0262  noobj: 0.0063  box: 0.0079  cls: 0.0000  
2024-01-07 20:55:34 | [Train-Epoch:045] multipart: 0.0675  obj: 0.0256  noobj: 0.0063  box: 0.0078  cls: 0.0000  
2024-01-07 20:56:40 | [Train-Epoch:046] multipart: 0.0674  obj: 0.0254  noobj: 0.0063  box: 0.0078  cls: 0.0000  
2024-01-07 20:57:47 | [Train-Epoch:047] multipart: 0.0670  obj: 0.0250  noobj: 0.0062  box: 0.0078  cls: 0.0000  
2024-01-07 20:58:53 | [Train-Epoch:048] multipart: 0.0632  obj: 0.0238  noobj: 0.0060  box: 0.0073  cls: 0.0000  
2024-01-07 20:59:59 | [Train-Epoch:049] multipart: 0.0630  obj: 0.0236  noobj: 0.0057  box: 0.0073  cls: 0.0000  
2024-01-07 21:01:05 | [Train-Epoch:050] multipart: 0.0617  obj: 0.0232  noobj: 0.0054  box: 0.0072  cls: 0.0000  
2024-01-07 21:01:41 | 
	 - Average Precision (AP) @[ IoU=0.50:0.95 | area=   all | maxDets=100 ] = 0.033
	 - Average Precision (AP) @[ IoU=0.50      | area=   all | maxDets=100 ] = 0.105
	 - Average Precision (AP) @[ IoU=0.75      | area=   all | maxDets=100 ] = 0.013
	 - Average Precision (AP) @[ IoU=0.50:0.95 | area= small | maxDets=100 ] = 0.000
	 - Average Precision (AP) @[ IoU=0.50      | area= small | maxDets=100 ] = 0.000
	 - Average Precision (AP) @[ IoU=0.50:0.95 | area=medium | maxDets=100 ] = 0.000
	 - Average Precision (AP) @[ IoU=0.50      | area=medium | maxDets=100 ] = 0.002
	 - Average Precision (AP) @[ IoU=0.50:0.95 | area= large | maxDets=100 ] = 0.093
	 - Average Precision (AP) @[ IoU=0.50      | area= large | maxDets=100 ] = 0.292

2024-01-07 21:02:47 | [Train-Epoch:051] multipart: 0.0608  obj: 0.0231  noobj: 0.0053  box: 0.0070  cls: 0.0000  
2024-01-07 21:03:54 | [Train-Epoch:052] multipart: 0.0605  obj: 0.0222  noobj: 0.0053  box: 0.0071  cls: 0.0000  
2024-01-07 21:05:01 | [Train-Epoch:053] multipart: 0.0574  obj: 0.0216  noobj: 0.0051  box: 0.0067  cls: 0.0000  
2024-01-07 21:06:07 | [Train-Epoch:054] multipart: 0.0578  obj: 0.0214  noobj: 0.0052  box: 0.0068  cls: 0.0000  
2024-01-07 21:07:14 | [Train-Epoch:055] multipart: 0.0578  obj: 0.0217  noobj: 0.0049  box: 0.0067  cls: 0.0000  
2024-01-07 21:08:20 | [Train-Epoch:056] multipart: 0.0573  obj: 0.0212  noobj: 0.0048  box: 0.0067  cls: 0.0000  
2024-01-07 21:09:28 | [Train-Epoch:057] multipart: 0.0557  obj: 0.0206  noobj: 0.0049  box: 0.0065  cls: 0.0000  
2024-01-07 21:10:35 | [Train-Epoch:058] multipart: 0.0545  obj: 0.0200  noobj: 0.0045  box: 0.0064  cls: 0.0000  
2024-01-07 21:11:41 | [Train-Epoch:059] multipart: 0.0537  obj: 0.0199  noobj: 0.0044  box: 0.0063  cls: 0.0000  
2024-01-07 21:12:48 | [Train-Epoch:060] multipart: 0.0531  obj: 0.0196  noobj: 0.0043  box: 0.0063  cls: 0.0000  
2024-01-07 21:13:24 | 
	 - Average Precision (AP) @[ IoU=0.50:0.95 | area=   all | maxDets=100 ] = 0.033
	 - Average Precision (AP) @[ IoU=0.50      | area=   all | maxDets=100 ] = 0.105
	 - Average Precision (AP) @[ IoU=0.75      | area=   all | maxDets=100 ] = 0.012
	 - Average Precision (AP) @[ IoU=0.50:0.95 | area= small | maxDets=100 ] = 0.000
	 - Average Precision (AP) @[ IoU=0.50      | area= small | maxDets=100 ] = 0.000
	 - Average Precision (AP) @[ IoU=0.50:0.95 | area=medium | maxDets=100 ] = 0.000
	 - Average Precision (AP) @[ IoU=0.50      | area=medium | maxDets=100 ] = 0.002
	 - Average Precision (AP) @[ IoU=0.50:0.95 | area= large | maxDets=100 ] = 0.091
	 - Average Precision (AP) @[ IoU=0.50      | area= large | maxDets=100 ] = 0.287

2024-01-07 21:14:28 | [Train-Epoch:061] multipart: 0.0518  obj: 0.0190  noobj: 0.0041  box: 0.0061  cls: 0.0000  
2024-01-07 21:15:33 | [Train-Epoch:062] multipart: 0.0503  obj: 0.0187  noobj: 0.0041  box: 0.0059  cls: 0.0000  
2024-01-07 21:16:39 | [Train-Epoch:063] multipart: 0.0518  obj: 0.0192  noobj: 0.0040  box: 0.0061  cls: 0.0000  
2024-01-07 21:17:46 | [Train-Epoch:064] multipart: 0.0504  obj: 0.0188  noobj: 0.0039  box: 0.0059  cls: 0.0000  
2024-01-07 21:18:52 | [Train-Epoch:065] multipart: 0.0507  obj: 0.0186  noobj: 0.0039  box: 0.0060  cls: 0.0000  
2024-01-07 21:19:59 | [Train-Epoch:066] multipart: 0.0479  obj: 0.0176  noobj: 0.0038  box: 0.0057  cls: 0.0000  
2024-01-07 21:21:06 | [Train-Epoch:067] multipart: 0.0489  obj: 0.0181  noobj: 0.0036  box: 0.0058  cls: 0.0000  
2024-01-07 21:22:11 | [Train-Epoch:068] multipart: 0.0458  obj: 0.0170  noobj: 0.0036  box: 0.0054  cls: 0.0000  
2024-01-07 21:23:18 | [Train-Epoch:069] multipart: 0.0466  obj: 0.0174  noobj: 0.0034  box: 0.0055  cls: 0.0000  
2024-01-07 21:24:23 | [Train-Epoch:070] multipart: 0.0463  obj: 0.0172  noobj: 0.0037  box: 0.0054  cls: 0.0000  
2024-01-07 21:24:59 | 
	 - Average Precision (AP) @[ IoU=0.50:0.95 | area=   all | maxDets=100 ] = 0.033
	 - Average Precision (AP) @[ IoU=0.50      | area=   all | maxDets=100 ] = 0.103
	 - Average Precision (AP) @[ IoU=0.75      | area=   all | maxDets=100 ] = 0.013
	 - Average Precision (AP) @[ IoU=0.50:0.95 | area= small | maxDets=100 ] = 0.000
	 - Average Precision (AP) @[ IoU=0.50      | area= small | maxDets=100 ] = 0.000
	 - Average Precision (AP) @[ IoU=0.50:0.95 | area=medium | maxDets=100 ] = 0.000
	 - Average Precision (AP) @[ IoU=0.50      | area=medium | maxDets=100 ] = 0.002
	 - Average Precision (AP) @[ IoU=0.50:0.95 | area= large | maxDets=100 ] = 0.092
	 - Average Precision (AP) @[ IoU=0.50      | area= large | maxDets=100 ] = 0.284

2024-01-07 21:26:03 | [Train-Epoch:071] multipart: 0.0454  obj: 0.0166  noobj: 0.0033  box: 0.0054  cls: 0.0000  
2024-01-07 21:27:10 | [Train-Epoch:072] multipart: 0.0463  obj: 0.0175  noobj: 0.0034  box: 0.0054  cls: 0.0000  
2024-01-07 21:28:16 | [Train-Epoch:073] multipart: 0.0455  obj: 0.0168  noobj: 0.0033  box: 0.0054  cls: 0.0000  
2024-01-07 21:29:22 | [Train-Epoch:074] multipart: 0.0447  obj: 0.0165  noobj: 0.0031  box: 0.0053  cls: 0.0000  
2024-01-07 21:30:27 | [Train-Epoch:075] multipart: 0.0434  obj: 0.0164  noobj: 0.0031  box: 0.0051  cls: 0.0000  
2024-01-07 21:31:44 | [Train-Epoch:076] multipart: 0.0426  obj: 0.0158  noobj: 0.0030  box: 0.0050  cls: 0.0000  
2024-01-07 21:33:13 | [Train-Epoch:077] multipart: 0.0427  obj: 0.0157  noobj: 0.0032  box: 0.0051  cls: 0.0000  
2024-01-07 21:34:18 | [Train-Epoch:078] multipart: 0.0435  obj: 0.0161  noobj: 0.0031  box: 0.0052  cls: 0.0000  
2024-01-07 21:35:23 | [Train-Epoch:079] multipart: 0.0418  obj: 0.0152  noobj: 0.0028  box: 0.0050  cls: 0.0000  
2024-01-07 21:36:30 | [Train-Epoch:080] multipart: 0.0414  obj: 0.0150  noobj: 0.0029  box: 0.0050  cls: 0.0000  
2024-01-07 21:37:06 | 
	 - Average Precision (AP) @[ IoU=0.50:0.95 | area=   all | maxDets=100 ] = 0.034
	 - Average Precision (AP) @[ IoU=0.50      | area=   all | maxDets=100 ] = 0.108
	 - Average Precision (AP) @[ IoU=0.75      | area=   all | maxDets=100 ] = 0.013
	 - Average Precision (AP) @[ IoU=0.50:0.95 | area= small | maxDets=100 ] = 0.000
	 - Average Precision (AP) @[ IoU=0.50      | area= small | maxDets=100 ] = 0.000
	 - Average Precision (AP) @[ IoU=0.50:0.95 | area=medium | maxDets=100 ] = 0.000
	 - Average Precision (AP) @[ IoU=0.50      | area=medium | maxDets=100 ] = 0.002
	 - Average Precision (AP) @[ IoU=0.50:0.95 | area= large | maxDets=100 ] = 0.095
	 - Average Precision (AP) @[ IoU=0.50      | area= large | maxDets=100 ] = 0.298

2024-01-07 21:38:11 | [Train-Epoch:081] multipart: 0.0400  obj: 0.0147  noobj: 0.0028  box: 0.0048  cls: 0.0000  
2024-01-07 21:39:18 | [Train-Epoch:082] multipart: 0.0414  obj: 0.0153  noobj: 0.0027  box: 0.0049  cls: 0.0000  
2024-01-07 21:40:23 | [Train-Epoch:083] multipart: 0.0394  obj: 0.0142  noobj: 0.0028  box: 0.0048  cls: 0.0000  
2024-01-07 21:41:29 | [Train-Epoch:084] multipart: 0.0408  obj: 0.0152  noobj: 0.0027  box: 0.0049  cls: 0.0000  
2024-01-07 21:42:35 | [Train-Epoch:085] multipart: 0.0396  obj: 0.0143  noobj: 0.0027  box: 0.0048  cls: 0.0000  
2024-01-07 21:43:42 | [Train-Epoch:086] multipart: 0.0390  obj: 0.0147  noobj: 0.0027  box: 0.0046  cls: 0.0000  
2024-01-07 21:44:47 | [Train-Epoch:087] multipart: 0.0399  obj: 0.0147  noobj: 0.0026  box: 0.0048  cls: 0.0000  
2024-01-07 21:45:53 | [Train-Epoch:088] multipart: 0.0395  obj: 0.0146  noobj: 0.0026  box: 0.0047  cls: 0.0000  
2024-01-07 21:46:57 | [Train-Epoch:089] multipart: 0.0375  obj: 0.0137  noobj: 0.0026  box: 0.0045  cls: 0.0000  
2024-01-07 21:48:03 | [Train-Epoch:090] multipart: 0.0378  obj: 0.0137  noobj: 0.0024  box: 0.0046  cls: 0.0000  
2024-01-07 21:48:39 | 
	 - Average Precision (AP) @[ IoU=0.50:0.95 | area=   all | maxDets=100 ] = 0.034
	 - Average Precision (AP) @[ IoU=0.50      | area=   all | maxDets=100 ] = 0.108
	 - Average Precision (AP) @[ IoU=0.75      | area=   all | maxDets=100 ] = 0.013
	 - Average Precision (AP) @[ IoU=0.50:0.95 | area= small | maxDets=100 ] = 0.000
	 - Average Precision (AP) @[ IoU=0.50      | area= small | maxDets=100 ] = 0.000
	 - Average Precision (AP) @[ IoU=0.50:0.95 | area=medium | maxDets=100 ] = 0.000
	 - Average Precision (AP) @[ IoU=0.50      | area=medium | maxDets=100 ] = 0.002
	 - Average Precision (AP) @[ IoU=0.50:0.95 | area= large | maxDets=100 ] = 0.096
	 - Average Precision (AP) @[ IoU=0.50      | area= large | maxDets=100 ] = 0.299

2024-01-07 21:49:42 | [Train-Epoch:091] multipart: 0.0354  obj: 0.0132  noobj: 0.0025  box: 0.0042  cls: 0.0000  
2024-01-07 21:50:48 | [Train-Epoch:092] multipart: 0.0344  obj: 0.0128  noobj: 0.0023  box: 0.0041  cls: 0.0000  
2024-01-07 21:51:54 | [Train-Epoch:093] multipart: 0.0328  obj: 0.0121  noobj: 0.0023  box: 0.0039  cls: 0.0000  
2024-01-07 21:53:00 | [Train-Epoch:094] multipart: 0.0338  obj: 0.0126  noobj: 0.0024  box: 0.0040  cls: 0.0000  
2024-01-07 21:54:05 | [Train-Epoch:095] multipart: 0.0318  obj: 0.0118  noobj: 0.0022  box: 0.0038  cls: 0.0000  
2024-01-07 21:55:11 | [Train-Epoch:096] multipart: 0.0318  obj: 0.0120  noobj: 0.0023  box: 0.0037  cls: 0.0000  
2024-01-07 21:56:16 | [Train-Epoch:097] multipart: 0.0313  obj: 0.0118  noobj: 0.0022  box: 0.0037  cls: 0.0000  
2024-01-07 21:57:21 | [Train-Epoch:098] multipart: 0.0304  obj: 0.0111  noobj: 0.0022  box: 0.0036  cls: 0.0000  
2024-01-07 21:58:27 | [Train-Epoch:099] multipart: 0.0305  obj: 0.0115  noobj: 0.0022  box: 0.0036  cls: 0.0000  
2024-01-07 21:59:33 | [Train-Epoch:100] multipart: 0.0312  obj: 0.0117  noobj: 0.0023  box: 0.0037  cls: 0.0000  
2024-01-07 22:00:09 | 
	 - Average Precision (AP) @[ IoU=0.50:0.95 | area=   all | maxDets=100 ] = 0.034
	 - Average Precision (AP) @[ IoU=0.50      | area=   all | maxDets=100 ] = 0.108
	 - Average Precision (AP) @[ IoU=0.75      | area=   all | maxDets=100 ] = 0.014
	 - Average Precision (AP) @[ IoU=0.50:0.95 | area= small | maxDets=100 ] = 0.000
	 - Average Precision (AP) @[ IoU=0.50      | area= small | maxDets=100 ] = 0.000
	 - Average Precision (AP) @[ IoU=0.50:0.95 | area=medium | maxDets=100 ] = 0.000
	 - Average Precision (AP) @[ IoU=0.50      | area=medium | maxDets=100 ] = 0.002
	 - Average Precision (AP) @[ IoU=0.50:0.95 | area= large | maxDets=100 ] = 0.095
	 - Average Precision (AP) @[ IoU=0.50      | area= large | maxDets=100 ] = 0.296

2024-01-07 22:01:13 | [Train-Epoch:101] multipart: 0.0298  obj: 0.0110  noobj: 0.0022  box: 0.0035  cls: 0.0000  
2024-01-07 22:02:19 | [Train-Epoch:102] multipart: 0.0300  obj: 0.0115  noobj: 0.0022  box: 0.0035  cls: 0.0000  
2024-01-07 22:03:24 | [Train-Epoch:103] multipart: 0.0299  obj: 0.0112  noobj: 0.0022  box: 0.0035  cls: 0.0000  
2024-01-07 22:04:29 | [Train-Epoch:104] multipart: 0.0295  obj: 0.0112  noobj: 0.0021  box: 0.0035  cls: 0.0000  
2024-01-07 22:05:34 | [Train-Epoch:105] multipart: 0.0295  obj: 0.0112  noobj: 0.0021  box: 0.0035  cls: 0.0000  
2024-01-07 22:06:39 | [Train-Epoch:106] multipart: 0.0297  obj: 0.0112  noobj: 0.0020  box: 0.0035  cls: 0.0000  
2024-01-07 22:07:43 | [Train-Epoch:107] multipart: 0.0290  obj: 0.0111  noobj: 0.0020  box: 0.0034  cls: 0.0000  
2024-01-07 22:08:48 | [Train-Epoch:108] multipart: 0.0295  obj: 0.0111  noobj: 0.0022  box: 0.0035  cls: 0.0000  
2024-01-07 22:09:52 | [Train-Epoch:109] multipart: 0.0302  obj: 0.0114  noobj: 0.0021  box: 0.0035  cls: 0.0000  
2024-01-07 22:10:58 | [Train-Epoch:110] multipart: 0.0293  obj: 0.0109  noobj: 0.0021  box: 0.0035  cls: 0.0000  
2024-01-07 22:11:33 | 
	 - Average Precision (AP) @[ IoU=0.50:0.95 | area=   all | maxDets=100 ] = 0.033
	 - Average Precision (AP) @[ IoU=0.50      | area=   all | maxDets=100 ] = 0.105
	 - Average Precision (AP) @[ IoU=0.75      | area=   all | maxDets=100 ] = 0.013
	 - Average Precision (AP) @[ IoU=0.50:0.95 | area= small | maxDets=100 ] = 0.000
	 - Average Precision (AP) @[ IoU=0.50      | area= small | maxDets=100 ] = 0.000
	 - Average Precision (AP) @[ IoU=0.50:0.95 | area=medium | maxDets=100 ] = 0.000
	 - Average Precision (AP) @[ IoU=0.50      | area=medium | maxDets=100 ] = 0.002
	 - Average Precision (AP) @[ IoU=0.50:0.95 | area= large | maxDets=100 ] = 0.093
	 - Average Precision (AP) @[ IoU=0.50      | area= large | maxDets=100 ] = 0.292

2024-01-07 22:12:36 | [Train-Epoch:111] multipart: 0.0296  obj: 0.0111  noobj: 0.0021  box: 0.0035  cls: 0.0000  
2024-01-07 22:13:41 | [Train-Epoch:112] multipart: 0.0298  obj: 0.0114  noobj: 0.0020  box: 0.0035  cls: 0.0000  
2024-01-07 22:14:48 | [Train-Epoch:113] multipart: 0.0291  obj: 0.0110  noobj: 0.0020  box: 0.0034  cls: 0.0000  
2024-01-07 22:15:54 | [Train-Epoch:114] multipart: 0.0286  obj: 0.0109  noobj: 0.0019  box: 0.0033  cls: 0.0000  
2024-01-07 22:17:00 | [Train-Epoch:115] multipart: 0.0289  obj: 0.0110  noobj: 0.0019  box: 0.0034  cls: 0.0000  
2024-01-07 22:18:05 | [Train-Epoch:116] multipart: 0.0290  obj: 0.0111  noobj: 0.0020  box: 0.0034  cls: 0.0000  
2024-01-07 22:19:11 | [Train-Epoch:117] multipart: 0.0281  obj: 0.0107  noobj: 0.0019  box: 0.0033  cls: 0.0000  
2024-01-07 22:20:18 | [Train-Epoch:118] multipart: 0.0288  obj: 0.0107  noobj: 0.0020  box: 0.0034  cls: 0.0000  
2024-01-07 22:21:23 | [Train-Epoch:119] multipart: 0.0283  obj: 0.0107  noobj: 0.0019  box: 0.0033  cls: 0.0000  
2024-01-07 22:22:29 | [Train-Epoch:120] multipart: 0.0290  obj: 0.0111  noobj: 0.0020  box: 0.0034  cls: 0.0000  
2024-01-07 22:23:04 | 
	 - Average Precision (AP) @[ IoU=0.50:0.95 | area=   all | maxDets=100 ] = 0.034
	 - Average Precision (AP) @[ IoU=0.50      | area=   all | maxDets=100 ] = 0.107
	 - Average Precision (AP) @[ IoU=0.75      | area=   all | maxDets=100 ] = 0.013
	 - Average Precision (AP) @[ IoU=0.50:0.95 | area= small | maxDets=100 ] = 0.000
	 - Average Precision (AP) @[ IoU=0.50      | area= small | maxDets=100 ] = 0.000
	 - Average Precision (AP) @[ IoU=0.50:0.95 | area=medium | maxDets=100 ] = 0.000
	 - Average Precision (AP) @[ IoU=0.50      | area=medium | maxDets=100 ] = 0.002
	 - Average Precision (AP) @[ IoU=0.50:0.95 | area= large | maxDets=100 ] = 0.094
	 - Average Precision (AP) @[ IoU=0.50      | area= large | maxDets=100 ] = 0.294

2024-01-07 22:24:08 | [Train-Epoch:121] multipart: 0.0284  obj: 0.0110  noobj: 0.0020  box: 0.0033  cls: 0.0000  
2024-01-07 22:25:13 | [Train-Epoch:122] multipart: 0.0278  obj: 0.0107  noobj: 0.0019  box: 0.0032  cls: 0.0000  
2024-01-07 22:26:19 | [Train-Epoch:123] multipart: 0.0283  obj: 0.0108  noobj: 0.0019  box: 0.0033  cls: 0.0000  
2024-01-07 22:27:25 | [Train-Epoch:124] multipart: 0.0298  obj: 0.0112  noobj: 0.0020  box: 0.0035  cls: 0.0000  
2024-01-07 22:28:31 | [Train-Epoch:125] multipart: 0.0284  obj: 0.0108  noobj: 0.0019  box: 0.0033  cls: 0.0000  
2024-01-07 22:29:37 | [Train-Epoch:126] multipart: 0.0288  obj: 0.0108  noobj: 0.0019  box: 0.0034  cls: 0.0000  
2024-01-07 22:30:43 | [Train-Epoch:127] multipart: 0.0284  obj: 0.0107  noobj: 0.0020  box: 0.0033  cls: 0.0000  
2024-01-07 22:31:49 | [Train-Epoch:128] multipart: 0.0280  obj: 0.0108  noobj: 0.0019  box: 0.0033  cls: 0.0000  
2024-01-07 22:32:55 | [Train-Epoch:129] multipart: 0.0293  obj: 0.0115  noobj: 0.0021  box: 0.0034  cls: 0.0000  
2024-01-07 22:34:01 | [Train-Epoch:130] multipart: 0.0286  obj: 0.0109  noobj: 0.0021  box: 0.0033  cls: 0.0000  
2024-01-07 22:34:37 | 
	 - Average Precision (AP) @[ IoU=0.50:0.95 | area=   all | maxDets=100 ] = 0.034
	 - Average Precision (AP) @[ IoU=0.50      | area=   all | maxDets=100 ] = 0.107
	 - Average Precision (AP) @[ IoU=0.75      | area=   all | maxDets=100 ] = 0.013
	 - Average Precision (AP) @[ IoU=0.50:0.95 | area= small | maxDets=100 ] = 0.000
	 - Average Precision (AP) @[ IoU=0.50      | area= small | maxDets=100 ] = 0.000
	 - Average Precision (AP) @[ IoU=0.50:0.95 | area=medium | maxDets=100 ] = 0.000
	 - Average Precision (AP) @[ IoU=0.50      | area=medium | maxDets=100 ] = 0.002
	 - Average Precision (AP) @[ IoU=0.50:0.95 | area= large | maxDets=100 ] = 0.095
	 - Average Precision (AP) @[ IoU=0.50      | area= large | maxDets=100 ] = 0.295

2024-01-07 22:35:41 | [Train-Epoch:131] multipart: 0.0277  obj: 0.0104  noobj: 0.0019  box: 0.0033  cls: 0.0000  
2024-01-07 22:36:48 | [Train-Epoch:132] multipart: 0.0280  obj: 0.0106  noobj: 0.0019  box: 0.0033  cls: 0.0000  
2024-01-07 22:37:54 | [Train-Epoch:133] multipart: 0.0282  obj: 0.0107  noobj: 0.0019  box: 0.0033  cls: 0.0000  
2024-01-07 22:38:59 | [Train-Epoch:134] multipart: 0.0285  obj: 0.0108  noobj: 0.0020  box: 0.0033  cls: 0.0000  
2024-01-07 22:40:05 | [Train-Epoch:135] multipart: 0.0285  obj: 0.0107  noobj: 0.0021  box: 0.0033  cls: 0.0000  
2024-01-07 22:41:11 | [Train-Epoch:136] multipart: 0.0288  obj: 0.0111  noobj: 0.0020  box: 0.0033  cls: 0.0000  
2024-01-07 22:42:18 | [Train-Epoch:137] multipart: 0.0281  obj: 0.0105  noobj: 0.0020  box: 0.0033  cls: 0.0000  
2024-01-07 22:43:24 | [Train-Epoch:138] multipart: 0.0285  obj: 0.0107  noobj: 0.0020  box: 0.0033  cls: 0.0000  
2024-01-07 22:44:30 | [Train-Epoch:139] multipart: 0.0281  obj: 0.0106  noobj: 0.0020  box: 0.0033  cls: 0.0000  
2024-01-07 22:45:35 | [Train-Epoch:140] multipart: 0.0285  obj: 0.0109  noobj: 0.0019  box: 0.0033  cls: 0.0000  
2024-01-07 22:46:10 | 
	 - Average Precision (AP) @[ IoU=0.50:0.95 | area=   all | maxDets=100 ] = 0.034
	 - Average Precision (AP) @[ IoU=0.50      | area=   all | maxDets=100 ] = 0.108
	 - Average Precision (AP) @[ IoU=0.75      | area=   all | maxDets=100 ] = 0.014
	 - Average Precision (AP) @[ IoU=0.50:0.95 | area= small | maxDets=100 ] = 0.000
	 - Average Precision (AP) @[ IoU=0.50      | area= small | maxDets=100 ] = 0.000
	 - Average Precision (AP) @[ IoU=0.50:0.95 | area=medium | maxDets=100 ] = 0.000
	 - Average Precision (AP) @[ IoU=0.50      | area=medium | maxDets=100 ] = 0.002
	 - Average Precision (AP) @[ IoU=0.50:0.95 | area= large | maxDets=100 ] = 0.095
	 - Average Precision (AP) @[ IoU=0.50      | area= large | maxDets=100 ] = 0.299

2024-01-07 22:47:15 | [Train-Epoch:141] multipart: 0.0286  obj: 0.0109  noobj: 0.0019  box: 0.0034  cls: 0.0000  
2024-01-07 22:48:21 | [Train-Epoch:142] multipart: 0.0280  obj: 0.0107  noobj: 0.0018  box: 0.0033  cls: 0.0000  
2024-01-07 22:49:27 | [Train-Epoch:143] multipart: 0.0278  obj: 0.0106  noobj: 0.0019  box: 0.0033  cls: 0.0000  
2024-01-07 22:50:33 | [Train-Epoch:144] multipart: 0.0279  obj: 0.0110  noobj: 0.0019  box: 0.0032  cls: 0.0000  
2024-01-07 22:51:39 | [Train-Epoch:145] multipart: 0.0282  obj: 0.0104  noobj: 0.0019  box: 0.0034  cls: 0.0000  
2024-01-07 22:52:45 | [Train-Epoch:146] multipart: 0.0282  obj: 0.0107  noobj: 0.0019  box: 0.0033  cls: 0.0000  
2024-01-07 22:54:19 | [Train-Epoch:147] multipart: 0.0286  obj: 0.0109  noobj: 0.0019  box: 0.0034  cls: 0.0000  
2024-01-07 22:55:25 | [Train-Epoch:148] multipart: 0.0279  obj: 0.0106  noobj: 0.0019  box: 0.0033  cls: 0.0000  
2024-01-07 22:56:31 | [Train-Epoch:149] multipart: 0.0281  obj: 0.0107  noobj: 0.0019  box: 0.0033  cls: 0.0000  
2024-01-07 22:57:37 | [Train-Epoch:150] multipart: 0.0278  obj: 0.0107  noobj: 0.0019  box: 0.0032  cls: 0.0000  
2024-01-07 22:58:13 | 
	 - Average Precision (AP) @[ IoU=0.50:0.95 | area=   all | maxDets=100 ] = 0.034
	 - Average Precision (AP) @[ IoU=0.50      | area=   all | maxDets=100 ] = 0.106
	 - Average Precision (AP) @[ IoU=0.75      | area=   all | maxDets=100 ] = 0.013
	 - Average Precision (AP) @[ IoU=0.50:0.95 | area= small | maxDets=100 ] = 0.000
	 - Average Precision (AP) @[ IoU=0.50      | area= small | maxDets=100 ] = 0.000
	 - Average Precision (AP) @[ IoU=0.50:0.95 | area=medium | maxDets=100 ] = 0.000
	 - Average Precision (AP) @[ IoU=0.50      | area=medium | maxDets=100 ] = 0.002
	 - Average Precision (AP) @[ IoU=0.50:0.95 | area= large | maxDets=100 ] = 0.094
	 - Average Precision (AP) @[ IoU=0.50      | area= large | maxDets=100 ] = 0.294

2024-01-07 22:58:13 | [Best mAP at 10]
	 - Average Precision (AP) @[ IoU=0.50:0.95 | area=   all | maxDets=100 ] = 0.034
	 - Average Precision (AP) @[ IoU=0.50      | area=   all | maxDets=100 ] = 0.110
	 - Average Precision (AP) @[ IoU=0.75      | area=   all | maxDets=100 ] = 0.012
	 - Average Precision (AP) @[ IoU=0.50:0.95 | area= small | maxDets=100 ] = 0.000
	 - Average Precision (AP) @[ IoU=0.50      | area= small | maxDets=100 ] = 0.000
	 - Average Precision (AP) @[ IoU=0.50:0.95 | area=medium | maxDets=100 ] = 0.000
	 - Average Precision (AP) @[ IoU=0.50      | area=medium | maxDets=100 ] = 0.002
	 - Average Precision (AP) @[ IoU=0.50:0.95 | area= large | maxDets=100 ] = 0.091
	 - Average Precision (AP) @[ IoU=0.50      | area= large | maxDets=100 ] = 0.297

