2024-01-08 18:38:42 | [Train-Epoch:001] multipart: 1.8140  obj: 0.1456  noobj: 0.2286  box: 0.3108  cls: 0.0000  
2024-01-08 18:40:16 | [Train-Epoch:002] multipart: 1.3025  obj: 0.1413  noobj: 0.1465  box: 0.2176  cls: 0.0000  
2024-01-08 18:41:50 | [Train-Epoch:003] multipart: 1.0830  obj: 0.1458  noobj: 0.1553  box: 0.1719  cls: 0.0000  
2024-01-08 18:43:25 | [Train-Epoch:004] multipart: 0.8896  obj: 0.1522  noobj: 0.1616  box: 0.1313  cls: 0.0000  
2024-01-08 18:45:00 | [Train-Epoch:005] multipart: 0.7333  obj: 0.1602  noobj: 0.1721  box: 0.0974  cls: 0.0000  
2024-01-08 18:46:34 | [Train-Epoch:006] multipart: 0.6099  obj: 0.1622  noobj: 0.1777  box: 0.0718  cls: 0.0000  
2024-01-08 18:48:09 | [Train-Epoch:007] multipart: 0.5297  obj: 0.1609  noobj: 0.1778  box: 0.0560  cls: 0.0000  
2024-01-08 18:49:43 | [Train-Epoch:008] multipart: 0.4692  obj: 0.1543  noobj: 0.1745  box: 0.0455  cls: 0.0000  
2024-01-08 18:51:17 | [Train-Epoch:009] multipart: 0.4195  obj: 0.1455  noobj: 0.1613  box: 0.0387  cls: 0.0000  
2024-01-08 18:52:52 | [Train-Epoch:010] multipart: 0.3813  obj: 0.1347  noobj: 0.1471  box: 0.0346  cls: 0.0000  
2024-01-08 18:53:36 | 
	 - Average Precision (AP) @[ IoU=0.50:0.95 | area=   all | maxDets=100 ] = 0.032
	 - Average Precision (AP) @[ IoU=0.50      | area=   all | maxDets=100 ] = 0.103
	 - Average Precision (AP) @[ IoU=0.75      | area=   all | maxDets=100 ] = 0.011
	 - Average Precision (AP) @[ IoU=0.50:0.95 | area= small | maxDets=100 ] = 0.000
	 - Average Precision (AP) @[ IoU=0.50      | area= small | maxDets=100 ] = 0.000
	 - Average Precision (AP) @[ IoU=0.50:0.95 | area=medium | maxDets=100 ] = 0.000
	 - Average Precision (AP) @[ IoU=0.50      | area=medium | maxDets=100 ] = 0.001
	 - Average Precision (AP) @[ IoU=0.50:0.95 | area= large | maxDets=100 ] = 0.086
	 - Average Precision (AP) @[ IoU=0.50      | area= large | maxDets=100 ] = 0.276

2024-01-08 18:55:12 | [Train-Epoch:011] multipart: 0.3424  obj: 0.1241  noobj: 0.1291  box: 0.0308  cls: 0.0000  
2024-01-08 18:56:48 | [Train-Epoch:012] multipart: 0.3113  obj: 0.1133  noobj: 0.1101  box: 0.0286  cls: 0.0000  
2024-01-08 18:58:22 | [Train-Epoch:013] multipart: 0.2793  obj: 0.1029  noobj: 0.0937  box: 0.0259  cls: 0.0000  
2024-01-08 18:59:54 | [Train-Epoch:014] multipart: 0.2546  obj: 0.0935  noobj: 0.0807  box: 0.0241  cls: 0.0000  
2024-01-08 19:01:27 | [Train-Epoch:015] multipart: 0.2280  obj: 0.0830  noobj: 0.0663  box: 0.0224  cls: 0.0000  
2024-01-08 19:03:02 | [Train-Epoch:016] multipart: 0.2106  obj: 0.0766  noobj: 0.0573  box: 0.0211  cls: 0.0000  
2024-01-08 19:04:36 | [Train-Epoch:017] multipart: 0.2000  obj: 0.0723  noobj: 0.0495  box: 0.0206  cls: 0.0000  
2024-01-08 19:06:10 | [Train-Epoch:018] multipart: 0.1828  obj: 0.0663  noobj: 0.0425  box: 0.0190  cls: 0.0000  
2024-01-08 19:07:44 | [Train-Epoch:019] multipart: 0.1677  obj: 0.0610  noobj: 0.0363  box: 0.0177  cls: 0.0000  
2024-01-08 19:09:15 | [Train-Epoch:020] multipart: 0.1597  obj: 0.0583  noobj: 0.0322  box: 0.0171  cls: 0.0000  
2024-01-08 19:10:00 | 
	 - Average Precision (AP) @[ IoU=0.50:0.95 | area=   all | maxDets=100 ] = 0.030
	 - Average Precision (AP) @[ IoU=0.50      | area=   all | maxDets=100 ] = 0.096
	 - Average Precision (AP) @[ IoU=0.75      | area=   all | maxDets=100 ] = 0.011
	 - Average Precision (AP) @[ IoU=0.50:0.95 | area= small | maxDets=100 ] = 0.000
	 - Average Precision (AP) @[ IoU=0.50      | area= small | maxDets=100 ] = 0.000
	 - Average Precision (AP) @[ IoU=0.50:0.95 | area=medium | maxDets=100 ] = 0.000
	 - Average Precision (AP) @[ IoU=0.50      | area=medium | maxDets=100 ] = 0.001
	 - Average Precision (AP) @[ IoU=0.50:0.95 | area= large | maxDets=100 ] = 0.083
	 - Average Precision (AP) @[ IoU=0.50      | area= large | maxDets=100 ] = 0.260

2024-01-08 19:11:48 | [Train-Epoch:021] multipart: 0.1502  obj: 0.0544  noobj: 0.0289  box: 0.0163  cls: 0.0000  
2024-01-08 19:13:22 | [Train-Epoch:022] multipart: 0.1413  obj: 0.0516  noobj: 0.0255  box: 0.0154  cls: 0.0000  
2024-01-08 19:14:58 | [Train-Epoch:023] multipart: 0.1372  obj: 0.0489  noobj: 0.0234  box: 0.0153  cls: 0.0000  
2024-01-08 19:16:32 | [Train-Epoch:024] multipart: 0.1299  obj: 0.0466  noobj: 0.0214  box: 0.0145  cls: 0.0000  
2024-01-08 19:18:06 | [Train-Epoch:025] multipart: 0.1190  obj: 0.0427  noobj: 0.0186  box: 0.0134  cls: 0.0000  
2024-01-08 19:19:40 | [Train-Epoch:026] multipart: 0.1142  obj: 0.0413  noobj: 0.0170  box: 0.0129  cls: 0.0000  
2024-01-08 19:21:13 | [Train-Epoch:027] multipart: 0.1113  obj: 0.0398  noobj: 0.0158  box: 0.0127  cls: 0.0000  
2024-01-08 19:22:47 | [Train-Epoch:028] multipart: 0.1053  obj: 0.0377  noobj: 0.0148  box: 0.0121  cls: 0.0000  
2024-01-08 19:24:22 | [Train-Epoch:029] multipart: 0.1049  obj: 0.0382  noobj: 0.0144  box: 0.0119  cls: 0.0000  
2024-01-08 19:25:55 | [Train-Epoch:030] multipart: 0.0996  obj: 0.0359  noobj: 0.0134  box: 0.0114  cls: 0.0000  
2024-01-08 19:26:41 | 
	 - Average Precision (AP) @[ IoU=0.50:0.95 | area=   all | maxDets=100 ] = 0.029
	 - Average Precision (AP) @[ IoU=0.50      | area=   all | maxDets=100 ] = 0.094
	 - Average Precision (AP) @[ IoU=0.75      | area=   all | maxDets=100 ] = 0.011
	 - Average Precision (AP) @[ IoU=0.50:0.95 | area= small | maxDets=100 ] = 0.000
	 - Average Precision (AP) @[ IoU=0.50      | area= small | maxDets=100 ] = 0.000
	 - Average Precision (AP) @[ IoU=0.50:0.95 | area=medium | maxDets=100 ] = 0.000
	 - Average Precision (AP) @[ IoU=0.50      | area=medium | maxDets=100 ] = 0.001
	 - Average Precision (AP) @[ IoU=0.50:0.95 | area= large | maxDets=100 ] = 0.081
	 - Average Precision (AP) @[ IoU=0.50      | area= large | maxDets=100 ] = 0.253

2024-01-08 19:28:14 | [Train-Epoch:031] multipart: 0.0955  obj: 0.0346  noobj: 0.0121  box: 0.0110  cls: 0.0000  
2024-01-08 19:29:59 | [Train-Epoch:032] multipart: 0.0948  obj: 0.0343  noobj: 0.0116  box: 0.0109  cls: 0.0000  
2024-01-08 19:32:01 | [Train-Epoch:033] multipart: 0.0905  obj: 0.0329  noobj: 0.0106  box: 0.0105  cls: 0.0000  
2024-01-08 19:33:35 | [Train-Epoch:034] multipart: 0.0876  obj: 0.0315  noobj: 0.0105  box: 0.0102  cls: 0.0000  
2024-01-08 19:35:10 | [Train-Epoch:035] multipart: 0.0843  obj: 0.0309  noobj: 0.0098  box: 0.0097  cls: 0.0000  
2024-01-08 19:36:44 | [Train-Epoch:036] multipart: 0.0833  obj: 0.0303  noobj: 0.0090  box: 0.0097  cls: 0.0000  
2024-01-08 19:38:18 | [Train-Epoch:037] multipart: 0.0829  obj: 0.0302  noobj: 0.0094  box: 0.0096  cls: 0.0000  
2024-01-08 19:39:53 | [Train-Epoch:038] multipart: 0.0790  obj: 0.0290  noobj: 0.0089  box: 0.0091  cls: 0.0000  
2024-01-08 19:41:27 | [Train-Epoch:039] multipart: 0.0760  obj: 0.0277  noobj: 0.0082  box: 0.0088  cls: 0.0000  
2024-01-08 19:43:01 | [Train-Epoch:040] multipart: 0.0757  obj: 0.0274  noobj: 0.0080  box: 0.0089  cls: 0.0000  
2024-01-08 19:43:40 | 
	 - Average Precision (AP) @[ IoU=0.50:0.95 | area=   all | maxDets=100 ] = 0.032
	 - Average Precision (AP) @[ IoU=0.50      | area=   all | maxDets=100 ] = 0.100
	 - Average Precision (AP) @[ IoU=0.75      | area=   all | maxDets=100 ] = 0.012
	 - Average Precision (AP) @[ IoU=0.50:0.95 | area= small | maxDets=100 ] = 0.000
	 - Average Precision (AP) @[ IoU=0.50      | area= small | maxDets=100 ] = 0.000
	 - Average Precision (AP) @[ IoU=0.50:0.95 | area=medium | maxDets=100 ] = 0.000
	 - Average Precision (AP) @[ IoU=0.50      | area=medium | maxDets=100 ] = 0.002
	 - Average Precision (AP) @[ IoU=0.50:0.95 | area= large | maxDets=100 ] = 0.086
	 - Average Precision (AP) @[ IoU=0.50      | area= large | maxDets=100 ] = 0.271

2024-01-08 19:44:57 | [Train-Epoch:041] multipart: 0.0759  obj: 0.0277  noobj: 0.0077  box: 0.0089  cls: 0.0000  
2024-01-08 19:46:15 | [Train-Epoch:042] multipart: 0.0726  obj: 0.0264  noobj: 0.0075  box: 0.0085  cls: 0.0000  
2024-01-08 19:47:36 | [Train-Epoch:043] multipart: 0.0722  obj: 0.0268  noobj: 0.0071  box: 0.0084  cls: 0.0000  
2024-01-08 19:48:56 | [Train-Epoch:044] multipart: 0.0688  obj: 0.0256  noobj: 0.0065  box: 0.0080  cls: 0.0000  
2024-01-08 19:50:16 | [Train-Epoch:045] multipart: 0.0685  obj: 0.0255  noobj: 0.0064  box: 0.0080  cls: 0.0000  
2024-01-08 19:51:39 | [Train-Epoch:046] multipart: 0.0661  obj: 0.0238  noobj: 0.0061  box: 0.0079  cls: 0.0000  
2024-01-08 19:53:10 | [Train-Epoch:047] multipart: 0.0664  obj: 0.0241  noobj: 0.0061  box: 0.0078  cls: 0.0000  
2024-01-08 19:54:42 | [Train-Epoch:048] multipart: 0.0628  obj: 0.0230  noobj: 0.0060  box: 0.0074  cls: 0.0000  
2024-01-08 19:56:15 | [Train-Epoch:049] multipart: 0.0622  obj: 0.0226  noobj: 0.0058  box: 0.0073  cls: 0.0000  
2024-01-08 19:57:49 | [Train-Epoch:050] multipart: 0.0613  obj: 0.0226  noobj: 0.0055  box: 0.0072  cls: 0.0000  
2024-01-08 19:58:35 | 
	 - Average Precision (AP) @[ IoU=0.50:0.95 | area=   all | maxDets=100 ] = 0.032
	 - Average Precision (AP) @[ IoU=0.50      | area=   all | maxDets=100 ] = 0.100
	 - Average Precision (AP) @[ IoU=0.75      | area=   all | maxDets=100 ] = 0.012
	 - Average Precision (AP) @[ IoU=0.50:0.95 | area= small | maxDets=100 ] = 0.000
	 - Average Precision (AP) @[ IoU=0.50      | area= small | maxDets=100 ] = 0.000
	 - Average Precision (AP) @[ IoU=0.50:0.95 | area=medium | maxDets=100 ] = 0.000
	 - Average Precision (AP) @[ IoU=0.50      | area=medium | maxDets=100 ] = 0.002
	 - Average Precision (AP) @[ IoU=0.50:0.95 | area= large | maxDets=100 ] = 0.087
	 - Average Precision (AP) @[ IoU=0.50      | area= large | maxDets=100 ] = 0.268

2024-01-08 20:00:00 | [Train-Epoch:051] multipart: 0.0590  obj: 0.0216  noobj: 0.0052  box: 0.0070  cls: 0.0000  
2024-01-08 20:01:56 | [Train-Epoch:052] multipart: 0.0605  obj: 0.0219  noobj: 0.0055  box: 0.0072  cls: 0.0000  
2024-01-08 20:03:55 | [Train-Epoch:053] multipart: 0.0568  obj: 0.0209  noobj: 0.0049  box: 0.0067  cls: 0.0000  
2024-01-08 20:05:43 | [Train-Epoch:054] multipart: 0.0577  obj: 0.0213  noobj: 0.0051  box: 0.0068  cls: 0.0000  
2024-01-08 20:07:15 | [Train-Epoch:055] multipart: 0.0575  obj: 0.0211  noobj: 0.0048  box: 0.0068  cls: 0.0000  
2024-01-08 20:08:48 | [Train-Epoch:056] multipart: 0.0558  obj: 0.0202  noobj: 0.0045  box: 0.0067  cls: 0.0000  
2024-01-08 20:10:21 | [Train-Epoch:057] multipart: 0.0553  obj: 0.0200  noobj: 0.0048  box: 0.0066  cls: 0.0000  
2024-01-08 20:11:53 | [Train-Epoch:058] multipart: 0.0548  obj: 0.0203  noobj: 0.0045  box: 0.0065  cls: 0.0000  
2024-01-08 20:13:01 | [Train-Epoch:059] multipart: 0.0539  obj: 0.0197  noobj: 0.0045  box: 0.0064  cls: 0.0000  
2024-01-08 20:14:13 | [Train-Epoch:060] multipart: 0.0533  obj: 0.0198  noobj: 0.0043  box: 0.0063  cls: 0.0000  
2024-01-08 20:14:50 | 
	 - Average Precision (AP) @[ IoU=0.50:0.95 | area=   all | maxDets=100 ] = 0.032
	 - Average Precision (AP) @[ IoU=0.50      | area=   all | maxDets=100 ] = 0.101
	 - Average Precision (AP) @[ IoU=0.75      | area=   all | maxDets=100 ] = 0.013
	 - Average Precision (AP) @[ IoU=0.50:0.95 | area= small | maxDets=100 ] = 0.000
	 - Average Precision (AP) @[ IoU=0.50      | area= small | maxDets=100 ] = 0.000
	 - Average Precision (AP) @[ IoU=0.50:0.95 | area=medium | maxDets=100 ] = 0.000
	 - Average Precision (AP) @[ IoU=0.50      | area=medium | maxDets=100 ] = 0.002
	 - Average Precision (AP) @[ IoU=0.50:0.95 | area= large | maxDets=100 ] = 0.087
	 - Average Precision (AP) @[ IoU=0.50      | area= large | maxDets=100 ] = 0.269

2024-01-08 20:15:55 | [Train-Epoch:061] multipart: 0.0512  obj: 0.0187  noobj: 0.0041  box: 0.0061  cls: 0.0000  
2024-01-08 20:17:02 | [Train-Epoch:062] multipart: 0.0504  obj: 0.0186  noobj: 0.0040  box: 0.0060  cls: 0.0000  
2024-01-08 20:18:14 | [Train-Epoch:063] multipart: 0.0513  obj: 0.0188  noobj: 0.0040  box: 0.0061  cls: 0.0000  
2024-01-08 20:19:30 | [Train-Epoch:064] multipart: 0.0506  obj: 0.0188  noobj: 0.0038  box: 0.0060  cls: 0.0000  
2024-01-08 20:20:45 | [Train-Epoch:065] multipart: 0.0502  obj: 0.0182  noobj: 0.0040  box: 0.0060  cls: 0.0000  
2024-01-08 20:22:00 | [Train-Epoch:066] multipart: 0.0480  obj: 0.0175  noobj: 0.0037  box: 0.0057  cls: 0.0000  
2024-01-08 20:23:16 | [Train-Epoch:067] multipart: 0.0484  obj: 0.0177  noobj: 0.0036  box: 0.0058  cls: 0.0000  
2024-01-08 20:24:29 | [Train-Epoch:068] multipart: 0.0462  obj: 0.0171  noobj: 0.0035  box: 0.0055  cls: 0.0000  
2024-01-08 20:25:57 | [Train-Epoch:069] multipart: 0.0466  obj: 0.0172  noobj: 0.0036  box: 0.0055  cls: 0.0000  
2024-01-08 20:27:24 | [Train-Epoch:070] multipart: 0.0457  obj: 0.0166  noobj: 0.0035  box: 0.0055  cls: 0.0000  
2024-01-08 20:28:02 | 
	 - Average Precision (AP) @[ IoU=0.50:0.95 | area=   all | maxDets=100 ] = 0.032
	 - Average Precision (AP) @[ IoU=0.50      | area=   all | maxDets=100 ] = 0.101
	 - Average Precision (AP) @[ IoU=0.75      | area=   all | maxDets=100 ] = 0.012
	 - Average Precision (AP) @[ IoU=0.50:0.95 | area= small | maxDets=100 ] = 0.000
	 - Average Precision (AP) @[ IoU=0.50      | area= small | maxDets=100 ] = 0.000
	 - Average Precision (AP) @[ IoU=0.50:0.95 | area=medium | maxDets=100 ] = 0.001
	 - Average Precision (AP) @[ IoU=0.50      | area=medium | maxDets=100 ] = 0.002
	 - Average Precision (AP) @[ IoU=0.50:0.95 | area= large | maxDets=100 ] = 0.088
	 - Average Precision (AP) @[ IoU=0.50      | area= large | maxDets=100 ] = 0.270

2024-01-08 20:29:16 | [Train-Epoch:071] multipart: 0.0455  obj: 0.0167  noobj: 0.0033  box: 0.0054  cls: 0.0000  
2024-01-08 20:30:40 | [Train-Epoch:072] multipart: 0.0455  obj: 0.0165  noobj: 0.0033  box: 0.0055  cls: 0.0000  
2024-01-08 20:32:17 | [Train-Epoch:073] multipart: 0.0459  obj: 0.0169  noobj: 0.0033  box: 0.0055  cls: 0.0000  
2024-01-08 20:33:55 | [Train-Epoch:074] multipart: 0.0436  obj: 0.0158  noobj: 0.0032  box: 0.0053  cls: 0.0000  
2024-01-08 20:35:32 | [Train-Epoch:075] multipart: 0.0432  obj: 0.0161  noobj: 0.0032  box: 0.0051  cls: 0.0000  
2024-01-08 20:37:01 | [Train-Epoch:076] multipart: 0.0423  obj: 0.0157  noobj: 0.0030  box: 0.0050  cls: 0.0000  
2024-01-08 20:38:43 | [Train-Epoch:077] multipart: 0.0434  obj: 0.0158  noobj: 0.0031  box: 0.0052  cls: 0.0000  
2024-01-08 20:40:13 | [Train-Epoch:078] multipart: 0.0432  obj: 0.0155  noobj: 0.0030  box: 0.0052  cls: 0.0000  
2024-01-08 20:41:48 | [Train-Epoch:079] multipart: 0.0419  obj: 0.0155  noobj: 0.0029  box: 0.0050  cls: 0.0000  
2024-01-08 20:43:04 | [Train-Epoch:080] multipart: 0.0420  obj: 0.0152  noobj: 0.0029  box: 0.0051  cls: 0.0000  
2024-01-08 20:43:42 | 
	 - Average Precision (AP) @[ IoU=0.50:0.95 | area=   all | maxDets=100 ] = 0.033
	 - Average Precision (AP) @[ IoU=0.50      | area=   all | maxDets=100 ] = 0.100
	 - Average Precision (AP) @[ IoU=0.75      | area=   all | maxDets=100 ] = 0.012
	 - Average Precision (AP) @[ IoU=0.50:0.95 | area= small | maxDets=100 ] = 0.000
	 - Average Precision (AP) @[ IoU=0.50      | area= small | maxDets=100 ] = 0.000
	 - Average Precision (AP) @[ IoU=0.50:0.95 | area=medium | maxDets=100 ] = 0.000
	 - Average Precision (AP) @[ IoU=0.50      | area=medium | maxDets=100 ] = 0.001
	 - Average Precision (AP) @[ IoU=0.50:0.95 | area= large | maxDets=100 ] = 0.088
	 - Average Precision (AP) @[ IoU=0.50      | area= large | maxDets=100 ] = 0.267

2024-01-08 20:44:56 | [Train-Epoch:081] multipart: 0.0398  obj: 0.0146  noobj: 0.0029  box: 0.0048  cls: 0.0000  
2024-01-08 20:46:12 | [Train-Epoch:082] multipart: 0.0412  obj: 0.0150  noobj: 0.0028  box: 0.0050  cls: 0.0000  
2024-01-08 20:47:30 | [Train-Epoch:083] multipart: 0.0399  obj: 0.0146  noobj: 0.0028  box: 0.0048  cls: 0.0000  
2024-01-08 20:49:02 | [Train-Epoch:084] multipart: 0.0397  obj: 0.0144  noobj: 0.0028  box: 0.0048  cls: 0.0000  
2024-01-08 20:50:36 | [Train-Epoch:085] multipart: 0.0396  obj: 0.0146  noobj: 0.0027  box: 0.0047  cls: 0.0000  
2024-01-08 20:52:11 | [Train-Epoch:086] multipart: 0.0394  obj: 0.0149  noobj: 0.0028  box: 0.0046  cls: 0.0000  
2024-01-08 20:53:47 | [Train-Epoch:087] multipart: 0.0401  obj: 0.0147  noobj: 0.0027  box: 0.0048  cls: 0.0000  
2024-01-08 20:55:21 | [Train-Epoch:088] multipart: 0.0397  obj: 0.0145  noobj: 0.0026  box: 0.0048  cls: 0.0000  
2024-01-08 20:56:56 | [Train-Epoch:089] multipart: 0.0384  obj: 0.0143  noobj: 0.0026  box: 0.0046  cls: 0.0000  
2024-01-08 20:58:40 | [Train-Epoch:090] multipart: 0.0382  obj: 0.0140  noobj: 0.0025  box: 0.0046  cls: 0.0000  
2024-01-08 20:59:33 | 
	 - Average Precision (AP) @[ IoU=0.50:0.95 | area=   all | maxDets=100 ] = 0.034
	 - Average Precision (AP) @[ IoU=0.50      | area=   all | maxDets=100 ] = 0.103
	 - Average Precision (AP) @[ IoU=0.75      | area=   all | maxDets=100 ] = 0.014
	 - Average Precision (AP) @[ IoU=0.50:0.95 | area= small | maxDets=100 ] = 0.000
	 - Average Precision (AP) @[ IoU=0.50      | area= small | maxDets=100 ] = 0.000
	 - Average Precision (AP) @[ IoU=0.50:0.95 | area=medium | maxDets=100 ] = 0.000
	 - Average Precision (AP) @[ IoU=0.50      | area=medium | maxDets=100 ] = 0.002
	 - Average Precision (AP) @[ IoU=0.50:0.95 | area= large | maxDets=100 ] = 0.092
	 - Average Precision (AP) @[ IoU=0.50      | area= large | maxDets=100 ] = 0.276

2024-01-08 21:01:05 | [Train-Epoch:091] multipart: 0.0352  obj: 0.0131  noobj: 0.0024  box: 0.0042  cls: 0.0000  
2024-01-08 21:02:39 | [Train-Epoch:092] multipart: 0.0346  obj: 0.0128  noobj: 0.0023  box: 0.0041  cls: 0.0000  
2024-01-08 21:04:15 | [Train-Epoch:093] multipart: 0.0335  obj: 0.0126  noobj: 0.0023  box: 0.0039  cls: 0.0000  
2024-01-08 21:05:50 | [Train-Epoch:094] multipart: 0.0338  obj: 0.0124  noobj: 0.0024  box: 0.0040  cls: 0.0000  
2024-01-08 21:07:26 | [Train-Epoch:095] multipart: 0.0321  obj: 0.0121  noobj: 0.0023  box: 0.0038  cls: 0.0000  
2024-01-08 21:09:00 | [Train-Epoch:096] multipart: 0.0318  obj: 0.0119  noobj: 0.0024  box: 0.0037  cls: 0.0000  
2024-01-08 21:10:35 | [Train-Epoch:097] multipart: 0.0318  obj: 0.0120  noobj: 0.0022  box: 0.0037  cls: 0.0000  
2024-01-08 21:12:09 | [Train-Epoch:098] multipart: 0.0314  obj: 0.0120  noobj: 0.0022  box: 0.0037  cls: 0.0000  
2024-01-08 21:13:43 | [Train-Epoch:099] multipart: 0.0310  obj: 0.0117  noobj: 0.0024  box: 0.0036  cls: 0.0000  
2024-01-08 21:15:16 | [Train-Epoch:100] multipart: 0.0317  obj: 0.0120  noobj: 0.0023  box: 0.0037  cls: 0.0000  
2024-01-08 21:16:02 | 
	 - Average Precision (AP) @[ IoU=0.50:0.95 | area=   all | maxDets=100 ] = 0.033
	 - Average Precision (AP) @[ IoU=0.50      | area=   all | maxDets=100 ] = 0.101
	 - Average Precision (AP) @[ IoU=0.75      | area=   all | maxDets=100 ] = 0.013
	 - Average Precision (AP) @[ IoU=0.50:0.95 | area= small | maxDets=100 ] = 0.000
	 - Average Precision (AP) @[ IoU=0.50      | area= small | maxDets=100 ] = 0.000
	 - Average Precision (AP) @[ IoU=0.50:0.95 | area=medium | maxDets=100 ] = 0.000
	 - Average Precision (AP) @[ IoU=0.50      | area=medium | maxDets=100 ] = 0.002
	 - Average Precision (AP) @[ IoU=0.50:0.95 | area= large | maxDets=100 ] = 0.089
	 - Average Precision (AP) @[ IoU=0.50      | area= large | maxDets=100 ] = 0.272

2024-01-08 21:17:36 | [Train-Epoch:101] multipart: 0.0306  obj: 0.0116  noobj: 0.0022  box: 0.0036  cls: 0.0000  
2024-01-08 21:19:57 | [Train-Epoch:102] multipart: 0.0301  obj: 0.0111  noobj: 0.0021  box: 0.0036  cls: 0.0000  
2024-01-08 21:21:31 | [Train-Epoch:103] multipart: 0.0298  obj: 0.0110  noobj: 0.0022  box: 0.0035  cls: 0.0000  
2024-01-08 21:23:05 | [Train-Epoch:104] multipart: 0.0295  obj: 0.0112  noobj: 0.0021  box: 0.0035  cls: 0.0000  
2024-01-08 21:24:41 | [Train-Epoch:105] multipart: 0.0301  obj: 0.0113  noobj: 0.0021  box: 0.0036  cls: 0.0000  
2024-01-08 21:26:15 | [Train-Epoch:106] multipart: 0.0297  obj: 0.0112  noobj: 0.0021  box: 0.0035  cls: 0.0000  
2024-01-08 21:27:49 | [Train-Epoch:107] multipart: 0.0292  obj: 0.0108  noobj: 0.0021  box: 0.0035  cls: 0.0000  
2024-01-08 21:29:25 | [Train-Epoch:108] multipart: 0.0303  obj: 0.0115  noobj: 0.0022  box: 0.0035  cls: 0.0000  
2024-01-08 21:30:59 | [Train-Epoch:109] multipart: 0.0299  obj: 0.0110  noobj: 0.0021  box: 0.0036  cls: 0.0000  
2024-01-08 21:32:34 | [Train-Epoch:110] multipart: 0.0295  obj: 0.0108  noobj: 0.0021  box: 0.0035  cls: 0.0000  
2024-01-08 21:33:20 | 
	 - Average Precision (AP) @[ IoU=0.50:0.95 | area=   all | maxDets=100 ] = 0.033
	 - Average Precision (AP) @[ IoU=0.50      | area=   all | maxDets=100 ] = 0.100
	 - Average Precision (AP) @[ IoU=0.75      | area=   all | maxDets=100 ] = 0.013
	 - Average Precision (AP) @[ IoU=0.50:0.95 | area= small | maxDets=100 ] = 0.000
	 - Average Precision (AP) @[ IoU=0.50      | area= small | maxDets=100 ] = 0.000
	 - Average Precision (AP) @[ IoU=0.50:0.95 | area=medium | maxDets=100 ] = 0.000
	 - Average Precision (AP) @[ IoU=0.50      | area=medium | maxDets=100 ] = 0.002
	 - Average Precision (AP) @[ IoU=0.50:0.95 | area= large | maxDets=100 ] = 0.089
	 - Average Precision (AP) @[ IoU=0.50      | area= large | maxDets=100 ] = 0.268

2024-01-08 21:34:52 | [Train-Epoch:111] multipart: 0.0304  obj: 0.0115  noobj: 0.0020  box: 0.0036  cls: 0.0000  
2024-01-08 21:36:27 | [Train-Epoch:112] multipart: 0.0296  obj: 0.0112  noobj: 0.0021  box: 0.0035  cls: 0.0000  
2024-01-08 21:38:14 | [Train-Epoch:113] multipart: 0.0292  obj: 0.0109  noobj: 0.0020  box: 0.0035  cls: 0.0000  
2024-01-08 21:39:51 | [Train-Epoch:114] multipart: 0.0286  obj: 0.0107  noobj: 0.0020  box: 0.0034  cls: 0.0000  
2024-01-08 21:41:26 | [Train-Epoch:115] multipart: 0.0291  obj: 0.0111  noobj: 0.0020  box: 0.0034  cls: 0.0000  
2024-01-08 21:43:01 | [Train-Epoch:116] multipart: 0.0294  obj: 0.0113  noobj: 0.0020  box: 0.0034  cls: 0.0000  
2024-01-08 21:44:35 | [Train-Epoch:117] multipart: 0.0284  obj: 0.0110  noobj: 0.0019  box: 0.0033  cls: 0.0000  
2024-01-08 21:46:10 | [Train-Epoch:118] multipart: 0.0298  obj: 0.0115  noobj: 0.0020  box: 0.0035  cls: 0.0000  
2024-01-08 21:47:46 | [Train-Epoch:119] multipart: 0.0285  obj: 0.0107  noobj: 0.0019  box: 0.0034  cls: 0.0000  
2024-01-08 21:49:22 | [Train-Epoch:120] multipart: 0.0294  obj: 0.0111  noobj: 0.0020  box: 0.0035  cls: 0.0000  
2024-01-08 21:50:07 | 
	 - Average Precision (AP) @[ IoU=0.50:0.95 | area=   all | maxDets=100 ] = 0.033
	 - Average Precision (AP) @[ IoU=0.50      | area=   all | maxDets=100 ] = 0.101
	 - Average Precision (AP) @[ IoU=0.75      | area=   all | maxDets=100 ] = 0.013
	 - Average Precision (AP) @[ IoU=0.50:0.95 | area= small | maxDets=100 ] = 0.000
	 - Average Precision (AP) @[ IoU=0.50      | area= small | maxDets=100 ] = 0.000
	 - Average Precision (AP) @[ IoU=0.50:0.95 | area=medium | maxDets=100 ] = 0.001
	 - Average Precision (AP) @[ IoU=0.50      | area=medium | maxDets=100 ] = 0.002
	 - Average Precision (AP) @[ IoU=0.50:0.95 | area= large | maxDets=100 ] = 0.089
	 - Average Precision (AP) @[ IoU=0.50      | area= large | maxDets=100 ] = 0.270

2024-01-08 21:51:41 | [Train-Epoch:121] multipart: 0.0278  obj: 0.0105  noobj: 0.0020  box: 0.0033  cls: 0.0000  
2024-01-08 21:53:17 | [Train-Epoch:122] multipart: 0.0282  obj: 0.0108  noobj: 0.0019  box: 0.0033  cls: 0.0000  
2024-01-08 21:54:54 | [Train-Epoch:123] multipart: 0.0286  obj: 0.0108  noobj: 0.0020  box: 0.0034  cls: 0.0000  
2024-01-08 21:56:31 | [Train-Epoch:124] multipart: 0.0299  obj: 0.0112  noobj: 0.0021  box: 0.0035  cls: 0.0000  
2024-01-08 21:58:06 | [Train-Epoch:125] multipart: 0.0286  obj: 0.0108  noobj: 0.0019  box: 0.0034  cls: 0.0000  
2024-01-08 21:59:40 | [Train-Epoch:126] multipart: 0.0289  obj: 0.0109  noobj: 0.0019  box: 0.0034  cls: 0.0000  
2024-01-08 22:01:13 | [Train-Epoch:127] multipart: 0.0289  obj: 0.0110  noobj: 0.0019  box: 0.0034  cls: 0.0000  
2024-01-08 22:02:48 | [Train-Epoch:128] multipart: 0.0277  obj: 0.0104  noobj: 0.0019  box: 0.0033  cls: 0.0000  
2024-01-08 22:04:23 | [Train-Epoch:129] multipart: 0.0291  obj: 0.0111  noobj: 0.0021  box: 0.0034  cls: 0.0000  
2024-01-08 22:05:57 | [Train-Epoch:130] multipart: 0.0288  obj: 0.0112  noobj: 0.0021  box: 0.0033  cls: 0.0000  
2024-01-08 22:06:43 | 
	 - Average Precision (AP) @[ IoU=0.50:0.95 | area=   all | maxDets=100 ] = 0.033
	 - Average Precision (AP) @[ IoU=0.50      | area=   all | maxDets=100 ] = 0.102
	 - Average Precision (AP) @[ IoU=0.75      | area=   all | maxDets=100 ] = 0.013
	 - Average Precision (AP) @[ IoU=0.50:0.95 | area= small | maxDets=100 ] = 0.000
	 - Average Precision (AP) @[ IoU=0.50      | area= small | maxDets=100 ] = 0.000
	 - Average Precision (AP) @[ IoU=0.50:0.95 | area=medium | maxDets=100 ] = 0.001
	 - Average Precision (AP) @[ IoU=0.50      | area=medium | maxDets=100 ] = 0.002
	 - Average Precision (AP) @[ IoU=0.50:0.95 | area= large | maxDets=100 ] = 0.089
	 - Average Precision (AP) @[ IoU=0.50      | area= large | maxDets=100 ] = 0.273

2024-01-08 22:08:16 | [Train-Epoch:131] multipart: 0.0285  obj: 0.0109  noobj: 0.0021  box: 0.0033  cls: 0.0000  
2024-01-08 22:09:50 | [Train-Epoch:132] multipart: 0.0283  obj: 0.0108  noobj: 0.0019  box: 0.0033  cls: 0.0000  
2024-01-08 22:11:27 | [Train-Epoch:133] multipart: 0.0284  obj: 0.0107  noobj: 0.0020  box: 0.0033  cls: 0.0000  
2024-01-08 22:13:03 | [Train-Epoch:134] multipart: 0.0287  obj: 0.0108  noobj: 0.0019  box: 0.0034  cls: 0.0000  
2024-01-08 22:14:39 | [Train-Epoch:135] multipart: 0.0289  obj: 0.0110  noobj: 0.0021  box: 0.0034  cls: 0.0000  
2024-01-08 22:16:13 | [Train-Epoch:136] multipart: 0.0283  obj: 0.0106  noobj: 0.0019  box: 0.0033  cls: 0.0000  
2024-01-08 22:18:07 | [Train-Epoch:137] multipart: 0.0285  obj: 0.0108  noobj: 0.0019  box: 0.0033  cls: 0.0000  
2024-01-08 22:19:43 | [Train-Epoch:138] multipart: 0.0294  obj: 0.0115  noobj: 0.0020  box: 0.0034  cls: 0.0000  
2024-01-08 22:21:19 | [Train-Epoch:139] multipart: 0.0285  obj: 0.0110  noobj: 0.0020  box: 0.0033  cls: 0.0000  
2024-01-08 22:22:54 | [Train-Epoch:140] multipart: 0.0290  obj: 0.0111  noobj: 0.0020  box: 0.0034  cls: 0.0000  
2024-01-08 22:23:40 | 
	 - Average Precision (AP) @[ IoU=0.50:0.95 | area=   all | maxDets=100 ] = 0.033
	 - Average Precision (AP) @[ IoU=0.50      | area=   all | maxDets=100 ] = 0.101
	 - Average Precision (AP) @[ IoU=0.75      | area=   all | maxDets=100 ] = 0.013
	 - Average Precision (AP) @[ IoU=0.50:0.95 | area= small | maxDets=100 ] = 0.000
	 - Average Precision (AP) @[ IoU=0.50      | area= small | maxDets=100 ] = 0.000
	 - Average Precision (AP) @[ IoU=0.50:0.95 | area=medium | maxDets=100 ] = 0.000
	 - Average Precision (AP) @[ IoU=0.50      | area=medium | maxDets=100 ] = 0.002
	 - Average Precision (AP) @[ IoU=0.50:0.95 | area= large | maxDets=100 ] = 0.089
	 - Average Precision (AP) @[ IoU=0.50      | area= large | maxDets=100 ] = 0.270

2024-01-08 22:25:14 | [Train-Epoch:141] multipart: 0.0287  obj: 0.0110  noobj: 0.0019  box: 0.0033  cls: 0.0000  
2024-01-08 22:26:51 | [Train-Epoch:142] multipart: 0.0284  obj: 0.0110  noobj: 0.0019  box: 0.0033  cls: 0.0000  
2024-01-08 22:28:28 | [Train-Epoch:143] multipart: 0.0281  obj: 0.0106  noobj: 0.0019  box: 0.0033  cls: 0.0000  
2024-01-08 22:30:02 | [Train-Epoch:144] multipart: 0.0283  obj: 0.0110  noobj: 0.0019  box: 0.0033  cls: 0.0000  
2024-01-08 22:31:38 | [Train-Epoch:145] multipart: 0.0284  obj: 0.0107  noobj: 0.0019  box: 0.0033  cls: 0.0000  
2024-01-08 22:33:16 | [Train-Epoch:146] multipart: 0.0283  obj: 0.0108  noobj: 0.0019  box: 0.0033  cls: 0.0000  
2024-01-08 22:34:53 | [Train-Epoch:147] multipart: 0.0292  obj: 0.0111  noobj: 0.0020  box: 0.0034  cls: 0.0000  
2024-01-08 22:36:29 | [Train-Epoch:148] multipart: 0.0288  obj: 0.0111  noobj: 0.0019  box: 0.0033  cls: 0.0000  
2024-01-08 22:38:05 | [Train-Epoch:149] multipart: 0.0285  obj: 0.0109  noobj: 0.0019  box: 0.0033  cls: 0.0000  
2024-01-08 22:39:40 | [Train-Epoch:150] multipart: 0.0278  obj: 0.0107  noobj: 0.0019  box: 0.0032  cls: 0.0000  
2024-01-08 22:40:24 | 
	 - Average Precision (AP) @[ IoU=0.50:0.95 | area=   all | maxDets=100 ] = 0.033
	 - Average Precision (AP) @[ IoU=0.50      | area=   all | maxDets=100 ] = 0.100
	 - Average Precision (AP) @[ IoU=0.75      | area=   all | maxDets=100 ] = 0.013
	 - Average Precision (AP) @[ IoU=0.50:0.95 | area= small | maxDets=100 ] = 0.000
	 - Average Precision (AP) @[ IoU=0.50      | area= small | maxDets=100 ] = 0.000
	 - Average Precision (AP) @[ IoU=0.50:0.95 | area=medium | maxDets=100 ] = 0.000
	 - Average Precision (AP) @[ IoU=0.50      | area=medium | maxDets=100 ] = 0.002
	 - Average Precision (AP) @[ IoU=0.50:0.95 | area= large | maxDets=100 ] = 0.089
	 - Average Precision (AP) @[ IoU=0.50      | area= large | maxDets=100 ] = 0.270

2024-01-08 22:41:57 | [Train-Epoch:151] multipart: 0.0278  obj: 0.0107  noobj: 0.0019  box: 0.0032  cls: 0.0000  
2024-01-08 22:43:35 | [Train-Epoch:152] multipart: 0.0290  obj: 0.0108  noobj: 0.0019  box: 0.0034  cls: 0.0000  
2024-01-08 22:45:09 | [Train-Epoch:153] multipart: 0.0287  obj: 0.0111  noobj: 0.0020  box: 0.0033  cls: 0.0000  
2024-01-08 22:46:44 | [Train-Epoch:154] multipart: 0.0279  obj: 0.0105  noobj: 0.0019  box: 0.0033  cls: 0.0000  
2024-01-08 22:48:18 | [Train-Epoch:155] multipart: 0.0288  obj: 0.0110  noobj: 0.0020  box: 0.0034  cls: 0.0000  
2024-01-08 22:49:53 | [Train-Epoch:156] multipart: 0.0282  obj: 0.0108  noobj: 0.0019  box: 0.0033  cls: 0.0000  
2024-01-08 22:51:29 | [Train-Epoch:157] multipart: 0.0281  obj: 0.0107  noobj: 0.0019  box: 0.0033  cls: 0.0000  
2024-01-08 22:53:29 | [Train-Epoch:158] multipart: 0.0272  obj: 0.0106  noobj: 0.0018  box: 0.0031  cls: 0.0000  
2024-01-08 22:55:21 | [Train-Epoch:159] multipart: 0.0288  obj: 0.0112  noobj: 0.0019  box: 0.0033  cls: 0.0000  
2024-01-08 22:57:15 | [Train-Epoch:160] multipart: 0.0286  obj: 0.0108  noobj: 0.0020  box: 0.0034  cls: 0.0000  
2024-01-08 22:58:00 | 
	 - Average Precision (AP) @[ IoU=0.50:0.95 | area=   all | maxDets=100 ] = 0.033
	 - Average Precision (AP) @[ IoU=0.50      | area=   all | maxDets=100 ] = 0.102
	 - Average Precision (AP) @[ IoU=0.75      | area=   all | maxDets=100 ] = 0.013
	 - Average Precision (AP) @[ IoU=0.50:0.95 | area= small | maxDets=100 ] = 0.000
	 - Average Precision (AP) @[ IoU=0.50      | area= small | maxDets=100 ] = 0.000
	 - Average Precision (AP) @[ IoU=0.50:0.95 | area=medium | maxDets=100 ] = 0.000
	 - Average Precision (AP) @[ IoU=0.50      | area=medium | maxDets=100 ] = 0.002
	 - Average Precision (AP) @[ IoU=0.50:0.95 | area= large | maxDets=100 ] = 0.089
	 - Average Precision (AP) @[ IoU=0.50      | area= large | maxDets=100 ] = 0.272

2024-01-08 22:59:36 | [Train-Epoch:161] multipart: 0.0284  obj: 0.0109  noobj: 0.0019  box: 0.0033  cls: 0.0000  
2024-01-08 23:01:14 | [Train-Epoch:162] multipart: 0.0270  obj: 0.0102  noobj: 0.0018  box: 0.0032  cls: 0.0000  
2024-01-08 23:02:47 | [Train-Epoch:163] multipart: 0.0277  obj: 0.0105  noobj: 0.0019  box: 0.0032  cls: 0.0000  
2024-01-08 23:04:22 | [Train-Epoch:164] multipart: 0.0280  obj: 0.0105  noobj: 0.0019  box: 0.0033  cls: 0.0000  
2024-01-08 23:05:58 | [Train-Epoch:165] multipart: 0.0283  obj: 0.0108  noobj: 0.0019  box: 0.0033  cls: 0.0000  
2024-01-08 23:07:35 | [Train-Epoch:166] multipart: 0.0278  obj: 0.0109  noobj: 0.0018  box: 0.0032  cls: 0.0000  
2024-01-08 23:09:10 | [Train-Epoch:167] multipart: 0.0282  obj: 0.0106  noobj: 0.0019  box: 0.0033  cls: 0.0000  
2024-01-08 23:10:46 | [Train-Epoch:168] multipart: 0.0286  obj: 0.0109  noobj: 0.0020  box: 0.0033  cls: 0.0000  
2024-01-08 23:12:22 | [Train-Epoch:169] multipart: 0.0283  obj: 0.0109  noobj: 0.0019  box: 0.0033  cls: 0.0000  
2024-01-08 23:13:56 | [Train-Epoch:170] multipart: 0.0283  obj: 0.0107  noobj: 0.0020  box: 0.0033  cls: 0.0000  
2024-01-08 23:14:42 | 
	 - Average Precision (AP) @[ IoU=0.50:0.95 | area=   all | maxDets=100 ] = 0.033
	 - Average Precision (AP) @[ IoU=0.50      | area=   all | maxDets=100 ] = 0.101
	 - Average Precision (AP) @[ IoU=0.75      | area=   all | maxDets=100 ] = 0.012
	 - Average Precision (AP) @[ IoU=0.50:0.95 | area= small | maxDets=100 ] = 0.000
	 - Average Precision (AP) @[ IoU=0.50      | area= small | maxDets=100 ] = 0.000
	 - Average Precision (AP) @[ IoU=0.50:0.95 | area=medium | maxDets=100 ] = 0.001
	 - Average Precision (AP) @[ IoU=0.50      | area=medium | maxDets=100 ] = 0.002
	 - Average Precision (AP) @[ IoU=0.50:0.95 | area= large | maxDets=100 ] = 0.088
	 - Average Precision (AP) @[ IoU=0.50      | area= large | maxDets=100 ] = 0.271

2024-01-08 23:16:16 | [Train-Epoch:171] multipart: 0.0283  obj: 0.0108  noobj: 0.0020  box: 0.0033  cls: 0.0000  
2024-01-08 23:17:50 | [Train-Epoch:172] multipart: 0.0280  obj: 0.0106  noobj: 0.0019  box: 0.0033  cls: 0.0000  
2024-01-08 23:19:25 | [Train-Epoch:173] multipart: 0.0286  obj: 0.0107  noobj: 0.0020  box: 0.0034  cls: 0.0000  
2024-01-08 23:21:00 | [Train-Epoch:174] multipart: 0.0282  obj: 0.0107  noobj: 0.0019  box: 0.0033  cls: 0.0000  
2024-01-08 23:22:36 | [Train-Epoch:175] multipart: 0.0275  obj: 0.0105  noobj: 0.0018  box: 0.0032  cls: 0.0000  
2024-01-08 23:24:52 | [Train-Epoch:176] multipart: 0.0284  obj: 0.0107  noobj: 0.0019  box: 0.0033  cls: 0.0000  
2024-01-08 23:27:06 | [Train-Epoch:177] multipart: 0.0284  obj: 0.0110  noobj: 0.0019  box: 0.0033  cls: 0.0000  
2024-01-08 23:29:58 | [Train-Epoch:178] multipart: 0.0283  obj: 0.0108  noobj: 0.0019  box: 0.0033  cls: 0.0000  
2024-01-08 23:32:43 | [Train-Epoch:179] multipart: 0.0284  obj: 0.0109  noobj: 0.0019  box: 0.0033  cls: 0.0000  
2024-01-08 23:34:17 | [Train-Epoch:180] multipart: 0.0277  obj: 0.0105  noobj: 0.0018  box: 0.0032  cls: 0.0000  
2024-01-08 23:35:14 | 
	 - Average Precision (AP) @[ IoU=0.50:0.95 | area=   all | maxDets=100 ] = 0.033
	 - Average Precision (AP) @[ IoU=0.50      | area=   all | maxDets=100 ] = 0.102
	 - Average Precision (AP) @[ IoU=0.75      | area=   all | maxDets=100 ] = 0.013
	 - Average Precision (AP) @[ IoU=0.50:0.95 | area= small | maxDets=100 ] = 0.000
	 - Average Precision (AP) @[ IoU=0.50      | area= small | maxDets=100 ] = 0.000
	 - Average Precision (AP) @[ IoU=0.50:0.95 | area=medium | maxDets=100 ] = 0.000
	 - Average Precision (AP) @[ IoU=0.50      | area=medium | maxDets=100 ] = 0.002
	 - Average Precision (AP) @[ IoU=0.50:0.95 | area= large | maxDets=100 ] = 0.090
	 - Average Precision (AP) @[ IoU=0.50      | area= large | maxDets=100 ] = 0.272

2024-01-08 23:37:11 | [Train-Epoch:181] multipart: 0.0284  obj: 0.0108  noobj: 0.0020  box: 0.0033  cls: 0.0000  
2024-01-08 23:39:07 | [Train-Epoch:182] multipart: 0.0282  obj: 0.0105  noobj: 0.0021  box: 0.0033  cls: 0.0000  
2024-01-08 23:41:08 | [Train-Epoch:183] multipart: 0.0279  obj: 0.0106  noobj: 0.0019  box: 0.0033  cls: 0.0000  
2024-01-08 23:43:11 | [Train-Epoch:184] multipart: 0.0281  obj: 0.0107  noobj: 0.0019  box: 0.0033  cls: 0.0000  
2024-01-08 23:45:09 | [Train-Epoch:185] multipart: 0.0279  obj: 0.0106  noobj: 0.0019  box: 0.0033  cls: 0.0000  
2024-01-08 23:47:08 | [Train-Epoch:186] multipart: 0.0283  obj: 0.0107  noobj: 0.0019  box: 0.0033  cls: 0.0000  
2024-01-08 23:49:07 | [Train-Epoch:187] multipart: 0.0279  obj: 0.0105  noobj: 0.0020  box: 0.0033  cls: 0.0000  
2024-01-08 23:51:07 | [Train-Epoch:188] multipart: 0.0278  obj: 0.0105  noobj: 0.0018  box: 0.0033  cls: 0.0000  
2024-01-08 23:53:07 | [Train-Epoch:189] multipart: 0.0277  obj: 0.0104  noobj: 0.0019  box: 0.0033  cls: 0.0000  
2024-01-08 23:54:57 | [Train-Epoch:190] multipart: 0.0281  obj: 0.0107  noobj: 0.0019  box: 0.0033  cls: 0.0000  
2024-01-08 23:55:36 | 
	 - Average Precision (AP) @[ IoU=0.50:0.95 | area=   all | maxDets=100 ] = 0.033
	 - Average Precision (AP) @[ IoU=0.50      | area=   all | maxDets=100 ] = 0.102
	 - Average Precision (AP) @[ IoU=0.75      | area=   all | maxDets=100 ] = 0.013
	 - Average Precision (AP) @[ IoU=0.50:0.95 | area= small | maxDets=100 ] = 0.000
	 - Average Precision (AP) @[ IoU=0.50      | area= small | maxDets=100 ] = 0.000
	 - Average Precision (AP) @[ IoU=0.50:0.95 | area=medium | maxDets=100 ] = 0.000
	 - Average Precision (AP) @[ IoU=0.50      | area=medium | maxDets=100 ] = 0.002
	 - Average Precision (AP) @[ IoU=0.50:0.95 | area= large | maxDets=100 ] = 0.090
	 - Average Precision (AP) @[ IoU=0.50      | area= large | maxDets=100 ] = 0.275

2024-01-08 23:56:54 | [Train-Epoch:191] multipart: 0.0275  obj: 0.0104  noobj: 0.0018  box: 0.0032  cls: 0.0000  
2024-01-08 23:58:16 | [Train-Epoch:192] multipart: 0.0283  obj: 0.0108  noobj: 0.0020  box: 0.0033  cls: 0.0000  
2024-01-08 23:59:35 | [Train-Epoch:193] multipart: 0.0284  obj: 0.0110  noobj: 0.0019  box: 0.0033  cls: 0.0000  
2024-01-09 00:00:54 | [Train-Epoch:194] multipart: 0.0281  obj: 0.0107  noobj: 0.0019  box: 0.0033  cls: 0.0000  
2024-01-09 00:02:14 | [Train-Epoch:195] multipart: 0.0279  obj: 0.0106  noobj: 0.0019  box: 0.0033  cls: 0.0000  
2024-01-09 00:03:33 | [Train-Epoch:196] multipart: 0.0280  obj: 0.0108  noobj: 0.0019  box: 0.0032  cls: 0.0000  
2024-01-09 00:04:55 | [Train-Epoch:197] multipart: 0.0279  obj: 0.0106  noobj: 0.0020  box: 0.0033  cls: 0.0000  
2024-01-09 00:06:15 | [Train-Epoch:198] multipart: 0.0280  obj: 0.0105  noobj: 0.0019  box: 0.0033  cls: 0.0000  
2024-01-09 00:07:36 | [Train-Epoch:199] multipart: 0.0288  obj: 0.0110  noobj: 0.0019  box: 0.0034  cls: 0.0000  
2024-01-09 00:08:56 | [Train-Epoch:200] multipart: 0.0278  obj: 0.0106  noobj: 0.0019  box: 0.0033  cls: 0.0000  
2024-01-09 00:09:35 | 
	 - Average Precision (AP) @[ IoU=0.50:0.95 | area=   all | maxDets=100 ] = 0.033
	 - Average Precision (AP) @[ IoU=0.50      | area=   all | maxDets=100 ] = 0.102
	 - Average Precision (AP) @[ IoU=0.75      | area=   all | maxDets=100 ] = 0.013
	 - Average Precision (AP) @[ IoU=0.50:0.95 | area= small | maxDets=100 ] = 0.000
	 - Average Precision (AP) @[ IoU=0.50      | area= small | maxDets=100 ] = 0.000
	 - Average Precision (AP) @[ IoU=0.50:0.95 | area=medium | maxDets=100 ] = 0.001
	 - Average Precision (AP) @[ IoU=0.50      | area=medium | maxDets=100 ] = 0.002
	 - Average Precision (AP) @[ IoU=0.50:0.95 | area= large | maxDets=100 ] = 0.089
	 - Average Precision (AP) @[ IoU=0.50      | area= large | maxDets=100 ] = 0.271

2024-01-09 00:10:52 | [Train-Epoch:201] multipart: 0.0277  obj: 0.0106  noobj: 0.0019  box: 0.0032  cls: 0.0000  
2024-01-09 00:12:14 | [Train-Epoch:202] multipart: 0.0277  obj: 0.0107  noobj: 0.0019  box: 0.0032  cls: 0.0000  
2024-01-09 00:13:33 | [Train-Epoch:203] multipart: 0.0278  obj: 0.0107  noobj: 0.0019  box: 0.0032  cls: 0.0000  
2024-01-09 00:14:54 | [Train-Epoch:204] multipart: 0.0280  obj: 0.0105  noobj: 0.0019  box: 0.0033  cls: 0.0000  
2024-01-09 00:16:14 | [Train-Epoch:205] multipart: 0.0286  obj: 0.0109  noobj: 0.0019  box: 0.0034  cls: 0.0000  
2024-01-09 00:17:35 | [Train-Epoch:206] multipart: 0.0271  obj: 0.0104  noobj: 0.0019  box: 0.0032  cls: 0.0000  
2024-01-09 00:18:55 | [Train-Epoch:207] multipart: 0.0277  obj: 0.0105  noobj: 0.0018  box: 0.0033  cls: 0.0000  
2024-01-09 00:20:15 | [Train-Epoch:208] multipart: 0.0278  obj: 0.0106  noobj: 0.0019  box: 0.0032  cls: 0.0000  
2024-01-09 00:21:35 | [Train-Epoch:209] multipart: 0.0283  obj: 0.0106  noobj: 0.0019  box: 0.0033  cls: 0.0000  
2024-01-09 00:22:56 | [Train-Epoch:210] multipart: 0.0276  obj: 0.0105  noobj: 0.0018  box: 0.0032  cls: 0.0000  
2024-01-09 00:23:36 | 
	 - Average Precision (AP) @[ IoU=0.50:0.95 | area=   all | maxDets=100 ] = 0.033
	 - Average Precision (AP) @[ IoU=0.50      | area=   all | maxDets=100 ] = 0.101
	 - Average Precision (AP) @[ IoU=0.75      | area=   all | maxDets=100 ] = 0.013
	 - Average Precision (AP) @[ IoU=0.50:0.95 | area= small | maxDets=100 ] = 0.000
	 - Average Precision (AP) @[ IoU=0.50      | area= small | maxDets=100 ] = 0.000
	 - Average Precision (AP) @[ IoU=0.50:0.95 | area=medium | maxDets=100 ] = 0.000
	 - Average Precision (AP) @[ IoU=0.50      | area=medium | maxDets=100 ] = 0.002
	 - Average Precision (AP) @[ IoU=0.50:0.95 | area= large | maxDets=100 ] = 0.088
	 - Average Precision (AP) @[ IoU=0.50      | area= large | maxDets=100 ] = 0.269

2024-01-09 00:24:54 | [Train-Epoch:211] multipart: 0.0276  obj: 0.0104  noobj: 0.0018  box: 0.0033  cls: 0.0000  
2024-01-09 00:26:16 | [Train-Epoch:212] multipart: 0.0285  obj: 0.0110  noobj: 0.0020  box: 0.0033  cls: 0.0000  
2024-01-09 00:27:36 | [Train-Epoch:213] multipart: 0.0275  obj: 0.0106  noobj: 0.0018  box: 0.0032  cls: 0.0000  
2024-01-09 00:28:57 | [Train-Epoch:214] multipart: 0.0289  obj: 0.0108  noobj: 0.0019  box: 0.0034  cls: 0.0000  
2024-01-09 00:30:17 | [Train-Epoch:215] multipart: 0.0283  obj: 0.0108  noobj: 0.0019  box: 0.0033  cls: 0.0000  
2024-01-09 00:31:38 | [Train-Epoch:216] multipart: 0.0281  obj: 0.0107  noobj: 0.0019  box: 0.0033  cls: 0.0000  
2024-01-09 00:32:59 | [Train-Epoch:217] multipart: 0.0282  obj: 0.0111  noobj: 0.0019  box: 0.0032  cls: 0.0000  
2024-01-09 00:34:22 | [Train-Epoch:218] multipart: 0.0285  obj: 0.0110  noobj: 0.0019  box: 0.0033  cls: 0.0000  
2024-01-09 00:35:44 | [Train-Epoch:219] multipart: 0.0281  obj: 0.0109  noobj: 0.0018  box: 0.0033  cls: 0.0000  
2024-01-09 00:37:04 | [Train-Epoch:220] multipart: 0.0281  obj: 0.0108  noobj: 0.0020  box: 0.0033  cls: 0.0000  
2024-01-09 00:37:44 | 
	 - Average Precision (AP) @[ IoU=0.50:0.95 | area=   all | maxDets=100 ] = 0.033
	 - Average Precision (AP) @[ IoU=0.50      | area=   all | maxDets=100 ] = 0.101
	 - Average Precision (AP) @[ IoU=0.75      | area=   all | maxDets=100 ] = 0.012
	 - Average Precision (AP) @[ IoU=0.50:0.95 | area= small | maxDets=100 ] = 0.000
	 - Average Precision (AP) @[ IoU=0.50      | area= small | maxDets=100 ] = 0.000
	 - Average Precision (AP) @[ IoU=0.50:0.95 | area=medium | maxDets=100 ] = 0.000
	 - Average Precision (AP) @[ IoU=0.50      | area=medium | maxDets=100 ] = 0.002
	 - Average Precision (AP) @[ IoU=0.50:0.95 | area= large | maxDets=100 ] = 0.089
	 - Average Precision (AP) @[ IoU=0.50      | area= large | maxDets=100 ] = 0.270

2024-01-09 00:39:02 | [Train-Epoch:221] multipart: 0.0282  obj: 0.0106  noobj: 0.0019  box: 0.0033  cls: 0.0000  
2024-01-09 00:40:22 | [Train-Epoch:222] multipart: 0.0283  obj: 0.0108  noobj: 0.0019  box: 0.0033  cls: 0.0000  
2024-01-09 00:41:42 | [Train-Epoch:223] multipart: 0.0276  obj: 0.0109  noobj: 0.0018  box: 0.0032  cls: 0.0000  
2024-01-09 00:43:03 | [Train-Epoch:224] multipart: 0.0276  obj: 0.0106  noobj: 0.0018  box: 0.0032  cls: 0.0000  
2024-01-09 00:44:22 | [Train-Epoch:225] multipart: 0.0280  obj: 0.0107  noobj: 0.0018  box: 0.0033  cls: 0.0000  
2024-01-09 00:45:41 | [Train-Epoch:226] multipart: 0.0284  obj: 0.0108  noobj: 0.0018  box: 0.0033  cls: 0.0000  
2024-01-09 00:47:16 | [Train-Epoch:227] multipart: 0.0272  obj: 0.0104  noobj: 0.0018  box: 0.0032  cls: 0.0000  
2024-01-09 00:49:05 | [Train-Epoch:228] multipart: 0.0283  obj: 0.0108  noobj: 0.0018  box: 0.0033  cls: 0.0000  
2024-01-09 00:50:24 | [Train-Epoch:229] multipart: 0.0280  obj: 0.0107  noobj: 0.0019  box: 0.0033  cls: 0.0000  
2024-01-09 00:51:45 | [Train-Epoch:230] multipart: 0.0282  obj: 0.0108  noobj: 0.0018  box: 0.0033  cls: 0.0000  
2024-01-09 00:52:25 | 
	 - Average Precision (AP) @[ IoU=0.50:0.95 | area=   all | maxDets=100 ] = 0.033
	 - Average Precision (AP) @[ IoU=0.50      | area=   all | maxDets=100 ] = 0.101
	 - Average Precision (AP) @[ IoU=0.75      | area=   all | maxDets=100 ] = 0.013
	 - Average Precision (AP) @[ IoU=0.50:0.95 | area= small | maxDets=100 ] = 0.000
	 - Average Precision (AP) @[ IoU=0.50      | area= small | maxDets=100 ] = 0.000
	 - Average Precision (AP) @[ IoU=0.50:0.95 | area=medium | maxDets=100 ] = 0.000
	 - Average Precision (AP) @[ IoU=0.50      | area=medium | maxDets=100 ] = 0.002
	 - Average Precision (AP) @[ IoU=0.50:0.95 | area= large | maxDets=100 ] = 0.090
	 - Average Precision (AP) @[ IoU=0.50      | area= large | maxDets=100 ] = 0.271

2024-01-09 00:53:45 | [Train-Epoch:231] multipart: 0.0275  obj: 0.0105  noobj: 0.0018  box: 0.0032  cls: 0.0000  
2024-01-09 00:55:06 | [Train-Epoch:232] multipart: 0.0274  obj: 0.0104  noobj: 0.0018  box: 0.0032  cls: 0.0000  
2024-01-09 00:56:27 | [Train-Epoch:233] multipart: 0.0281  obj: 0.0107  noobj: 0.0019  box: 0.0033  cls: 0.0000  
2024-01-09 00:57:47 | [Train-Epoch:234] multipart: 0.0280  obj: 0.0106  noobj: 0.0019  box: 0.0033  cls: 0.0000  
2024-01-09 00:59:06 | [Train-Epoch:235] multipart: 0.0285  obj: 0.0107  noobj: 0.0019  box: 0.0034  cls: 0.0000  
2024-01-09 01:00:27 | [Train-Epoch:236] multipart: 0.0278  obj: 0.0106  noobj: 0.0018  box: 0.0032  cls: 0.0000  
2024-01-09 01:01:48 | [Train-Epoch:237] multipart: 0.0276  obj: 0.0104  noobj: 0.0019  box: 0.0033  cls: 0.0000  
2024-01-09 01:03:07 | [Train-Epoch:238] multipart: 0.0281  obj: 0.0110  noobj: 0.0019  box: 0.0032  cls: 0.0000  
2024-01-09 01:04:26 | [Train-Epoch:239] multipart: 0.0272  obj: 0.0102  noobj: 0.0019  box: 0.0032  cls: 0.0000  
2024-01-09 01:05:46 | [Train-Epoch:240] multipart: 0.0277  obj: 0.0108  noobj: 0.0018  box: 0.0032  cls: 0.0000  
2024-01-09 01:06:25 | 
	 - Average Precision (AP) @[ IoU=0.50:0.95 | area=   all | maxDets=100 ] = 0.033
	 - Average Precision (AP) @[ IoU=0.50      | area=   all | maxDets=100 ] = 0.102
	 - Average Precision (AP) @[ IoU=0.75      | area=   all | maxDets=100 ] = 0.013
	 - Average Precision (AP) @[ IoU=0.50:0.95 | area= small | maxDets=100 ] = 0.000
	 - Average Precision (AP) @[ IoU=0.50      | area= small | maxDets=100 ] = 0.000
	 - Average Precision (AP) @[ IoU=0.50:0.95 | area=medium | maxDets=100 ] = 0.000
	 - Average Precision (AP) @[ IoU=0.50      | area=medium | maxDets=100 ] = 0.002
	 - Average Precision (AP) @[ IoU=0.50:0.95 | area= large | maxDets=100 ] = 0.089
	 - Average Precision (AP) @[ IoU=0.50      | area= large | maxDets=100 ] = 0.273

2024-01-09 01:07:43 | [Train-Epoch:241] multipart: 0.0280  obj: 0.0109  noobj: 0.0018  box: 0.0032  cls: 0.0000  
2024-01-09 01:09:03 | [Train-Epoch:242] multipart: 0.0278  obj: 0.0105  noobj: 0.0018  box: 0.0033  cls: 0.0000  
2024-01-09 01:10:22 | [Train-Epoch:243] multipart: 0.0281  obj: 0.0107  noobj: 0.0019  box: 0.0033  cls: 0.0000  
2024-01-09 01:11:42 | [Train-Epoch:244] multipart: 0.0279  obj: 0.0105  noobj: 0.0019  box: 0.0033  cls: 0.0000  
2024-01-09 01:13:01 | [Train-Epoch:245] multipart: 0.0273  obj: 0.0104  noobj: 0.0018  box: 0.0032  cls: 0.0000  
2024-01-09 01:14:21 | [Train-Epoch:246] multipart: 0.0274  obj: 0.0104  noobj: 0.0018  box: 0.0032  cls: 0.0000  
2024-01-09 01:15:40 | [Train-Epoch:247] multipart: 0.0281  obj: 0.0106  noobj: 0.0019  box: 0.0033  cls: 0.0000  
2024-01-09 01:16:59 | [Train-Epoch:248] multipart: 0.0282  obj: 0.0108  noobj: 0.0019  box: 0.0033  cls: 0.0000  
2024-01-09 01:18:18 | [Train-Epoch:249] multipart: 0.0277  obj: 0.0105  noobj: 0.0019  box: 0.0032  cls: 0.0000  
2024-01-09 01:19:38 | [Train-Epoch:250] multipart: 0.0272  obj: 0.0104  noobj: 0.0018  box: 0.0032  cls: 0.0000  
2024-01-09 01:20:17 | 
	 - Average Precision (AP) @[ IoU=0.50:0.95 | area=   all | maxDets=100 ] = 0.033
	 - Average Precision (AP) @[ IoU=0.50      | area=   all | maxDets=100 ] = 0.101
	 - Average Precision (AP) @[ IoU=0.75      | area=   all | maxDets=100 ] = 0.013
	 - Average Precision (AP) @[ IoU=0.50:0.95 | area= small | maxDets=100 ] = 0.000
	 - Average Precision (AP) @[ IoU=0.50      | area= small | maxDets=100 ] = 0.000
	 - Average Precision (AP) @[ IoU=0.50:0.95 | area=medium | maxDets=100 ] = 0.000
	 - Average Precision (AP) @[ IoU=0.50      | area=medium | maxDets=100 ] = 0.002
	 - Average Precision (AP) @[ IoU=0.50:0.95 | area= large | maxDets=100 ] = 0.089
	 - Average Precision (AP) @[ IoU=0.50      | area= large | maxDets=100 ] = 0.271

2024-01-09 01:20:17 | [Best mAP at 10]
	 - Average Precision (AP) @[ IoU=0.50:0.95 | area=   all | maxDets=100 ] = 0.032
	 - Average Precision (AP) @[ IoU=0.50      | area=   all | maxDets=100 ] = 0.103
	 - Average Precision (AP) @[ IoU=0.75      | area=   all | maxDets=100 ] = 0.011
	 - Average Precision (AP) @[ IoU=0.50:0.95 | area= small | maxDets=100 ] = 0.000
	 - Average Precision (AP) @[ IoU=0.50      | area= small | maxDets=100 ] = 0.000
	 - Average Precision (AP) @[ IoU=0.50:0.95 | area=medium | maxDets=100 ] = 0.000
	 - Average Precision (AP) @[ IoU=0.50      | area=medium | maxDets=100 ] = 0.001
	 - Average Precision (AP) @[ IoU=0.50:0.95 | area= large | maxDets=100 ] = 0.086
	 - Average Precision (AP) @[ IoU=0.50      | area= large | maxDets=100 ] = 0.276

