2024-01-08 09:24:29 | [Train-Epoch:001] multipart: 1.8143  obj: 0.1456  noobj: 0.2284  box: 0.3109  cls: 0.0000  
2024-01-08 09:37:14 | [Train-Epoch:002] multipart: 1.3032  obj: 0.1400  noobj: 0.1463  box: 0.2180  cls: 0.0000  
2024-01-08 09:42:19 | [Train-Epoch:003] multipart: 1.0909  obj: 0.1447  noobj: 0.1533  box: 0.1739  cls: 0.0000  
2024-01-08 09:43:43 | [Train-Epoch:004] multipart: 0.8983  obj: 0.1515  noobj: 0.1596  box: 0.1334  cls: 0.0000  
2024-01-08 09:45:05 | [Train-Epoch:005] multipart: 0.7364  obj: 0.1596  noobj: 0.1713  box: 0.0982  cls: 0.0000  
2024-01-08 09:46:21 | [Train-Epoch:006] multipart: 0.6126  obj: 0.1625  noobj: 0.1760  box: 0.0724  cls: 0.0000  
2024-01-08 09:47:42 | [Train-Epoch:007] multipart: 0.5347  obj: 0.1606  noobj: 0.1766  box: 0.0572  cls: 0.0000  
2024-01-08 09:49:04 | [Train-Epoch:008] multipart: 0.4737  obj: 0.1543  noobj: 0.1744  box: 0.0464  cls: 0.0000  
2024-01-08 09:50:26 | [Train-Epoch:009] multipart: 0.4221  obj: 0.1451  noobj: 0.1608  box: 0.0393  cls: 0.0000  
2024-01-08 09:51:49 | [Train-Epoch:010] multipart: 0.3833  obj: 0.1342  noobj: 0.1468  box: 0.0351  cls: 0.0000  
2024-01-08 09:52:29 | 
	 - Average Precision (AP) @[ IoU=0.50:0.95 | area=   all | maxDets=100 ] = 0.032
	 - Average Precision (AP) @[ IoU=0.50      | area=   all | maxDets=100 ] = 0.104
	 - Average Precision (AP) @[ IoU=0.75      | area=   all | maxDets=100 ] = 0.011
	 - Average Precision (AP) @[ IoU=0.50:0.95 | area= small | maxDets=100 ] = 0.000
	 - Average Precision (AP) @[ IoU=0.50      | area= small | maxDets=100 ] = 0.000
	 - Average Precision (AP) @[ IoU=0.50:0.95 | area=medium | maxDets=100 ] = 0.000
	 - Average Precision (AP) @[ IoU=0.50      | area=medium | maxDets=100 ] = 0.001
	 - Average Precision (AP) @[ IoU=0.50:0.95 | area= large | maxDets=100 ] = 0.086
	 - Average Precision (AP) @[ IoU=0.50      | area= large | maxDets=100 ] = 0.280

2024-01-08 09:53:59 | [Train-Epoch:011] multipart: 0.3439  obj: 0.1236  noobj: 0.1289  box: 0.0312  cls: 0.0000  
2024-01-08 09:55:38 | [Train-Epoch:012] multipart: 0.3120  obj: 0.1141  noobj: 0.1120  box: 0.0284  cls: 0.0000  
2024-01-08 09:57:16 | [Train-Epoch:013] multipart: 0.2784  obj: 0.1009  noobj: 0.0951  box: 0.0260  cls: 0.0000  
2024-01-08 09:58:54 | [Train-Epoch:014] multipart: 0.2540  obj: 0.0926  noobj: 0.0804  box: 0.0242  cls: 0.0000  
2024-01-08 10:00:34 | [Train-Epoch:015] multipart: 0.2292  obj: 0.0846  noobj: 0.0656  box: 0.0224  cls: 0.0000  
2024-01-08 10:02:13 | [Train-Epoch:016] multipart: 0.2123  obj: 0.0768  noobj: 0.0579  box: 0.0213  cls: 0.0000  
2024-01-08 10:03:57 | [Train-Epoch:017] multipart: 0.2002  obj: 0.0731  noobj: 0.0489  box: 0.0205  cls: 0.0000  
2024-01-08 10:05:39 | [Train-Epoch:018] multipart: 0.1843  obj: 0.0663  noobj: 0.0425  box: 0.0193  cls: 0.0000  
2024-01-08 10:07:21 | [Train-Epoch:019] multipart: 0.1702  obj: 0.0607  noobj: 0.0371  box: 0.0182  cls: 0.0000  
2024-01-08 10:08:59 | [Train-Epoch:020] multipart: 0.1586  obj: 0.0567  noobj: 0.0320  box: 0.0172  cls: 0.0000  
2024-01-08 10:09:46 | 
	 - Average Precision (AP) @[ IoU=0.50:0.95 | area=   all | maxDets=100 ] = 0.029
	 - Average Precision (AP) @[ IoU=0.50      | area=   all | maxDets=100 ] = 0.092
	 - Average Precision (AP) @[ IoU=0.75      | area=   all | maxDets=100 ] = 0.010
	 - Average Precision (AP) @[ IoU=0.50:0.95 | area= small | maxDets=100 ] = 0.000
	 - Average Precision (AP) @[ IoU=0.50      | area= small | maxDets=100 ] = 0.000
	 - Average Precision (AP) @[ IoU=0.50:0.95 | area=medium | maxDets=100 ] = 0.000
	 - Average Precision (AP) @[ IoU=0.50      | area=medium | maxDets=100 ] = 0.002
	 - Average Precision (AP) @[ IoU=0.50:0.95 | area= large | maxDets=100 ] = 0.080
	 - Average Precision (AP) @[ IoU=0.50      | area= large | maxDets=100 ] = 0.248

2024-01-08 10:11:23 | [Train-Epoch:021] multipart: 0.1513  obj: 0.0554  noobj: 0.0289  box: 0.0163  cls: 0.0000  
2024-01-08 10:13:01 | [Train-Epoch:022] multipart: 0.1412  obj: 0.0519  noobj: 0.0257  box: 0.0153  cls: 0.0000  
2024-01-08 10:14:41 | [Train-Epoch:023] multipart: 0.1379  obj: 0.0502  noobj: 0.0232  box: 0.0152  cls: 0.0000  
2024-01-08 10:16:18 | [Train-Epoch:024] multipart: 0.1308  obj: 0.0481  noobj: 0.0217  box: 0.0144  cls: 0.0000  
2024-01-08 10:17:55 | [Train-Epoch:025] multipart: 0.1209  obj: 0.0437  noobj: 0.0196  box: 0.0135  cls: 0.0000  
2024-01-08 10:19:35 | [Train-Epoch:026] multipart: 0.1168  obj: 0.0423  noobj: 0.0172  box: 0.0132  cls: 0.0000  
2024-01-08 10:21:14 | [Train-Epoch:027] multipart: 0.1124  obj: 0.0411  noobj: 0.0161  box: 0.0126  cls: 0.0000  
2024-01-08 10:22:53 | [Train-Epoch:028] multipart: 0.1066  obj: 0.0393  noobj: 0.0149  box: 0.0120  cls: 0.0000  
2024-01-08 10:24:31 | [Train-Epoch:029] multipart: 0.1066  obj: 0.0392  noobj: 0.0145  box: 0.0120  cls: 0.0000  
2024-01-08 10:26:10 | [Train-Epoch:030] multipart: 0.1013  obj: 0.0375  noobj: 0.0135  box: 0.0114  cls: 0.0000  
2024-01-08 10:26:57 | 
	 - Average Precision (AP) @[ IoU=0.50:0.95 | area=   all | maxDets=100 ] = 0.028
	 - Average Precision (AP) @[ IoU=0.50      | area=   all | maxDets=100 ] = 0.090
	 - Average Precision (AP) @[ IoU=0.75      | area=   all | maxDets=100 ] = 0.011
	 - Average Precision (AP) @[ IoU=0.50:0.95 | area= small | maxDets=100 ] = 0.000
	 - Average Precision (AP) @[ IoU=0.50      | area= small | maxDets=100 ] = 0.000
	 - Average Precision (AP) @[ IoU=0.50:0.95 | area=medium | maxDets=100 ] = 0.000
	 - Average Precision (AP) @[ IoU=0.50      | area=medium | maxDets=100 ] = 0.002
	 - Average Precision (AP) @[ IoU=0.50:0.95 | area= large | maxDets=100 ] = 0.078
	 - Average Precision (AP) @[ IoU=0.50      | area= large | maxDets=100 ] = 0.242

2024-01-08 10:28:35 | [Train-Epoch:031] multipart: 0.0959  obj: 0.0356  noobj: 0.0120  box: 0.0109  cls: 0.0000  
2024-01-08 10:30:16 | [Train-Epoch:032] multipart: 0.0945  obj: 0.0347  noobj: 0.0116  box: 0.0108  cls: 0.0000  
2024-01-08 10:32:18 | [Train-Epoch:033] multipart: 0.0904  obj: 0.0334  noobj: 0.0103  box: 0.0104  cls: 0.0000  
2024-01-08 10:33:59 | [Train-Epoch:034] multipart: 0.0886  obj: 0.0328  noobj: 0.0106  box: 0.0101  cls: 0.0000  
2024-01-08 10:35:38 | [Train-Epoch:035] multipart: 0.0857  obj: 0.0312  noobj: 0.0101  box: 0.0099  cls: 0.0000  
2024-01-08 10:37:15 | [Train-Epoch:036] multipart: 0.0838  obj: 0.0314  noobj: 0.0092  box: 0.0096  cls: 0.0000  
2024-01-08 10:38:52 | [Train-Epoch:037] multipart: 0.0810  obj: 0.0288  noobj: 0.0090  box: 0.0095  cls: 0.0000  
2024-01-08 10:40:32 | [Train-Epoch:038] multipart: 0.0797  obj: 0.0296  noobj: 0.0086  box: 0.0092  cls: 0.0000  
2024-01-08 10:42:14 | [Train-Epoch:039] multipart: 0.0763  obj: 0.0279  noobj: 0.0081  box: 0.0089  cls: 0.0000  
2024-01-08 10:43:54 | [Train-Epoch:040] multipart: 0.0764  obj: 0.0281  noobj: 0.0079  box: 0.0089  cls: 0.0000  
2024-01-08 10:44:42 | 
	 - Average Precision (AP) @[ IoU=0.50:0.95 | area=   all | maxDets=100 ] = 0.032
	 - Average Precision (AP) @[ IoU=0.50      | area=   all | maxDets=100 ] = 0.100
	 - Average Precision (AP) @[ IoU=0.75      | area=   all | maxDets=100 ] = 0.012
	 - Average Precision (AP) @[ IoU=0.50:0.95 | area= small | maxDets=100 ] = 0.000
	 - Average Precision (AP) @[ IoU=0.50      | area= small | maxDets=100 ] = 0.000
	 - Average Precision (AP) @[ IoU=0.50:0.95 | area=medium | maxDets=100 ] = 0.000
	 - Average Precision (AP) @[ IoU=0.50      | area=medium | maxDets=100 ] = 0.002
	 - Average Precision (AP) @[ IoU=0.50:0.95 | area= large | maxDets=100 ] = 0.086
	 - Average Precision (AP) @[ IoU=0.50      | area= large | maxDets=100 ] = 0.267

2024-01-08 10:46:19 | [Train-Epoch:041] multipart: 0.0754  obj: 0.0269  noobj: 0.0074  box: 0.0090  cls: 0.0000  
2024-01-08 10:47:59 | [Train-Epoch:042] multipart: 0.0727  obj: 0.0270  noobj: 0.0071  box: 0.0084  cls: 0.0000  
2024-01-08 10:49:39 | [Train-Epoch:043] multipart: 0.0714  obj: 0.0264  noobj: 0.0072  box: 0.0083  cls: 0.0000  
2024-01-08 10:51:20 | [Train-Epoch:044] multipart: 0.0691  obj: 0.0258  noobj: 0.0066  box: 0.0080  cls: 0.0000  
2024-01-08 10:52:59 | [Train-Epoch:045] multipart: 0.0679  obj: 0.0255  noobj: 0.0064  box: 0.0078  cls: 0.0000  
2024-01-08 10:54:38 | [Train-Epoch:046] multipart: 0.0668  obj: 0.0246  noobj: 0.0062  box: 0.0078  cls: 0.0000  
2024-01-08 10:56:19 | [Train-Epoch:047] multipart: 0.0662  obj: 0.0245  noobj: 0.0063  box: 0.0077  cls: 0.0000  
2024-01-08 10:57:57 | [Train-Epoch:048] multipart: 0.0627  obj: 0.0233  noobj: 0.0060  box: 0.0073  cls: 0.0000  
2024-01-08 10:59:35 | [Train-Epoch:049] multipart: 0.0618  obj: 0.0222  noobj: 0.0057  box: 0.0074  cls: 0.0000  
2024-01-08 11:01:14 | [Train-Epoch:050] multipart: 0.0617  obj: 0.0233  noobj: 0.0053  box: 0.0071  cls: 0.0000  
2024-01-08 11:02:01 | 
	 - Average Precision (AP) @[ IoU=0.50:0.95 | area=   all | maxDets=100 ] = 0.031
	 - Average Precision (AP) @[ IoU=0.50      | area=   all | maxDets=100 ] = 0.097
	 - Average Precision (AP) @[ IoU=0.75      | area=   all | maxDets=100 ] = 0.012
	 - Average Precision (AP) @[ IoU=0.50:0.95 | area= small | maxDets=100 ] = 0.000
	 - Average Precision (AP) @[ IoU=0.50      | area= small | maxDets=100 ] = 0.000
	 - Average Precision (AP) @[ IoU=0.50:0.95 | area=medium | maxDets=100 ] = 0.000
	 - Average Precision (AP) @[ IoU=0.50      | area=medium | maxDets=100 ] = 0.002
	 - Average Precision (AP) @[ IoU=0.50:0.95 | area= large | maxDets=100 ] = 0.084
	 - Average Precision (AP) @[ IoU=0.50      | area= large | maxDets=100 ] = 0.262

2024-01-08 11:03:36 | [Train-Epoch:051] multipart: 0.0597  obj: 0.0222  noobj: 0.0052  box: 0.0070  cls: 0.0000  
2024-01-08 11:05:16 | [Train-Epoch:052] multipart: 0.0609  obj: 0.0227  noobj: 0.0055  box: 0.0071  cls: 0.0000  
2024-01-08 11:06:54 | [Train-Epoch:053] multipart: 0.0570  obj: 0.0214  noobj: 0.0050  box: 0.0066  cls: 0.0000  
2024-01-08 11:08:38 | [Train-Epoch:054] multipart: 0.0580  obj: 0.0216  noobj: 0.0051  box: 0.0068  cls: 0.0000  
2024-01-08 11:10:17 | [Train-Epoch:055] multipart: 0.0574  obj: 0.0210  noobj: 0.0048  box: 0.0068  cls: 0.0000  
2024-01-08 11:12:15 | [Train-Epoch:056] multipart: 0.0564  obj: 0.0208  noobj: 0.0048  box: 0.0067  cls: 0.0000  
2024-01-08 11:13:53 | [Train-Epoch:057] multipart: 0.0553  obj: 0.0204  noobj: 0.0050  box: 0.0065  cls: 0.0000  
2024-01-08 11:15:31 | [Train-Epoch:058] multipart: 0.0545  obj: 0.0202  noobj: 0.0045  box: 0.0064  cls: 0.0000  
2024-01-08 11:17:10 | [Train-Epoch:059] multipart: 0.0539  obj: 0.0201  noobj: 0.0044  box: 0.0063  cls: 0.0000  
2024-01-08 11:18:48 | [Train-Epoch:060] multipart: 0.0531  obj: 0.0193  noobj: 0.0044  box: 0.0063  cls: 0.0000  
2024-01-08 11:19:35 | 
	 - Average Precision (AP) @[ IoU=0.50:0.95 | area=   all | maxDets=100 ] = 0.031
	 - Average Precision (AP) @[ IoU=0.50      | area=   all | maxDets=100 ] = 0.097
	 - Average Precision (AP) @[ IoU=0.75      | area=   all | maxDets=100 ] = 0.012
	 - Average Precision (AP) @[ IoU=0.50:0.95 | area= small | maxDets=100 ] = 0.000
	 - Average Precision (AP) @[ IoU=0.50      | area= small | maxDets=100 ] = 0.000
	 - Average Precision (AP) @[ IoU=0.50:0.95 | area=medium | maxDets=100 ] = 0.000
	 - Average Precision (AP) @[ IoU=0.50      | area=medium | maxDets=100 ] = 0.002
	 - Average Precision (AP) @[ IoU=0.50:0.95 | area= large | maxDets=100 ] = 0.085
	 - Average Precision (AP) @[ IoU=0.50      | area= large | maxDets=100 ] = 0.262

2024-01-08 11:21:12 | [Train-Epoch:061] multipart: 0.0512  obj: 0.0185  noobj: 0.0041  box: 0.0061  cls: 0.0000  
2024-01-08 11:22:55 | [Train-Epoch:062] multipart: 0.0495  obj: 0.0179  noobj: 0.0039  box: 0.0059  cls: 0.0000  
2024-01-08 11:24:41 | [Train-Epoch:063] multipart: 0.0506  obj: 0.0184  noobj: 0.0040  box: 0.0060  cls: 0.0000  
2024-01-08 11:26:25 | [Train-Epoch:064] multipart: 0.0501  obj: 0.0181  noobj: 0.0039  box: 0.0060  cls: 0.0000  
2024-01-08 11:28:11 | [Train-Epoch:065] multipart: 0.0496  obj: 0.0177  noobj: 0.0039  box: 0.0060  cls: 0.0000  
2024-01-08 11:29:55 | [Train-Epoch:066] multipart: 0.0483  obj: 0.0180  noobj: 0.0038  box: 0.0057  cls: 0.0000  
2024-01-08 11:31:39 | [Train-Epoch:067] multipart: 0.0491  obj: 0.0182  noobj: 0.0038  box: 0.0058  cls: 0.0000  
2024-01-08 11:33:25 | [Train-Epoch:068] multipart: 0.0466  obj: 0.0176  noobj: 0.0036  box: 0.0054  cls: 0.0000  
2024-01-08 11:35:09 | [Train-Epoch:069] multipart: 0.0461  obj: 0.0167  noobj: 0.0034  box: 0.0055  cls: 0.0000  
2024-01-08 11:36:52 | [Train-Epoch:070] multipart: 0.0462  obj: 0.0170  noobj: 0.0035  box: 0.0055  cls: 0.0000  
2024-01-08 11:37:41 | 
	 - Average Precision (AP) @[ IoU=0.50:0.95 | area=   all | maxDets=100 ] = 0.031
	 - Average Precision (AP) @[ IoU=0.50      | area=   all | maxDets=100 ] = 0.096
	 - Average Precision (AP) @[ IoU=0.75      | area=   all | maxDets=100 ] = 0.012
	 - Average Precision (AP) @[ IoU=0.50:0.95 | area= small | maxDets=100 ] = 0.000
	 - Average Precision (AP) @[ IoU=0.50      | area= small | maxDets=100 ] = 0.000
	 - Average Precision (AP) @[ IoU=0.50:0.95 | area=medium | maxDets=100 ] = 0.000
	 - Average Precision (AP) @[ IoU=0.50      | area=medium | maxDets=100 ] = 0.002
	 - Average Precision (AP) @[ IoU=0.50:0.95 | area= large | maxDets=100 ] = 0.084
	 - Average Precision (AP) @[ IoU=0.50      | area= large | maxDets=100 ] = 0.259

2024-01-08 11:39:21 | [Train-Epoch:071] multipart: 0.0458  obj: 0.0168  noobj: 0.0033  box: 0.0055  cls: 0.0000  
2024-01-08 11:41:00 | [Train-Epoch:072] multipart: 0.0455  obj: 0.0167  noobj: 0.0034  box: 0.0054  cls: 0.0000  
2024-01-08 11:42:38 | [Train-Epoch:073] multipart: 0.0464  obj: 0.0175  noobj: 0.0032  box: 0.0055  cls: 0.0000  
2024-01-08 11:44:58 | [Train-Epoch:074] multipart: 0.0448  obj: 0.0167  noobj: 0.0033  box: 0.0053  cls: 0.0000  
2024-01-08 11:46:31 | [Train-Epoch:075] multipart: 0.0441  obj: 0.0169  noobj: 0.0033  box: 0.0051  cls: 0.0000  
2024-01-08 11:48:03 | [Train-Epoch:076] multipart: 0.0433  obj: 0.0166  noobj: 0.0031  box: 0.0050  cls: 0.0000  
2024-01-08 11:49:36 | [Train-Epoch:077] multipart: 0.0431  obj: 0.0159  noobj: 0.0031  box: 0.0051  cls: 0.0000  
2024-01-08 11:52:04 | [Train-Epoch:078] multipart: 0.0438  obj: 0.0163  noobj: 0.0031  box: 0.0052  cls: 0.0000  
2024-01-08 11:53:40 | [Train-Epoch:079] multipart: 0.0424  obj: 0.0156  noobj: 0.0029  box: 0.0051  cls: 0.0000  
2024-01-08 11:55:13 | [Train-Epoch:080] multipart: 0.0426  obj: 0.0155  noobj: 0.0029  box: 0.0051  cls: 0.0000  
2024-01-08 11:55:58 | 
	 - Average Precision (AP) @[ IoU=0.50:0.95 | area=   all | maxDets=100 ] = 0.032
	 - Average Precision (AP) @[ IoU=0.50      | area=   all | maxDets=100 ] = 0.102
	 - Average Precision (AP) @[ IoU=0.75      | area=   all | maxDets=100 ] = 0.013
	 - Average Precision (AP) @[ IoU=0.50:0.95 | area= small | maxDets=100 ] = 0.000
	 - Average Precision (AP) @[ IoU=0.50      | area= small | maxDets=100 ] = 0.000
	 - Average Precision (AP) @[ IoU=0.50:0.95 | area=medium | maxDets=100 ] = 0.000
	 - Average Precision (AP) @[ IoU=0.50      | area=medium | maxDets=100 ] = 0.001
	 - Average Precision (AP) @[ IoU=0.50:0.95 | area= large | maxDets=100 ] = 0.088
	 - Average Precision (AP) @[ IoU=0.50      | area= large | maxDets=100 ] = 0.274

2024-01-08 11:57:30 | [Train-Epoch:081] multipart: 0.0402  obj: 0.0150  noobj: 0.0028  box: 0.0048  cls: 0.0000  
2024-01-08 11:59:04 | [Train-Epoch:082] multipart: 0.0418  obj: 0.0157  noobj: 0.0028  box: 0.0049  cls: 0.0000  
2024-01-08 12:00:38 | [Train-Epoch:083] multipart: 0.0396  obj: 0.0143  noobj: 0.0027  box: 0.0048  cls: 0.0000  
2024-01-08 12:02:14 | [Train-Epoch:084] multipart: 0.0406  obj: 0.0153  noobj: 0.0027  box: 0.0048  cls: 0.0000  
2024-01-08 12:03:47 | [Train-Epoch:085] multipart: 0.0399  obj: 0.0147  noobj: 0.0028  box: 0.0048  cls: 0.0000  
2024-01-08 12:05:21 | [Train-Epoch:086] multipart: 0.0392  obj: 0.0149  noobj: 0.0027  box: 0.0046  cls: 0.0000  
2024-01-08 12:06:55 | [Train-Epoch:087] multipart: 0.0405  obj: 0.0152  noobj: 0.0027  box: 0.0048  cls: 0.0000  
2024-01-08 12:08:29 | [Train-Epoch:088] multipart: 0.0397  obj: 0.0149  noobj: 0.0026  box: 0.0047  cls: 0.0000  
2024-01-08 12:10:04 | [Train-Epoch:089] multipart: 0.0393  obj: 0.0148  noobj: 0.0026  box: 0.0046  cls: 0.0000  
2024-01-08 12:11:38 | [Train-Epoch:090] multipart: 0.0389  obj: 0.0148  noobj: 0.0025  box: 0.0046  cls: 0.0000  
2024-01-08 12:12:23 | 
	 - Average Precision (AP) @[ IoU=0.50:0.95 | area=   all | maxDets=100 ] = 0.032
	 - Average Precision (AP) @[ IoU=0.50      | area=   all | maxDets=100 ] = 0.100
	 - Average Precision (AP) @[ IoU=0.75      | area=   all | maxDets=100 ] = 0.014
	 - Average Precision (AP) @[ IoU=0.50:0.95 | area= small | maxDets=100 ] = 0.000
	 - Average Precision (AP) @[ IoU=0.50      | area= small | maxDets=100 ] = 0.000
	 - Average Precision (AP) @[ IoU=0.50:0.95 | area=medium | maxDets=100 ] = 0.000
	 - Average Precision (AP) @[ IoU=0.50      | area=medium | maxDets=100 ] = 0.002
	 - Average Precision (AP) @[ IoU=0.50:0.95 | area= large | maxDets=100 ] = 0.089
	 - Average Precision (AP) @[ IoU=0.50      | area= large | maxDets=100 ] = 0.269

2024-01-08 12:13:56 | [Train-Epoch:091] multipart: 0.0360  obj: 0.0138  noobj: 0.0024  box: 0.0042  cls: 0.0000  
2024-01-08 12:15:29 | [Train-Epoch:092] multipart: 0.0351  obj: 0.0135  noobj: 0.0024  box: 0.0041  cls: 0.0000  
2024-01-08 12:17:02 | [Train-Epoch:093] multipart: 0.0336  obj: 0.0129  noobj: 0.0022  box: 0.0039  cls: 0.0000  
2024-01-08 12:18:35 | [Train-Epoch:094] multipart: 0.0348  obj: 0.0134  noobj: 0.0023  box: 0.0041  cls: 0.0000  
2024-01-08 12:20:09 | [Train-Epoch:095] multipart: 0.0326  obj: 0.0126  noobj: 0.0022  box: 0.0038  cls: 0.0000  
2024-01-08 12:21:43 | [Train-Epoch:096] multipart: 0.0324  obj: 0.0125  noobj: 0.0023  box: 0.0037  cls: 0.0000  
2024-01-08 12:23:17 | [Train-Epoch:097] multipart: 0.0319  obj: 0.0121  noobj: 0.0021  box: 0.0037  cls: 0.0000  
2024-01-08 12:24:50 | [Train-Epoch:098] multipart: 0.0316  obj: 0.0123  noobj: 0.0021  box: 0.0036  cls: 0.0000  
2024-01-08 12:26:24 | [Train-Epoch:099] multipart: 0.0319  obj: 0.0125  noobj: 0.0022  box: 0.0037  cls: 0.0000  
2024-01-08 12:27:58 | [Train-Epoch:100] multipart: 0.0318  obj: 0.0123  noobj: 0.0022  box: 0.0037  cls: 0.0000  
2024-01-08 12:29:00 | 
	 - Average Precision (AP) @[ IoU=0.50:0.95 | area=   all | maxDets=100 ] = 0.032
	 - Average Precision (AP) @[ IoU=0.50      | area=   all | maxDets=100 ] = 0.100
	 - Average Precision (AP) @[ IoU=0.75      | area=   all | maxDets=100 ] = 0.013
	 - Average Precision (AP) @[ IoU=0.50:0.95 | area= small | maxDets=100 ] = 0.000
	 - Average Precision (AP) @[ IoU=0.50      | area= small | maxDets=100 ] = 0.000
	 - Average Precision (AP) @[ IoU=0.50:0.95 | area=medium | maxDets=100 ] = 0.000
	 - Average Precision (AP) @[ IoU=0.50      | area=medium | maxDets=100 ] = 0.001
	 - Average Precision (AP) @[ IoU=0.50:0.95 | area= large | maxDets=100 ] = 0.087
	 - Average Precision (AP) @[ IoU=0.50      | area= large | maxDets=100 ] = 0.268

2024-01-08 12:30:35 | [Train-Epoch:101] multipart: 0.0305  obj: 0.0119  noobj: 0.0021  box: 0.0035  cls: 0.0000  
2024-01-08 12:32:10 | [Train-Epoch:102] multipart: 0.0310  obj: 0.0122  noobj: 0.0021  box: 0.0035  cls: 0.0000  
2024-01-08 12:33:44 | [Train-Epoch:103] multipart: 0.0304  obj: 0.0117  noobj: 0.0022  box: 0.0035  cls: 0.0000  
2024-01-08 12:35:18 | [Train-Epoch:104] multipart: 0.0302  obj: 0.0117  noobj: 0.0021  box: 0.0035  cls: 0.0000  
2024-01-08 12:36:53 | [Train-Epoch:105] multipart: 0.0302  obj: 0.0117  noobj: 0.0020  box: 0.0035  cls: 0.0000  
2024-01-08 12:38:28 | [Train-Epoch:106] multipart: 0.0303  obj: 0.0119  noobj: 0.0020  box: 0.0035  cls: 0.0000  
2024-01-08 12:40:01 | [Train-Epoch:107] multipart: 0.0299  obj: 0.0118  noobj: 0.0021  box: 0.0034  cls: 0.0000  
2024-01-08 12:41:37 | [Train-Epoch:108] multipart: 0.0307  obj: 0.0121  noobj: 0.0022  box: 0.0035  cls: 0.0000  
2024-01-08 12:43:12 | [Train-Epoch:109] multipart: 0.0305  obj: 0.0118  noobj: 0.0021  box: 0.0035  cls: 0.0000  
2024-01-08 12:44:47 | [Train-Epoch:110] multipart: 0.0301  obj: 0.0116  noobj: 0.0021  box: 0.0035  cls: 0.0000  
2024-01-08 12:45:32 | 
	 - Average Precision (AP) @[ IoU=0.50:0.95 | area=   all | maxDets=100 ] = 0.031
	 - Average Precision (AP) @[ IoU=0.50      | area=   all | maxDets=100 ] = 0.098
	 - Average Precision (AP) @[ IoU=0.75      | area=   all | maxDets=100 ] = 0.012
	 - Average Precision (AP) @[ IoU=0.50:0.95 | area= small | maxDets=100 ] = 0.000
	 - Average Precision (AP) @[ IoU=0.50      | area= small | maxDets=100 ] = 0.000
	 - Average Precision (AP) @[ IoU=0.50:0.95 | area=medium | maxDets=100 ] = 0.000
	 - Average Precision (AP) @[ IoU=0.50      | area=medium | maxDets=100 ] = 0.002
	 - Average Precision (AP) @[ IoU=0.50:0.95 | area= large | maxDets=100 ] = 0.085
	 - Average Precision (AP) @[ IoU=0.50      | area= large | maxDets=100 ] = 0.264

2024-01-08 12:47:04 | [Train-Epoch:111] multipart: 0.0304  obj: 0.0118  noobj: 0.0021  box: 0.0035  cls: 0.0000  
2024-01-08 12:48:40 | [Train-Epoch:112] multipart: 0.0302  obj: 0.0119  noobj: 0.0021  box: 0.0035  cls: 0.0000  
2024-01-08 12:50:14 | [Train-Epoch:113] multipart: 0.0297  obj: 0.0115  noobj: 0.0020  box: 0.0035  cls: 0.0000  
2024-01-08 12:51:48 | [Train-Epoch:114] multipart: 0.0290  obj: 0.0113  noobj: 0.0019  box: 0.0033  cls: 0.0000  
2024-01-08 12:53:22 | [Train-Epoch:115] multipart: 0.0296  obj: 0.0116  noobj: 0.0020  box: 0.0034  cls: 0.0000  
2024-01-08 12:54:54 | [Train-Epoch:116] multipart: 0.0299  obj: 0.0118  noobj: 0.0020  box: 0.0034  cls: 0.0000  
2024-01-08 12:56:26 | [Train-Epoch:117] multipart: 0.0286  obj: 0.0112  noobj: 0.0020  box: 0.0033  cls: 0.0000  
2024-01-08 12:57:58 | [Train-Epoch:118] multipart: 0.0296  obj: 0.0114  noobj: 0.0020  box: 0.0034  cls: 0.0000  
2024-01-08 12:59:30 | [Train-Epoch:119] multipart: 0.0288  obj: 0.0114  noobj: 0.0019  box: 0.0033  cls: 0.0000  
2024-01-08 13:01:03 | [Train-Epoch:120] multipart: 0.0297  obj: 0.0118  noobj: 0.0020  box: 0.0034  cls: 0.0000  
2024-01-08 13:01:49 | 
	 - Average Precision (AP) @[ IoU=0.50:0.95 | area=   all | maxDets=100 ] = 0.031
	 - Average Precision (AP) @[ IoU=0.50      | area=   all | maxDets=100 ] = 0.098
	 - Average Precision (AP) @[ IoU=0.75      | area=   all | maxDets=100 ] = 0.012
	 - Average Precision (AP) @[ IoU=0.50:0.95 | area= small | maxDets=100 ] = 0.000
	 - Average Precision (AP) @[ IoU=0.50      | area= small | maxDets=100 ] = 0.000
	 - Average Precision (AP) @[ IoU=0.50:0.95 | area=medium | maxDets=100 ] = 0.000
	 - Average Precision (AP) @[ IoU=0.50      | area=medium | maxDets=100 ] = 0.002
	 - Average Precision (AP) @[ IoU=0.50:0.95 | area= large | maxDets=100 ] = 0.085
	 - Average Precision (AP) @[ IoU=0.50      | area= large | maxDets=100 ] = 0.265

2024-01-08 13:03:20 | [Train-Epoch:121] multipart: 0.0284  obj: 0.0110  noobj: 0.0019  box: 0.0033  cls: 0.0000  
2024-01-08 13:04:55 | [Train-Epoch:122] multipart: 0.0287  obj: 0.0114  noobj: 0.0019  box: 0.0033  cls: 0.0000  
2024-01-08 13:06:52 | [Train-Epoch:123] multipart: 0.0285  obj: 0.0110  noobj: 0.0020  box: 0.0033  cls: 0.0000  
2024-01-08 13:09:05 | [Train-Epoch:124] multipart: 0.0306  obj: 0.0120  noobj: 0.0020  box: 0.0035  cls: 0.0000  
2024-01-08 13:11:16 | [Train-Epoch:125] multipart: 0.0288  obj: 0.0110  noobj: 0.0020  box: 0.0034  cls: 0.0000  
2024-01-08 13:13:34 | [Train-Epoch:126] multipart: 0.0291  obj: 0.0113  noobj: 0.0019  box: 0.0034  cls: 0.0000  
2024-01-08 13:15:46 | [Train-Epoch:127] multipart: 0.0294  obj: 0.0114  noobj: 0.0019  box: 0.0034  cls: 0.0000  
2024-01-08 13:18:00 | [Train-Epoch:128] multipart: 0.0286  obj: 0.0114  noobj: 0.0019  box: 0.0033  cls: 0.0000  
2024-01-08 13:20:13 | [Train-Epoch:129] multipart: 0.0293  obj: 0.0114  noobj: 0.0021  box: 0.0034  cls: 0.0000  
2024-01-08 13:22:26 | [Train-Epoch:130] multipart: 0.0289  obj: 0.0114  noobj: 0.0020  box: 0.0033  cls: 0.0000  
2024-01-08 13:23:32 | 
	 - Average Precision (AP) @[ IoU=0.50:0.95 | area=   all | maxDets=100 ] = 0.031
	 - Average Precision (AP) @[ IoU=0.50      | area=   all | maxDets=100 ] = 0.098
	 - Average Precision (AP) @[ IoU=0.75      | area=   all | maxDets=100 ] = 0.012
	 - Average Precision (AP) @[ IoU=0.50:0.95 | area= small | maxDets=100 ] = 0.000
	 - Average Precision (AP) @[ IoU=0.50      | area= small | maxDets=100 ] = 0.000
	 - Average Precision (AP) @[ IoU=0.50:0.95 | area=medium | maxDets=100 ] = 0.000
	 - Average Precision (AP) @[ IoU=0.50      | area=medium | maxDets=100 ] = 0.002
	 - Average Precision (AP) @[ IoU=0.50:0.95 | area= large | maxDets=100 ] = 0.086
	 - Average Precision (AP) @[ IoU=0.50      | area= large | maxDets=100 ] = 0.264

2024-01-08 13:25:44 | [Train-Epoch:131] multipart: 0.0285  obj: 0.0112  noobj: 0.0019  box: 0.0033  cls: 0.0000  
2024-01-08 13:28:00 | [Train-Epoch:132] multipart: 0.0286  obj: 0.0113  noobj: 0.0019  box: 0.0033  cls: 0.0000  
2024-01-08 13:30:11 | [Train-Epoch:133] multipart: 0.0292  obj: 0.0115  noobj: 0.0019  box: 0.0033  cls: 0.0000  
2024-01-08 13:31:45 | [Train-Epoch:134] multipart: 0.0295  obj: 0.0116  noobj: 0.0019  box: 0.0034  cls: 0.0000  
2024-01-08 13:33:17 | [Train-Epoch:135] multipart: 0.0295  obj: 0.0116  noobj: 0.0021  box: 0.0034  cls: 0.0000  
2024-01-08 13:34:51 | [Train-Epoch:136] multipart: 0.0295  obj: 0.0117  noobj: 0.0020  box: 0.0034  cls: 0.0000  
2024-01-08 13:36:25 | [Train-Epoch:137] multipart: 0.0288  obj: 0.0112  noobj: 0.0019  box: 0.0033  cls: 0.0000  
2024-01-08 13:37:58 | [Train-Epoch:138] multipart: 0.0294  obj: 0.0116  noobj: 0.0021  box: 0.0034  cls: 0.0000  
2024-01-08 13:39:31 | [Train-Epoch:139] multipart: 0.0291  obj: 0.0116  noobj: 0.0020  box: 0.0033  cls: 0.0000  
2024-01-08 13:41:05 | [Train-Epoch:140] multipart: 0.0291  obj: 0.0114  noobj: 0.0020  box: 0.0034  cls: 0.0000  
2024-01-08 13:41:51 | 
	 - Average Precision (AP) @[ IoU=0.50:0.95 | area=   all | maxDets=100 ] = 0.031
	 - Average Precision (AP) @[ IoU=0.50      | area=   all | maxDets=100 ] = 0.098
	 - Average Precision (AP) @[ IoU=0.75      | area=   all | maxDets=100 ] = 0.013
	 - Average Precision (AP) @[ IoU=0.50:0.95 | area= small | maxDets=100 ] = 0.000
	 - Average Precision (AP) @[ IoU=0.50      | area= small | maxDets=100 ] = 0.000
	 - Average Precision (AP) @[ IoU=0.50:0.95 | area=medium | maxDets=100 ] = 0.000
	 - Average Precision (AP) @[ IoU=0.50      | area=medium | maxDets=100 ] = 0.002
	 - Average Precision (AP) @[ IoU=0.50:0.95 | area= large | maxDets=100 ] = 0.086
	 - Average Precision (AP) @[ IoU=0.50      | area= large | maxDets=100 ] = 0.264

2024-01-08 13:43:22 | [Train-Epoch:141] multipart: 0.0287  obj: 0.0111  noobj: 0.0019  box: 0.0033  cls: 0.0000  
2024-01-08 13:44:58 | [Train-Epoch:142] multipart: 0.0287  obj: 0.0114  noobj: 0.0019  box: 0.0033  cls: 0.0000  
2024-01-08 13:46:31 | [Train-Epoch:143] multipart: 0.0285  obj: 0.0110  noobj: 0.0019  box: 0.0033  cls: 0.0000  
2024-01-08 13:48:48 | [Train-Epoch:144] multipart: 0.0288  obj: 0.0115  noobj: 0.0018  box: 0.0033  cls: 0.0000  
2024-01-08 13:50:20 | [Train-Epoch:145] multipart: 0.0292  obj: 0.0115  noobj: 0.0019  box: 0.0034  cls: 0.0000  
2024-01-08 13:51:52 | [Train-Epoch:146] multipart: 0.0285  obj: 0.0112  noobj: 0.0019  box: 0.0033  cls: 0.0000  
2024-01-08 13:53:23 | [Train-Epoch:147] multipart: 0.0295  obj: 0.0116  noobj: 0.0019  box: 0.0034  cls: 0.0000  
2024-01-08 13:54:53 | [Train-Epoch:148] multipart: 0.0288  obj: 0.0112  noobj: 0.0018  box: 0.0033  cls: 0.0000  
2024-01-08 13:56:40 | [Train-Epoch:149] multipart: 0.0289  obj: 0.0112  noobj: 0.0019  box: 0.0033  cls: 0.0000  
2024-01-08 13:58:36 | [Train-Epoch:150] multipart: 0.0283  obj: 0.0112  noobj: 0.0019  box: 0.0032  cls: 0.0000  
2024-01-08 13:59:20 | 
	 - Average Precision (AP) @[ IoU=0.50:0.95 | area=   all | maxDets=100 ] = 0.031
	 - Average Precision (AP) @[ IoU=0.50      | area=   all | maxDets=100 ] = 0.097
	 - Average Precision (AP) @[ IoU=0.75      | area=   all | maxDets=100 ] = 0.013
	 - Average Precision (AP) @[ IoU=0.50:0.95 | area= small | maxDets=100 ] = 0.000
	 - Average Precision (AP) @[ IoU=0.50      | area= small | maxDets=100 ] = 0.000
	 - Average Precision (AP) @[ IoU=0.50:0.95 | area=medium | maxDets=100 ] = 0.000
	 - Average Precision (AP) @[ IoU=0.50      | area=medium | maxDets=100 ] = 0.002
	 - Average Precision (AP) @[ IoU=0.50:0.95 | area= large | maxDets=100 ] = 0.084
	 - Average Precision (AP) @[ IoU=0.50      | area= large | maxDets=100 ] = 0.262

2024-01-08 13:59:20 | [Best mAP at 10]
	 - Average Precision (AP) @[ IoU=0.50:0.95 | area=   all | maxDets=100 ] = 0.032
	 - Average Precision (AP) @[ IoU=0.50      | area=   all | maxDets=100 ] = 0.104
	 - Average Precision (AP) @[ IoU=0.75      | area=   all | maxDets=100 ] = 0.011
	 - Average Precision (AP) @[ IoU=0.50:0.95 | area= small | maxDets=100 ] = 0.000
	 - Average Precision (AP) @[ IoU=0.50      | area= small | maxDets=100 ] = 0.000
	 - Average Precision (AP) @[ IoU=0.50:0.95 | area=medium | maxDets=100 ] = 0.000
	 - Average Precision (AP) @[ IoU=0.50      | area=medium | maxDets=100 ] = 0.001
	 - Average Precision (AP) @[ IoU=0.50:0.95 | area= large | maxDets=100 ] = 0.086
	 - Average Precision (AP) @[ IoU=0.50      | area= large | maxDets=100 ] = 0.280

