2023-12-18 10:14:44 | [Train-Epoch:001] multipart: 1.8183  obj: 0.1456  noobj: 0.2280  box: 0.3117  cls: 0.0000  
2023-12-18 10:18:21 | [Train-Epoch:001] multipart: 1.8183  obj: 0.1456  noobj: 0.2280  box: 0.3117  cls: 0.0000  
2023-12-18 10:20:38 | [Train-Epoch:002] multipart: 1.3108  obj: 0.1403  noobj: 0.1465  box: 0.2195  cls: 0.0000  
2023-12-18 10:22:41 | [Train-Epoch:003] multipart: 1.0989  obj: 0.1440  noobj: 0.1533  box: 0.1756  cls: 0.0000  
2023-12-18 10:24:14 | [Train-Epoch:004] multipart: 0.9073  obj: 0.1509  noobj: 0.1595  box: 0.1353  cls: 0.0000  
2023-12-18 10:26:39 | [Train-Epoch:005] multipart: 0.7427  obj: 0.1580  noobj: 0.1703  box: 0.0999  cls: 0.0000  
2023-12-18 10:28:18 | [Train-Epoch:006] multipart: 0.6176  obj: 0.1621  noobj: 0.1761  box: 0.0735  cls: 0.0000  
2023-12-18 10:30:20 | [Train-Epoch:007] multipart: 0.5381  obj: 0.1611  noobj: 0.1769  box: 0.0577  cls: 0.0000  
2023-12-18 10:32:55 | [Train-Epoch:008] multipart: 0.4765  obj: 0.1539  noobj: 0.1753  box: 0.0470  cls: 0.0000  
2023-12-18 10:34:32 | [Train-Epoch:009] multipart: 0.4261  obj: 0.1460  noobj: 0.1631  box: 0.0397  cls: 0.0000  
2023-12-18 10:36:41 | [Train-Epoch:010] multipart: 0.3837  obj: 0.1350  noobj: 0.1482  box: 0.0349  cls: 0.0000  
2023-12-18 10:48:16 | [Train-Epoch:001] multipart: 1.8183  obj: 0.1456  noobj: 0.2280  box: 0.3117  cls: 0.0000  
2023-12-18 10:50:22 | [Train-Epoch:002] multipart: 1.3108  obj: 0.1403  noobj: 0.1465  box: 0.2195  cls: 0.0000  
2023-12-18 10:52:11 | [Train-Epoch:003] multipart: 1.0989  obj: 0.1440  noobj: 0.1533  box: 0.1756  cls: 0.0000  
2023-12-18 10:53:45 | [Train-Epoch:004] multipart: 0.9073  obj: 0.1509  noobj: 0.1595  box: 0.1353  cls: 0.0000  
2023-12-18 10:56:01 | [Train-Epoch:005] multipart: 0.7427  obj: 0.1580  noobj: 0.1703  box: 0.0999  cls: 0.0000  
2023-12-18 10:58:14 | [Train-Epoch:006] multipart: 0.6176  obj: 0.1621  noobj: 0.1761  box: 0.0735  cls: 0.0000  
2023-12-18 10:59:57 | [Train-Epoch:007] multipart: 0.5381  obj: 0.1611  noobj: 0.1769  box: 0.0577  cls: 0.0000  
2023-12-18 11:01:48 | [Train-Epoch:008] multipart: 0.4765  obj: 0.1539  noobj: 0.1753  box: 0.0470  cls: 0.0000  
2023-12-18 11:04:11 | [Train-Epoch:009] multipart: 0.4261  obj: 0.1460  noobj: 0.1631  box: 0.0397  cls: 0.0000  
2023-12-18 11:05:59 | [Train-Epoch:010] multipart: 0.3837  obj: 0.1350  noobj: 0.1482  box: 0.0349  cls: 0.0000  
2023-12-18 11:38:07 | [Train-Epoch:001] multipart: 1.8183  obj: 0.1456  noobj: 0.2280  box: 0.3117  cls: 0.0000  
2023-12-18 11:39:26 | [Train-Epoch:002] multipart: 1.3108  obj: 0.1403  noobj: 0.1465  box: 0.2195  cls: 0.0000  
2023-12-18 11:42:01 | [Train-Epoch:003] multipart: 1.0989  obj: 0.1440  noobj: 0.1533  box: 0.1756  cls: 0.0000  
2023-12-18 11:43:11 | [Train-Epoch:004] multipart: 0.9073  obj: 0.1509  noobj: 0.1595  box: 0.1353  cls: 0.0000  
2023-12-18 11:45:44 | [Train-Epoch:005] multipart: 0.7427  obj: 0.1580  noobj: 0.1703  box: 0.0999  cls: 0.0000  
2023-12-18 11:46:49 | [Train-Epoch:006] multipart: 0.6176  obj: 0.1621  noobj: 0.1761  box: 0.0735  cls: 0.0000  
2023-12-18 11:48:29 | [Train-Epoch:007] multipart: 0.5381  obj: 0.1611  noobj: 0.1769  box: 0.0577  cls: 0.0000  
2023-12-18 11:49:40 | [Train-Epoch:008] multipart: 0.4765  obj: 0.1539  noobj: 0.1753  box: 0.0470  cls: 0.0000  
2023-12-18 11:51:28 | [Train-Epoch:009] multipart: 0.4261  obj: 0.1460  noobj: 0.1631  box: 0.0397  cls: 0.0000  
2023-12-18 11:53:12 | [Train-Epoch:010] multipart: 0.3837  obj: 0.1350  noobj: 0.1482  box: 0.0349  cls: 0.0000  
2023-12-18 12:54:28 | [Train-Epoch:001] multipart: 1.8183  obj: 0.1456  noobj: 0.2280  box: 0.3117  cls: 0.0000  
2023-12-18 12:58:25 | [Train-Epoch:002] multipart: 1.3108  obj: 0.1403  noobj: 0.1465  box: 0.2195  cls: 0.0000  
2023-12-18 13:02:09 | [Train-Epoch:003] multipart: 1.0989  obj: 0.1440  noobj: 0.1533  box: 0.1756  cls: 0.0000  
2023-12-18 13:06:33 | [Train-Epoch:004] multipart: 0.9073  obj: 0.1509  noobj: 0.1595  box: 0.1353  cls: 0.0000  
2023-12-18 13:10:25 | [Train-Epoch:005] multipart: 0.7427  obj: 0.1580  noobj: 0.1703  box: 0.0999  cls: 0.0000  
2023-12-18 13:14:11 | [Train-Epoch:006] multipart: 0.6176  obj: 0.1621  noobj: 0.1761  box: 0.0735  cls: 0.0000  
2023-12-18 13:18:56 | [Train-Epoch:007] multipart: 0.5381  obj: 0.1611  noobj: 0.1769  box: 0.0577  cls: 0.0000  
2023-12-18 13:22:51 | [Train-Epoch:008] multipart: 0.4765  obj: 0.1539  noobj: 0.1753  box: 0.0470  cls: 0.0000  
2023-12-18 13:27:04 | [Train-Epoch:009] multipart: 0.4261  obj: 0.1460  noobj: 0.1631  box: 0.0397  cls: 0.0000  
2023-12-18 13:31:18 | [Train-Epoch:010] multipart: 0.3837  obj: 0.1350  noobj: 0.1482  box: 0.0349  cls: 0.0000  
2023-12-18 13:48:14 | [Train-Epoch:001] multipart: 1.8183  obj: 0.1456  noobj: 0.2280  box: 0.3117  cls: 0.0000  
2023-12-18 13:53:27 | [Train-Epoch:002] multipart: 1.3108  obj: 0.1403  noobj: 0.1465  box: 0.2195  cls: 0.0000  
2023-12-18 13:58:23 | [Train-Epoch:003] multipart: 1.0989  obj: 0.1440  noobj: 0.1533  box: 0.1756  cls: 0.0000  
2023-12-18 14:02:41 | [Train-Epoch:004] multipart: 0.9073  obj: 0.1509  noobj: 0.1595  box: 0.1353  cls: 0.0000  
2023-12-18 14:06:51 | [Train-Epoch:005] multipart: 0.7427  obj: 0.1580  noobj: 0.1703  box: 0.0999  cls: 0.0000  
2023-12-18 14:12:02 | [Train-Epoch:006] multipart: 0.6176  obj: 0.1621  noobj: 0.1761  box: 0.0735  cls: 0.0000  
2023-12-18 14:15:57 | [Train-Epoch:007] multipart: 0.5381  obj: 0.1611  noobj: 0.1769  box: 0.0577  cls: 0.0000  
2023-12-18 14:20:08 | [Train-Epoch:008] multipart: 0.4765  obj: 0.1539  noobj: 0.1753  box: 0.0470  cls: 0.0000  
2023-12-18 14:24:19 | [Train-Epoch:009] multipart: 0.4261  obj: 0.1460  noobj: 0.1631  box: 0.0397  cls: 0.0000  
2023-12-18 14:29:26 | [Train-Epoch:010] multipart: 0.3837  obj: 0.1350  noobj: 0.1482  box: 0.0349  cls: 0.0000  
2023-12-18 15:01:04 | [Train-Epoch:001] multipart: 1.8183  obj: 0.1456  noobj: 0.2280  box: 0.3117  cls: 0.0000  
2023-12-18 15:05:05 | [Train-Epoch:002] multipart: 1.3108  obj: 0.1403  noobj: 0.1465  box: 0.2195  cls: 0.0000  
2023-12-18 15:09:00 | [Train-Epoch:003] multipart: 1.0989  obj: 0.1440  noobj: 0.1533  box: 0.1756  cls: 0.0000  
2023-12-18 15:13:26 | [Train-Epoch:004] multipart: 0.9073  obj: 0.1509  noobj: 0.1595  box: 0.1353  cls: 0.0000  
2023-12-18 15:17:56 | [Train-Epoch:005] multipart: 0.7427  obj: 0.1580  noobj: 0.1703  box: 0.0999  cls: 0.0000  
2023-12-18 15:22:09 | [Train-Epoch:006] multipart: 0.6176  obj: 0.1621  noobj: 0.1761  box: 0.0735  cls: 0.0000  
2023-12-18 15:26:35 | [Train-Epoch:007] multipart: 0.5381  obj: 0.1611  noobj: 0.1769  box: 0.0577  cls: 0.0000  
2023-12-18 15:31:27 | [Train-Epoch:008] multipart: 0.4765  obj: 0.1539  noobj: 0.1753  box: 0.0470  cls: 0.0000  
2023-12-18 15:36:00 | [Train-Epoch:009] multipart: 0.4261  obj: 0.1460  noobj: 0.1631  box: 0.0397  cls: 0.0000  
2023-12-18 15:40:23 | [Train-Epoch:010] multipart: 0.3837  obj: 0.1350  noobj: 0.1482  box: 0.0349  cls: 0.0000  
2023-12-18 15:41:35 | 
	 - Average Precision (AP) @[ IoU=0.50:0.95 | area=   all | maxDets=100 ] = 0.035
	 - Average Precision (AP) @[ IoU=0.50      | area=   all | maxDets=100 ] = 0.114
	 - Average Precision (AP) @[ IoU=0.75      | area=   all | maxDets=100 ] = 0.013
	 - Average Precision (AP) @[ IoU=0.50:0.95 | area= small | maxDets=100 ] = 0.000
	 - Average Precision (AP) @[ IoU=0.50      | area= small | maxDets=100 ] = 0.000
	 - Average Precision (AP) @[ IoU=0.50:0.95 | area=medium | maxDets=100 ] = 0.001
	 - Average Precision (AP) @[ IoU=0.50      | area=medium | maxDets=100 ] = 0.002
	 - Average Precision (AP) @[ IoU=0.50:0.95 | area= large | maxDets=100 ] = 0.094
	 - Average Precision (AP) @[ IoU=0.50      | area= large | maxDets=100 ] = 0.305

2023-12-18 16:04:13 | [Train-Epoch:001] multipart: 1.8183  obj: 0.1456  noobj: 0.2280  box: 0.3117  cls: 0.0000  
2023-12-18 16:08:22 | [Train-Epoch:002] multipart: 1.3108  obj: 0.1403  noobj: 0.1465  box: 0.2195  cls: 0.0000  
2023-12-18 16:12:30 | [Train-Epoch:003] multipart: 1.0989  obj: 0.1440  noobj: 0.1533  box: 0.1756  cls: 0.0000  
2023-12-18 16:16:53 | [Train-Epoch:004] multipart: 0.9073  obj: 0.1509  noobj: 0.1595  box: 0.1353  cls: 0.0000  
2023-12-18 16:21:08 | [Train-Epoch:005] multipart: 0.7427  obj: 0.1580  noobj: 0.1703  box: 0.0999  cls: 0.0000  
2023-12-18 16:25:26 | [Train-Epoch:006] multipart: 0.6176  obj: 0.1621  noobj: 0.1761  box: 0.0735  cls: 0.0000  
2023-12-18 16:29:43 | [Train-Epoch:007] multipart: 0.5381  obj: 0.1611  noobj: 0.1769  box: 0.0577  cls: 0.0000  
2023-12-18 16:34:23 | [Train-Epoch:008] multipart: 0.4765  obj: 0.1539  noobj: 0.1753  box: 0.0470  cls: 0.0000  
2023-12-18 16:39:04 | [Train-Epoch:009] multipart: 0.4261  obj: 0.1460  noobj: 0.1631  box: 0.0397  cls: 0.0000  
2023-12-18 16:43:48 | [Train-Epoch:010] multipart: 0.3837  obj: 0.1350  noobj: 0.1482  box: 0.0349  cls: 0.0000  
2023-12-18 16:44:40 | 
	 - Average Precision (AP) @[ IoU=0.50:0.95 | area=   all | maxDets=100 ] = 0.035
	 - Average Precision (AP) @[ IoU=0.50      | area=   all | maxDets=100 ] = 0.114
	 - Average Precision (AP) @[ IoU=0.75      | area=   all | maxDets=100 ] = 0.013
	 - Average Precision (AP) @[ IoU=0.50:0.95 | area= small | maxDets=100 ] = 0.000
	 - Average Precision (AP) @[ IoU=0.50      | area= small | maxDets=100 ] = 0.000
	 - Average Precision (AP) @[ IoU=0.50:0.95 | area=medium | maxDets=100 ] = 0.001
	 - Average Precision (AP) @[ IoU=0.50      | area=medium | maxDets=100 ] = 0.002
	 - Average Precision (AP) @[ IoU=0.50:0.95 | area= large | maxDets=100 ] = 0.094
	 - Average Precision (AP) @[ IoU=0.50      | area= large | maxDets=100 ] = 0.305

2023-12-18 16:54:54 | [Train-Epoch:001] multipart: 1.8183  obj: 0.1456  noobj: 0.2280  box: 0.3117  cls: 0.0000  
2023-12-18 16:59:27 | [Train-Epoch:002] multipart: 1.3108  obj: 0.1403  noobj: 0.1465  box: 0.2195  cls: 0.0000  
2023-12-18 17:03:53 | [Train-Epoch:003] multipart: 1.0989  obj: 0.1440  noobj: 0.1533  box: 0.1756  cls: 0.0000  
2023-12-18 17:08:26 | [Train-Epoch:004] multipart: 0.9073  obj: 0.1509  noobj: 0.1595  box: 0.1353  cls: 0.0000  
2023-12-18 17:14:19 | [Train-Epoch:005] multipart: 0.7427  obj: 0.1580  noobj: 0.1703  box: 0.0999  cls: 0.0000  
2023-12-18 17:17:24 | [Train-Epoch:006] multipart: 0.6176  obj: 0.1621  noobj: 0.1761  box: 0.0735  cls: 0.0000  
2023-12-18 17:22:07 | [Train-Epoch:007] multipart: 0.5381  obj: 0.1611  noobj: 0.1769  box: 0.0577  cls: 0.0000  
2023-12-18 17:26:19 | [Train-Epoch:008] multipart: 0.4765  obj: 0.1539  noobj: 0.1753  box: 0.0470  cls: 0.0000  
2023-12-18 17:30:50 | [Train-Epoch:009] multipart: 0.4261  obj: 0.1460  noobj: 0.1631  box: 0.0397  cls: 0.0000  
2023-12-18 17:35:24 | [Train-Epoch:010] multipart: 0.3837  obj: 0.1350  noobj: 0.1482  box: 0.0349  cls: 0.0000  
2023-12-18 17:36:23 | 
	 - Average Precision (AP) @[ IoU=0.50:0.95 | area=   all | maxDets=100 ] = 0.035
	 - Average Precision (AP) @[ IoU=0.50      | area=   all | maxDets=100 ] = 0.114
	 - Average Precision (AP) @[ IoU=0.75      | area=   all | maxDets=100 ] = 0.013
	 - Average Precision (AP) @[ IoU=0.50:0.95 | area= small | maxDets=100 ] = 0.000
	 - Average Precision (AP) @[ IoU=0.50      | area= small | maxDets=100 ] = 0.000
	 - Average Precision (AP) @[ IoU=0.50:0.95 | area=medium | maxDets=100 ] = 0.001
	 - Average Precision (AP) @[ IoU=0.50      | area=medium | maxDets=100 ] = 0.002
	 - Average Precision (AP) @[ IoU=0.50:0.95 | area= large | maxDets=100 ] = 0.094
	 - Average Precision (AP) @[ IoU=0.50      | area= large | maxDets=100 ] = 0.305

2023-12-18 17:40:44 | [Train-Epoch:011] multipart: 0.3463  obj: 0.1237  noobj: 0.1309  box: 0.0314  cls: 0.0000  
2023-12-18 17:45:26 | [Train-Epoch:012] multipart: 0.3143  obj: 0.1144  noobj: 0.1128  box: 0.0287  cls: 0.0000  
2023-12-18 17:50:29 | [Train-Epoch:013] multipart: 0.2811  obj: 0.1017  noobj: 0.0946  box: 0.0264  cls: 0.0000  
2023-12-18 17:55:33 | [Train-Epoch:014] multipart: 0.2562  obj: 0.0938  noobj: 0.0806  box: 0.0244  cls: 0.0000  
2023-12-18 18:00:26 | [Train-Epoch:015] multipart: 0.2301  obj: 0.0844  noobj: 0.0674  box: 0.0224  cls: 0.0000  
2023-12-18 18:05:11 | [Train-Epoch:016] multipart: 0.2124  obj: 0.0769  noobj: 0.0577  box: 0.0213  cls: 0.0000  
2023-12-18 18:38:35 | [Train-Epoch:001] multipart: 1.8182  obj: 0.1467  noobj: 0.2280  box: 0.3115  cls: 0.0000  
2023-12-18 18:43:45 | [Train-Epoch:001] multipart: 1.8197  obj: 0.1459  noobj: 0.2279  box: 0.3120  cls: 0.0000  
2023-12-18 18:45:17 | [Train-Epoch:002] multipart: 1.3062  obj: 0.1402  noobj: 0.1464  box: 0.2186  cls: 0.0000  
2023-12-18 18:46:54 | [Train-Epoch:003] multipart: 1.0930  obj: 0.1440  noobj: 0.1537  box: 0.1744  cls: 0.0000  
2023-12-18 18:48:14 | [Train-Epoch:004] multipart: 0.9012  obj: 0.1509  noobj: 0.1597  box: 0.1341  cls: 0.0000  
2023-12-18 18:50:14 | [Train-Epoch:005] multipart: 0.7383  obj: 0.1595  noobj: 0.1707  box: 0.0987  cls: 0.0000  
2023-12-18 18:51:33 | [Train-Epoch:006] multipart: 0.6125  obj: 0.1631  noobj: 0.1756  box: 0.0723  cls: 0.0000  
2023-12-18 18:53:24 | [Train-Epoch:007] multipart: 0.5332  obj: 0.1613  noobj: 0.1764  box: 0.0567  cls: 0.0000  
2023-12-18 18:54:49 | [Train-Epoch:008] multipart: 0.4727  obj: 0.1536  noobj: 0.1746  box: 0.0464  cls: 0.0000  
2023-12-18 18:56:24 | [Train-Epoch:009] multipart: 0.4231  obj: 0.1463  noobj: 0.1609  box: 0.0393  cls: 0.0000  
2023-12-18 18:58:02 | [Train-Epoch:010] multipart: 0.3852  obj: 0.1360  noobj: 0.1472  box: 0.0351  cls: 0.0000  
2023-12-18 19:00:18 | [Train-Epoch:001] multipart: 1.8154  obj: 0.1459  noobj: 0.2279  box: 0.3111  cls: 0.0000  
2023-12-18 19:03:16 | [Train-Epoch:001] multipart: 1.8169  obj: 0.1454  noobj: 0.2285  box: 0.3115  cls: 0.0000  
2023-12-18 19:05:10 | [Train-Epoch:002] multipart: 1.3021  obj: 0.1409  noobj: 0.1464  box: 0.2176  cls: 0.0000  
2023-12-18 19:06:31 | [Train-Epoch:003] multipart: 1.0887  obj: 0.1442  noobj: 0.1543  box: 0.1735  cls: 0.0000  
2023-12-18 19:07:43 | [Train-Epoch:004] multipart: 0.8965  obj: 0.1517  noobj: 0.1605  box: 0.1329  cls: 0.0000  
2023-12-18 19:09:15 | [Train-Epoch:005] multipart: 0.7355  obj: 0.1591  noobj: 0.1713  box: 0.0982  cls: 0.0000  
2023-12-18 19:10:37 | [Train-Epoch:006] multipart: 0.6124  obj: 0.1637  noobj: 0.1764  box: 0.0721  cls: 0.0000  
2023-12-18 19:12:01 | [Train-Epoch:007] multipart: 0.5334  obj: 0.1605  noobj: 0.1772  box: 0.0569  cls: 0.0000  
2023-12-18 19:13:28 | [Train-Epoch:008] multipart: 0.4718  obj: 0.1536  noobj: 0.1739  box: 0.0463  cls: 0.0000  
2023-12-18 19:15:11 | [Train-Epoch:009] multipart: 0.4231  obj: 0.1467  noobj: 0.1605  box: 0.0392  cls: 0.0000  
2023-12-18 19:17:08 | [Train-Epoch:010] multipart: 0.3832  obj: 0.1344  noobj: 0.1484  box: 0.0349  cls: 0.0000  
2023-12-18 19:17:58 | 
	 - Average Precision (AP) @[ IoU=0.50:0.95 | area=   all | maxDets=100 ] = 0.034
	 - Average Precision (AP) @[ IoU=0.50      | area=   all | maxDets=100 ] = 0.113
	 - Average Precision (AP) @[ IoU=0.75      | area=   all | maxDets=100 ] = 0.012
	 - Average Precision (AP) @[ IoU=0.50:0.95 | area= small | maxDets=100 ] = 0.000
	 - Average Precision (AP) @[ IoU=0.50      | area= small | maxDets=100 ] = 0.000
	 - Average Precision (AP) @[ IoU=0.50:0.95 | area=medium | maxDets=100 ] = 0.000
	 - Average Precision (AP) @[ IoU=0.50      | area=medium | maxDets=100 ] = 0.002
	 - Average Precision (AP) @[ IoU=0.50:0.95 | area= large | maxDets=100 ] = 0.093
	 - Average Precision (AP) @[ IoU=0.50      | area= large | maxDets=100 ] = 0.301

2023-12-18 19:19:23 | [Train-Epoch:011] multipart: 0.3417  obj: 0.1237  noobj: 0.1288  box: 0.0307  cls: 0.0000  
2023-12-18 19:20:53 | [Train-Epoch:012] multipart: 0.3126  obj: 0.1141  noobj: 0.1116  box: 0.0285  cls: 0.0000  
2023-12-18 19:22:23 | [Train-Epoch:013] multipart: 0.2804  obj: 0.1026  noobj: 0.0951  box: 0.0261  cls: 0.0000  
2023-12-18 19:23:50 | [Train-Epoch:014] multipart: 0.2546  obj: 0.0932  noobj: 0.0804  box: 0.0243  cls: 0.0000  
2023-12-18 19:25:23 | [Train-Epoch:015] multipart: 0.2304  obj: 0.0846  noobj: 0.0670  box: 0.0224  cls: 0.0000  
2023-12-18 19:27:17 | [Train-Epoch:016] multipart: 0.2123  obj: 0.0773  noobj: 0.0577  box: 0.0212  cls: 0.0000  
2023-12-18 19:28:59 | [Train-Epoch:017] multipart: 0.2008  obj: 0.0735  noobj: 0.0494  box: 0.0205  cls: 0.0000  
2023-12-18 19:30:28 | [Train-Epoch:018] multipart: 0.1844  obj: 0.0653  noobj: 0.0431  box: 0.0195  cls: 0.0000  
2023-12-18 19:31:54 | [Train-Epoch:019] multipart: 0.1688  obj: 0.0604  noobj: 0.0373  box: 0.0180  cls: 0.0000  
2023-12-18 19:33:28 | [Train-Epoch:020] multipart: 0.1607  obj: 0.0583  noobj: 0.0327  box: 0.0172  cls: 0.0000  
2023-12-18 19:34:06 | 
	 - Average Precision (AP) @[ IoU=0.50:0.95 | area=   all | maxDets=100 ] = 0.032
	 - Average Precision (AP) @[ IoU=0.50      | area=   all | maxDets=100 ] = 0.103
	 - Average Precision (AP) @[ IoU=0.75      | area=   all | maxDets=100 ] = 0.012
	 - Average Precision (AP) @[ IoU=0.50:0.95 | area= small | maxDets=100 ] = 0.000
	 - Average Precision (AP) @[ IoU=0.50      | area= small | maxDets=100 ] = 0.000
	 - Average Precision (AP) @[ IoU=0.50:0.95 | area=medium | maxDets=100 ] = 0.000
	 - Average Precision (AP) @[ IoU=0.50      | area=medium | maxDets=100 ] = 0.003
	 - Average Precision (AP) @[ IoU=0.50:0.95 | area= large | maxDets=100 ] = 0.089
	 - Average Precision (AP) @[ IoU=0.50      | area= large | maxDets=100 ] = 0.283

2023-12-18 19:35:50 | [Train-Epoch:021] multipart: 0.1506  obj: 0.0546  noobj: 0.0299  box: 0.0162  cls: 0.0000  
2023-12-18 19:37:11 | [Train-Epoch:022] multipart: 0.1407  obj: 0.0514  noobj: 0.0252  box: 0.0154  cls: 0.0000  
2023-12-18 19:39:22 | [Train-Epoch:023] multipart: 0.1373  obj: 0.0499  noobj: 0.0230  box: 0.0152  cls: 0.0000  
2023-12-18 19:41:08 | [Train-Epoch:024] multipart: 0.1304  obj: 0.0475  noobj: 0.0211  box: 0.0145  cls: 0.0000  
2023-12-18 19:42:41 | [Train-Epoch:025] multipart: 0.1203  obj: 0.0435  noobj: 0.0190  box: 0.0135  cls: 0.0000  
2023-12-18 19:44:17 | [Train-Epoch:026] multipart: 0.1154  obj: 0.0425  noobj: 0.0169  box: 0.0129  cls: 0.0000  
2023-12-18 19:45:41 | [Train-Epoch:027] multipart: 0.1118  obj: 0.0413  noobj: 0.0157  box: 0.0125  cls: 0.0000  
2023-12-18 19:47:25 | [Train-Epoch:028] multipart: 0.1062  obj: 0.0390  noobj: 0.0149  box: 0.0120  cls: 0.0000  
2023-12-18 19:48:40 | [Train-Epoch:029] multipart: 0.1055  obj: 0.0383  noobj: 0.0143  box: 0.0120  cls: 0.0000  
2023-12-18 19:50:50 | [Train-Epoch:030] multipart: 0.1009  obj: 0.0368  noobj: 0.0130  box: 0.0115  cls: 0.0000  
2023-12-18 19:51:41 | 
	 - Average Precision (AP) @[ IoU=0.50:0.95 | area=   all | maxDets=100 ] = 0.031
	 - Average Precision (AP) @[ IoU=0.50      | area=   all | maxDets=100 ] = 0.099
	 - Average Precision (AP) @[ IoU=0.75      | area=   all | maxDets=100 ] = 0.012
	 - Average Precision (AP) @[ IoU=0.50:0.95 | area= small | maxDets=100 ] = 0.000
	 - Average Precision (AP) @[ IoU=0.50      | area= small | maxDets=100 ] = 0.000
	 - Average Precision (AP) @[ IoU=0.50:0.95 | area=medium | maxDets=100 ] = 0.000
	 - Average Precision (AP) @[ IoU=0.50      | area=medium | maxDets=100 ] = 0.002
	 - Average Precision (AP) @[ IoU=0.50:0.95 | area= large | maxDets=100 ] = 0.086
	 - Average Precision (AP) @[ IoU=0.50      | area= large | maxDets=100 ] = 0.277

2023-12-18 19:53:11 | [Train-Epoch:031] multipart: 0.0952  obj: 0.0348  noobj: 0.0120  box: 0.0109  cls: 0.0000  
2023-12-18 19:54:54 | [Train-Epoch:032] multipart: 0.0943  obj: 0.0344  noobj: 0.0115  box: 0.0108  cls: 0.0000  
2023-12-18 19:56:18 | [Train-Epoch:033] multipart: 0.0889  obj: 0.0328  noobj: 0.0105  box: 0.0102  cls: 0.0000  
2023-12-18 19:57:31 | [Train-Epoch:034] multipart: 0.0869  obj: 0.0312  noobj: 0.0109  box: 0.0100  cls: 0.0000  
2023-12-18 19:59:00 | [Train-Epoch:035] multipart: 0.0840  obj: 0.0306  noobj: 0.0097  box: 0.0097  cls: 0.0000  
2023-12-18 20:00:28 | [Train-Epoch:036] multipart: 0.0834  obj: 0.0306  noobj: 0.0092  box: 0.0096  cls: 0.0000  
2023-12-18 20:02:01 | [Train-Epoch:037] multipart: 0.0815  obj: 0.0297  noobj: 0.0092  box: 0.0094  cls: 0.0000  
2023-12-18 20:03:55 | [Train-Epoch:038] multipart: 0.0802  obj: 0.0299  noobj: 0.0087  box: 0.0092  cls: 0.0000  
2023-12-18 20:05:13 | [Train-Epoch:039] multipart: 0.0777  obj: 0.0284  noobj: 0.0083  box: 0.0090  cls: 0.0000  
2023-12-18 20:06:50 | [Train-Epoch:040] multipart: 0.0770  obj: 0.0287  noobj: 0.0084  box: 0.0088  cls: 0.0000  
2023-12-18 20:07:36 | 
	 - Average Precision (AP) @[ IoU=0.50:0.95 | area=   all | maxDets=100 ] = 0.033
	 - Average Precision (AP) @[ IoU=0.50      | area=   all | maxDets=100 ] = 0.105
	 - Average Precision (AP) @[ IoU=0.75      | area=   all | maxDets=100 ] = 0.013
	 - Average Precision (AP) @[ IoU=0.50:0.95 | area= small | maxDets=100 ] = 0.000
	 - Average Precision (AP) @[ IoU=0.50      | area= small | maxDets=100 ] = 0.000
	 - Average Precision (AP) @[ IoU=0.50:0.95 | area=medium | maxDets=100 ] = 0.000
	 - Average Precision (AP) @[ IoU=0.50      | area=medium | maxDets=100 ] = 0.002
	 - Average Precision (AP) @[ IoU=0.50:0.95 | area= large | maxDets=100 ] = 0.093
	 - Average Precision (AP) @[ IoU=0.50      | area= large | maxDets=100 ] = 0.291

2023-12-18 20:08:58 | [Train-Epoch:041] multipart: 0.0751  obj: 0.0270  noobj: 0.0076  box: 0.0089  cls: 0.0000  
2023-12-18 20:10:35 | [Train-Epoch:042] multipart: 0.0713  obj: 0.0259  noobj: 0.0076  box: 0.0083  cls: 0.0000  
2023-12-18 20:11:59 | [Train-Epoch:043] multipart: 0.0713  obj: 0.0256  noobj: 0.0073  box: 0.0084  cls: 0.0000  
2023-12-18 20:13:44 | [Train-Epoch:044] multipart: 0.0674  obj: 0.0243  noobj: 0.0065  box: 0.0080  cls: 0.0000  
2023-12-18 20:15:36 | [Train-Epoch:045] multipart: 0.0655  obj: 0.0235  noobj: 0.0064  box: 0.0078  cls: 0.0000  
2023-12-18 20:17:25 | [Train-Epoch:046] multipart: 0.0659  obj: 0.0240  noobj: 0.0063  box: 0.0077  cls: 0.0000  
2023-12-18 20:18:53 | [Train-Epoch:047] multipart: 0.0654  obj: 0.0241  noobj: 0.0063  box: 0.0076  cls: 0.0000  
2023-12-18 20:20:38 | [Train-Epoch:048] multipart: 0.0616  obj: 0.0223  noobj: 0.0060  box: 0.0073  cls: 0.0000  
2023-12-18 20:22:01 | [Train-Epoch:049] multipart: 0.0607  obj: 0.0214  noobj: 0.0058  box: 0.0073  cls: 0.0000  
2023-12-18 20:23:54 | [Train-Epoch:050] multipart: 0.0599  obj: 0.0217  noobj: 0.0053  box: 0.0071  cls: 0.0000  
2023-12-18 20:24:33 | 
	 - Average Precision (AP) @[ IoU=0.50:0.95 | area=   all | maxDets=100 ] = 0.034
	 - Average Precision (AP) @[ IoU=0.50      | area=   all | maxDets=100 ] = 0.107
	 - Average Precision (AP) @[ IoU=0.75      | area=   all | maxDets=100 ] = 0.013
	 - Average Precision (AP) @[ IoU=0.50:0.95 | area= small | maxDets=100 ] = 0.000
	 - Average Precision (AP) @[ IoU=0.50      | area= small | maxDets=100 ] = 0.000
	 - Average Precision (AP) @[ IoU=0.50:0.95 | area=medium | maxDets=100 ] = 0.000
	 - Average Precision (AP) @[ IoU=0.50      | area=medium | maxDets=100 ] = 0.002
	 - Average Precision (AP) @[ IoU=0.50:0.95 | area= large | maxDets=100 ] = 0.096
	 - Average Precision (AP) @[ IoU=0.50      | area= large | maxDets=100 ] = 0.298

2023-12-18 20:28:20 | [Train-Epoch:051] multipart: 0.0577  obj: 0.0207  noobj: 0.0053  box: 0.0069  cls: 0.0000  
2023-12-18 20:33:07 | [Train-Epoch:052] multipart: 0.0596  obj: 0.0213  noobj: 0.0056  box: 0.0071  cls: 0.0000  
2023-12-18 20:38:44 | [Train-Epoch:053] multipart: 0.0560  obj: 0.0204  noobj: 0.0050  box: 0.0066  cls: 0.0000  
2023-12-18 20:46:09 | [Train-Epoch:054] multipart: 0.0568  obj: 0.0203  noobj: 0.0050  box: 0.0068  cls: 0.0000  
2023-12-18 20:52:49 | [Train-Epoch:055] multipart: 0.0560  obj: 0.0200  noobj: 0.0047  box: 0.0067  cls: 0.0000  
2023-12-18 20:59:42 | [Train-Epoch:056] multipart: 0.0557  obj: 0.0202  noobj: 0.0048  box: 0.0066  cls: 0.0000  
2023-12-18 21:07:12 | [Train-Epoch:057] multipart: 0.0546  obj: 0.0195  noobj: 0.0048  box: 0.0065  cls: 0.0000  
2023-12-18 21:14:16 | [Train-Epoch:058] multipart: 0.0548  obj: 0.0200  noobj: 0.0045  box: 0.0065  cls: 0.0000  
2023-12-18 21:20:07 | [Train-Epoch:059] multipart: 0.0530  obj: 0.0192  noobj: 0.0044  box: 0.0063  cls: 0.0000  
2023-12-18 21:26:17 | [Train-Epoch:060] multipart: 0.0523  obj: 0.0187  noobj: 0.0043  box: 0.0063  cls: 0.0000  
2023-12-18 21:29:59 | 
	 - Average Precision (AP) @[ IoU=0.50:0.95 | area=   all | maxDets=100 ] = 0.034
	 - Average Precision (AP) @[ IoU=0.50      | area=   all | maxDets=100 ] = 0.108
	 - Average Precision (AP) @[ IoU=0.75      | area=   all | maxDets=100 ] = 0.013
	 - Average Precision (AP) @[ IoU=0.50:0.95 | area= small | maxDets=100 ] = 0.000
	 - Average Precision (AP) @[ IoU=0.50      | area= small | maxDets=100 ] = 0.000
	 - Average Precision (AP) @[ IoU=0.50:0.95 | area=medium | maxDets=100 ] = 0.000
	 - Average Precision (AP) @[ IoU=0.50      | area=medium | maxDets=100 ] = 0.002
	 - Average Precision (AP) @[ IoU=0.50:0.95 | area= large | maxDets=100 ] = 0.095
	 - Average Precision (AP) @[ IoU=0.50      | area= large | maxDets=100 ] = 0.298

2023-12-18 21:37:11 | [Train-Epoch:061] multipart: 0.0509  obj: 0.0183  noobj: 0.0041  box: 0.0061  cls: 0.0000  
2023-12-18 21:45:04 | [Train-Epoch:062] multipart: 0.0494  obj: 0.0177  noobj: 0.0038  box: 0.0060  cls: 0.0000  
2023-12-18 21:52:11 | [Train-Epoch:063] multipart: 0.0512  obj: 0.0187  noobj: 0.0039  box: 0.0061  cls: 0.0000  
2023-12-18 21:59:35 | [Train-Epoch:064] multipart: 0.0503  obj: 0.0186  noobj: 0.0038  box: 0.0060  cls: 0.0000  
2023-12-18 22:06:17 | [Train-Epoch:065] multipart: 0.0501  obj: 0.0178  noobj: 0.0040  box: 0.0061  cls: 0.0000  
2023-12-18 22:12:49 | [Train-Epoch:066] multipart: 0.0475  obj: 0.0172  noobj: 0.0037  box: 0.0057  cls: 0.0000  
2023-12-18 22:19:38 | [Train-Epoch:067] multipart: 0.0477  obj: 0.0173  noobj: 0.0037  box: 0.0057  cls: 0.0000  
2023-12-18 22:26:30 | [Train-Epoch:068] multipart: 0.0452  obj: 0.0168  noobj: 0.0035  box: 0.0053  cls: 0.0000  
2023-12-18 22:33:36 | [Train-Epoch:069] multipart: 0.0463  obj: 0.0169  noobj: 0.0034  box: 0.0055  cls: 0.0000  
2023-12-18 22:40:40 | [Train-Epoch:070] multipart: 0.0460  obj: 0.0170  noobj: 0.0035  box: 0.0054  cls: 0.0000  
2023-12-18 22:43:37 | 
	 - Average Precision (AP) @[ IoU=0.50:0.95 | area=   all | maxDets=100 ] = 0.034
	 - Average Precision (AP) @[ IoU=0.50      | area=   all | maxDets=100 ] = 0.105
	 - Average Precision (AP) @[ IoU=0.75      | area=   all | maxDets=100 ] = 0.013
	 - Average Precision (AP) @[ IoU=0.50:0.95 | area= small | maxDets=100 ] = 0.000
	 - Average Precision (AP) @[ IoU=0.50      | area= small | maxDets=100 ] = 0.000
	 - Average Precision (AP) @[ IoU=0.50:0.95 | area=medium | maxDets=100 ] = 0.001
	 - Average Precision (AP) @[ IoU=0.50      | area=medium | maxDets=100 ] = 0.002
	 - Average Precision (AP) @[ IoU=0.50:0.95 | area= large | maxDets=100 ] = 0.094
	 - Average Precision (AP) @[ IoU=0.50      | area= large | maxDets=100 ] = 0.290

2023-12-18 22:50:06 | [Train-Epoch:071] multipart: 0.0454  obj: 0.0165  noobj: 0.0032  box: 0.0055  cls: 0.0000  
2023-12-18 22:56:26 | [Train-Epoch:072] multipart: 0.0453  obj: 0.0165  noobj: 0.0034  box: 0.0054  cls: 0.0000  
2023-12-18 23:03:44 | [Train-Epoch:073] multipart: 0.0452  obj: 0.0165  noobj: 0.0031  box: 0.0054  cls: 0.0000  
2023-12-18 23:09:35 | [Train-Epoch:074] multipart: 0.0438  obj: 0.0158  noobj: 0.0032  box: 0.0053  cls: 0.0000  
2023-12-18 23:15:58 | [Train-Epoch:075] multipart: 0.0432  obj: 0.0160  noobj: 0.0030  box: 0.0051  cls: 0.0000  
2023-12-18 23:23:06 | [Train-Epoch:076] multipart: 0.0423  obj: 0.0158  noobj: 0.0030  box: 0.0050  cls: 0.0000  
2023-12-18 23:29:49 | [Train-Epoch:077] multipart: 0.0432  obj: 0.0160  noobj: 0.0030  box: 0.0051  cls: 0.0000  
2023-12-18 23:36:56 | [Train-Epoch:078] multipart: 0.0432  obj: 0.0162  noobj: 0.0030  box: 0.0051  cls: 0.0000  
2023-12-18 23:43:38 | [Train-Epoch:079] multipart: 0.0419  obj: 0.0154  noobj: 0.0029  box: 0.0050  cls: 0.0000  
2023-12-18 23:50:24 | [Train-Epoch:080] multipart: 0.0420  obj: 0.0153  noobj: 0.0029  box: 0.0050  cls: 0.0000  
2023-12-18 23:54:06 | 
	 - Average Precision (AP) @[ IoU=0.50:0.95 | area=   all | maxDets=100 ] = 0.035
	 - Average Precision (AP) @[ IoU=0.50      | area=   all | maxDets=100 ] = 0.108
	 - Average Precision (AP) @[ IoU=0.75      | area=   all | maxDets=100 ] = 0.014
	 - Average Precision (AP) @[ IoU=0.50:0.95 | area= small | maxDets=100 ] = 0.000
	 - Average Precision (AP) @[ IoU=0.50      | area= small | maxDets=100 ] = 0.000
	 - Average Precision (AP) @[ IoU=0.50:0.95 | area=medium | maxDets=100 ] = 0.000
	 - Average Precision (AP) @[ IoU=0.50      | area=medium | maxDets=100 ] = 0.002
	 - Average Precision (AP) @[ IoU=0.50:0.95 | area= large | maxDets=100 ] = 0.097
	 - Average Precision (AP) @[ IoU=0.50      | area= large | maxDets=100 ] = 0.296

2023-12-19 00:00:46 | [Train-Epoch:081] multipart: 0.0400  obj: 0.0149  noobj: 0.0029  box: 0.0047  cls: 0.0000  
2023-12-19 00:06:29 | [Train-Epoch:082] multipart: 0.0411  obj: 0.0154  noobj: 0.0027  box: 0.0049  cls: 0.0000  
2023-12-19 00:13:07 | [Train-Epoch:083] multipart: 0.0400  obj: 0.0149  noobj: 0.0027  box: 0.0048  cls: 0.0000  
2023-12-19 00:17:37 | [Train-Epoch:084] multipart: 0.0409  obj: 0.0157  noobj: 0.0027  box: 0.0048  cls: 0.0000  
2023-12-19 00:21:30 | [Train-Epoch:085] multipart: 0.0404  obj: 0.0153  noobj: 0.0028  box: 0.0047  cls: 0.0000  
2023-12-19 00:25:56 | [Train-Epoch:086] multipart: 0.0399  obj: 0.0155  noobj: 0.0027  box: 0.0046  cls: 0.0000  
2023-12-19 00:30:09 | [Train-Epoch:087] multipart: 0.0404  obj: 0.0151  noobj: 0.0028  box: 0.0048  cls: 0.0000  
2023-12-19 00:34:37 | [Train-Epoch:088] multipart: 0.0395  obj: 0.0146  noobj: 0.0025  box: 0.0047  cls: 0.0000  
2023-12-19 00:39:34 | [Train-Epoch:089] multipart: 0.0385  obj: 0.0145  noobj: 0.0025  box: 0.0046  cls: 0.0000  
2023-12-19 00:44:45 | [Train-Epoch:090] multipart: 0.0386  obj: 0.0147  noobj: 0.0024  box: 0.0046  cls: 0.0000  
2023-12-19 00:47:55 | 
	 - Average Precision (AP) @[ IoU=0.50:0.95 | area=   all | maxDets=100 ] = 0.036
	 - Average Precision (AP) @[ IoU=0.50      | area=   all | maxDets=100 ] = 0.110
	 - Average Precision (AP) @[ IoU=0.75      | area=   all | maxDets=100 ] = 0.015
	 - Average Precision (AP) @[ IoU=0.50:0.95 | area= small | maxDets=100 ] = 0.000
	 - Average Precision (AP) @[ IoU=0.50      | area= small | maxDets=100 ] = 0.000
	 - Average Precision (AP) @[ IoU=0.50:0.95 | area=medium | maxDets=100 ] = 0.000
	 - Average Precision (AP) @[ IoU=0.50      | area=medium | maxDets=100 ] = 0.002
	 - Average Precision (AP) @[ IoU=0.50:0.95 | area= large | maxDets=100 ] = 0.099
	 - Average Precision (AP) @[ IoU=0.50      | area= large | maxDets=100 ] = 0.301

2023-12-19 00:52:45 | [Train-Epoch:091] multipart: 0.0359  obj: 0.0137  noobj: 0.0025  box: 0.0042  cls: 0.0000  
2023-12-19 00:56:25 | [Train-Epoch:092] multipart: 0.0348  obj: 0.0132  noobj: 0.0024  box: 0.0041  cls: 0.0000  
2023-12-19 00:59:00 | [Train-Epoch:093] multipart: 0.0335  obj: 0.0129  noobj: 0.0023  box: 0.0039  cls: 0.0000  
2023-12-19 01:02:08 | [Train-Epoch:094] multipart: 0.0349  obj: 0.0134  noobj: 0.0024  box: 0.0041  cls: 0.0000  
2023-12-19 01:04:33 | [Train-Epoch:095] multipart: 0.0328  obj: 0.0128  noobj: 0.0023  box: 0.0038  cls: 0.0000  
2023-12-19 01:06:45 | [Train-Epoch:096] multipart: 0.0325  obj: 0.0126  noobj: 0.0023  box: 0.0038  cls: 0.0000  
2023-12-19 01:10:05 | [Train-Epoch:097] multipart: 0.0326  obj: 0.0125  noobj: 0.0022  box: 0.0038  cls: 0.0000  
2023-12-19 01:12:45 | [Train-Epoch:098] multipart: 0.0318  obj: 0.0122  noobj: 0.0022  box: 0.0037  cls: 0.0000  
2023-12-19 01:14:57 | [Train-Epoch:099] multipart: 0.0320  obj: 0.0127  noobj: 0.0023  box: 0.0036  cls: 0.0000  
2023-12-19 01:16:39 | [Train-Epoch:100] multipart: 0.0319  obj: 0.0125  noobj: 0.0022  box: 0.0037  cls: 0.0000  
2023-12-19 01:18:13 | 
	 - Average Precision (AP) @[ IoU=0.50:0.95 | area=   all | maxDets=100 ] = 0.035
	 - Average Precision (AP) @[ IoU=0.50      | area=   all | maxDets=100 ] = 0.108
	 - Average Precision (AP) @[ IoU=0.75      | area=   all | maxDets=100 ] = 0.014
	 - Average Precision (AP) @[ IoU=0.50:0.95 | area= small | maxDets=100 ] = 0.000
	 - Average Precision (AP) @[ IoU=0.50      | area= small | maxDets=100 ] = 0.000
	 - Average Precision (AP) @[ IoU=0.50:0.95 | area=medium | maxDets=100 ] = 0.000
	 - Average Precision (AP) @[ IoU=0.50      | area=medium | maxDets=100 ] = 0.002
	 - Average Precision (AP) @[ IoU=0.50:0.95 | area= large | maxDets=100 ] = 0.096
	 - Average Precision (AP) @[ IoU=0.50      | area= large | maxDets=100 ] = 0.295

2023-12-19 01:20:58 | [Train-Epoch:101] multipart: 0.0306  obj: 0.0118  noobj: 0.0022  box: 0.0035  cls: 0.0000  
2023-12-19 01:22:29 | [Train-Epoch:102] multipart: 0.0306  obj: 0.0119  noobj: 0.0022  box: 0.0035  cls: 0.0000  
2023-12-19 01:25:03 | [Train-Epoch:103] multipart: 0.0302  obj: 0.0116  noobj: 0.0021  box: 0.0035  cls: 0.0000  
2023-12-19 01:27:57 | [Train-Epoch:104] multipart: 0.0303  obj: 0.0118  noobj: 0.0021  box: 0.0035  cls: 0.0000  
2023-12-19 01:30:47 | [Train-Epoch:105] multipart: 0.0299  obj: 0.0116  noobj: 0.0021  box: 0.0034  cls: 0.0000  
2023-12-19 01:32:47 | [Train-Epoch:106] multipart: 0.0298  obj: 0.0115  noobj: 0.0021  box: 0.0034  cls: 0.0000  
2023-12-19 01:35:23 | [Train-Epoch:107] multipart: 0.0295  obj: 0.0116  noobj: 0.0020  box: 0.0034  cls: 0.0000  
2023-12-19 01:38:38 | [Train-Epoch:108] multipart: 0.0303  obj: 0.0117  noobj: 0.0022  box: 0.0035  cls: 0.0000  
2023-12-19 01:41:24 | [Train-Epoch:109] multipart: 0.0303  obj: 0.0116  noobj: 0.0021  box: 0.0035  cls: 0.0000  
2023-12-19 01:43:32 | [Train-Epoch:110] multipart: 0.0301  obj: 0.0117  noobj: 0.0021  box: 0.0035  cls: 0.0000  
2023-12-19 01:46:07 | 
	 - Average Precision (AP) @[ IoU=0.50:0.95 | area=   all | maxDets=100 ] = 0.034
	 - Average Precision (AP) @[ IoU=0.50      | area=   all | maxDets=100 ] = 0.108
	 - Average Precision (AP) @[ IoU=0.75      | area=   all | maxDets=100 ] = 0.014
	 - Average Precision (AP) @[ IoU=0.50:0.95 | area= small | maxDets=100 ] = 0.000
	 - Average Precision (AP) @[ IoU=0.50      | area= small | maxDets=100 ] = 0.000
	 - Average Precision (AP) @[ IoU=0.50:0.95 | area=medium | maxDets=100 ] = 0.000
	 - Average Precision (AP) @[ IoU=0.50      | area=medium | maxDets=100 ] = 0.002
	 - Average Precision (AP) @[ IoU=0.50:0.95 | area= large | maxDets=100 ] = 0.096
	 - Average Precision (AP) @[ IoU=0.50      | area= large | maxDets=100 ] = 0.296

2023-12-19 01:48:24 | [Train-Epoch:111] multipart: 0.0305  obj: 0.0118  noobj: 0.0020  box: 0.0035  cls: 0.0000  
2023-12-19 01:51:18 | [Train-Epoch:112] multipart: 0.0301  obj: 0.0117  noobj: 0.0021  box: 0.0035  cls: 0.0000  
2023-12-19 01:55:53 | [Train-Epoch:113] multipart: 0.0296  obj: 0.0114  noobj: 0.0021  box: 0.0034  cls: 0.0000  
2023-12-19 01:59:37 | [Train-Epoch:114] multipart: 0.0284  obj: 0.0108  noobj: 0.0019  box: 0.0033  cls: 0.0000  
2023-12-19 02:01:31 | [Train-Epoch:115] multipart: 0.0295  obj: 0.0117  noobj: 0.0020  box: 0.0034  cls: 0.0000  
2023-12-19 02:05:33 | [Train-Epoch:116] multipart: 0.0298  obj: 0.0117  noobj: 0.0021  box: 0.0034  cls: 0.0000  
2023-12-19 02:09:50 | [Train-Epoch:117] multipart: 0.0285  obj: 0.0110  noobj: 0.0020  box: 0.0033  cls: 0.0000  
2023-12-19 02:12:08 | [Train-Epoch:118] multipart: 0.0299  obj: 0.0117  noobj: 0.0020  box: 0.0034  cls: 0.0000  
2023-12-19 02:16:10 | [Train-Epoch:119] multipart: 0.0284  obj: 0.0108  noobj: 0.0019  box: 0.0033  cls: 0.0000  
2023-12-19 02:17:19 | [Train-Epoch:120] multipart: 0.0296  obj: 0.0115  noobj: 0.0020  box: 0.0034  cls: 0.0000  
2023-12-19 02:19:43 | 
	 - Average Precision (AP) @[ IoU=0.50:0.95 | area=   all | maxDets=100 ] = 0.034
	 - Average Precision (AP) @[ IoU=0.50      | area=   all | maxDets=100 ] = 0.108
	 - Average Precision (AP) @[ IoU=0.75      | area=   all | maxDets=100 ] = 0.014
	 - Average Precision (AP) @[ IoU=0.50:0.95 | area= small | maxDets=100 ] = 0.000
	 - Average Precision (AP) @[ IoU=0.50      | area= small | maxDets=100 ] = 0.000
	 - Average Precision (AP) @[ IoU=0.50:0.95 | area=medium | maxDets=100 ] = 0.000
	 - Average Precision (AP) @[ IoU=0.50      | area=medium | maxDets=100 ] = 0.002
	 - Average Precision (AP) @[ IoU=0.50:0.95 | area= large | maxDets=100 ] = 0.096
	 - Average Precision (AP) @[ IoU=0.50      | area= large | maxDets=100 ] = 0.297

2023-12-19 02:21:22 | [Train-Epoch:121] multipart: 0.0282  obj: 0.0110  noobj: 0.0019  box: 0.0033  cls: 0.0000  
2023-12-19 02:24:27 | [Train-Epoch:122] multipart: 0.0280  obj: 0.0107  noobj: 0.0019  box: 0.0033  cls: 0.0000  
2023-12-19 02:27:58 | [Train-Epoch:123] multipart: 0.0283  obj: 0.0108  noobj: 0.0019  box: 0.0033  cls: 0.0000  
2023-12-19 02:31:44 | [Train-Epoch:124] multipart: 0.0303  obj: 0.0120  noobj: 0.0020  box: 0.0035  cls: 0.0000  
2023-12-19 02:34:15 | [Train-Epoch:125] multipart: 0.0289  obj: 0.0111  noobj: 0.0020  box: 0.0034  cls: 0.0000  
2023-12-19 02:36:48 | [Train-Epoch:126] multipart: 0.0297  obj: 0.0117  noobj: 0.0020  box: 0.0034  cls: 0.0000  
2023-12-19 02:40:27 | [Train-Epoch:127] multipart: 0.0288  obj: 0.0111  noobj: 0.0019  box: 0.0034  cls: 0.0000  
2023-12-19 02:44:16 | [Train-Epoch:128] multipart: 0.0285  obj: 0.0112  noobj: 0.0020  box: 0.0033  cls: 0.0000  
2023-12-19 02:46:06 | [Train-Epoch:129] multipart: 0.0294  obj: 0.0114  noobj: 0.0020  box: 0.0034  cls: 0.0000  
2023-12-19 02:49:50 | [Train-Epoch:130] multipart: 0.0288  obj: 0.0114  noobj: 0.0021  box: 0.0033  cls: 0.0000  
2023-12-19 02:51:10 | 
	 - Average Precision (AP) @[ IoU=0.50:0.95 | area=   all | maxDets=100 ] = 0.035
	 - Average Precision (AP) @[ IoU=0.50      | area=   all | maxDets=100 ] = 0.108
	 - Average Precision (AP) @[ IoU=0.75      | area=   all | maxDets=100 ] = 0.014
	 - Average Precision (AP) @[ IoU=0.50:0.95 | area= small | maxDets=100 ] = 0.000
	 - Average Precision (AP) @[ IoU=0.50      | area= small | maxDets=100 ] = 0.000
	 - Average Precision (AP) @[ IoU=0.50:0.95 | area=medium | maxDets=100 ] = 0.001
	 - Average Precision (AP) @[ IoU=0.50      | area=medium | maxDets=100 ] = 0.002
	 - Average Precision (AP) @[ IoU=0.50:0.95 | area= large | maxDets=100 ] = 0.097
	 - Average Precision (AP) @[ IoU=0.50      | area= large | maxDets=100 ] = 0.296

2023-12-19 02:54:53 | [Train-Epoch:131] multipart: 0.0282  obj: 0.0109  noobj: 0.0020  box: 0.0033  cls: 0.0000  
2023-12-19 02:59:07 | [Train-Epoch:132] multipart: 0.0288  obj: 0.0114  noobj: 0.0020  box: 0.0033  cls: 0.0000  
2023-12-19 03:01:32 | [Train-Epoch:133] multipart: 0.0285  obj: 0.0108  noobj: 0.0019  box: 0.0034  cls: 0.0000  
2023-12-19 03:04:36 | [Train-Epoch:134] multipart: 0.0288  obj: 0.0111  noobj: 0.0020  box: 0.0033  cls: 0.0000  
2023-12-19 03:09:14 | [Train-Epoch:135] multipart: 0.0295  obj: 0.0116  noobj: 0.0020  box: 0.0034  cls: 0.0000  
2023-12-19 03:12:42 | [Train-Epoch:136] multipart: 0.0290  obj: 0.0112  noobj: 0.0020  box: 0.0034  cls: 0.0000  
2023-12-19 03:18:15 | [Train-Epoch:137] multipart: 0.0287  obj: 0.0110  noobj: 0.0020  box: 0.0033  cls: 0.0000  
2023-12-19 03:25:27 | [Train-Epoch:138] multipart: 0.0289  obj: 0.0111  noobj: 0.0021  box: 0.0034  cls: 0.0000  
2023-12-19 03:34:15 | [Train-Epoch:139] multipart: 0.0286  obj: 0.0111  noobj: 0.0020  box: 0.0033  cls: 0.0000  
2023-12-19 03:36:59 | [Train-Epoch:140] multipart: 0.0291  obj: 0.0113  noobj: 0.0020  box: 0.0034  cls: 0.0000  
2023-12-19 03:42:26 | 
	 - Average Precision (AP) @[ IoU=0.50:0.95 | area=   all | maxDets=100 ] = 0.035
	 - Average Precision (AP) @[ IoU=0.50      | area=   all | maxDets=100 ] = 0.108
	 - Average Precision (AP) @[ IoU=0.75      | area=   all | maxDets=100 ] = 0.014
	 - Average Precision (AP) @[ IoU=0.50:0.95 | area= small | maxDets=100 ] = 0.000
	 - Average Precision (AP) @[ IoU=0.50      | area= small | maxDets=100 ] = 0.000
	 - Average Precision (AP) @[ IoU=0.50:0.95 | area=medium | maxDets=100 ] = 0.000
	 - Average Precision (AP) @[ IoU=0.50      | area=medium | maxDets=100 ] = 0.002
	 - Average Precision (AP) @[ IoU=0.50:0.95 | area= large | maxDets=100 ] = 0.096
	 - Average Precision (AP) @[ IoU=0.50      | area= large | maxDets=100 ] = 0.296

2023-12-19 03:47:15 | [Train-Epoch:141] multipart: 0.0291  obj: 0.0113  noobj: 0.0019  box: 0.0034  cls: 0.0000  
2023-12-19 03:53:22 | [Train-Epoch:142] multipart: 0.0282  obj: 0.0110  noobj: 0.0019  box: 0.0033  cls: 0.0000  
2023-12-19 03:59:27 | [Train-Epoch:143] multipart: 0.0283  obj: 0.0109  noobj: 0.0019  box: 0.0033  cls: 0.0000  
2023-12-19 04:05:23 | [Train-Epoch:144] multipart: 0.0284  obj: 0.0112  noobj: 0.0019  box: 0.0033  cls: 0.0000  
2023-12-19 04:12:46 | [Train-Epoch:145] multipart: 0.0286  obj: 0.0111  noobj: 0.0019  box: 0.0033  cls: 0.0000  
2023-12-19 04:19:35 | [Train-Epoch:146] multipart: 0.0282  obj: 0.0110  noobj: 0.0019  box: 0.0033  cls: 0.0000  
2023-12-19 04:26:16 | [Train-Epoch:147] multipart: 0.0292  obj: 0.0113  noobj: 0.0019  box: 0.0034  cls: 0.0000  
2023-12-19 04:32:43 | [Train-Epoch:148] multipart: 0.0285  obj: 0.0109  noobj: 0.0019  box: 0.0033  cls: 0.0000  
2023-12-19 04:38:22 | [Train-Epoch:149] multipart: 0.0291  obj: 0.0115  noobj: 0.0019  box: 0.0033  cls: 0.0000  
2023-12-19 04:39:26 | [Train-Epoch:150] multipart: 0.0283  obj: 0.0111  noobj: 0.0018  box: 0.0033  cls: 0.0000  
2023-12-19 04:40:02 | 
	 - Average Precision (AP) @[ IoU=0.50:0.95 | area=   all | maxDets=100 ] = 0.034
	 - Average Precision (AP) @[ IoU=0.50      | area=   all | maxDets=100 ] = 0.106
	 - Average Precision (AP) @[ IoU=0.75      | area=   all | maxDets=100 ] = 0.013
	 - Average Precision (AP) @[ IoU=0.50:0.95 | area= small | maxDets=100 ] = 0.000
	 - Average Precision (AP) @[ IoU=0.50      | area= small | maxDets=100 ] = 0.000
	 - Average Precision (AP) @[ IoU=0.50:0.95 | area=medium | maxDets=100 ] = 0.000
	 - Average Precision (AP) @[ IoU=0.50      | area=medium | maxDets=100 ] = 0.003
	 - Average Precision (AP) @[ IoU=0.50:0.95 | area= large | maxDets=100 ] = 0.095
	 - Average Precision (AP) @[ IoU=0.50      | area= large | maxDets=100 ] = 0.291

2023-12-19 04:40:02 | [Best mAP at 10]
	 - Average Precision (AP) @[ IoU=0.50:0.95 | area=   all | maxDets=100 ] = 0.034
	 - Average Precision (AP) @[ IoU=0.50      | area=   all | maxDets=100 ] = 0.113
	 - Average Precision (AP) @[ IoU=0.75      | area=   all | maxDets=100 ] = 0.012
	 - Average Precision (AP) @[ IoU=0.50:0.95 | area= small | maxDets=100 ] = 0.000
	 - Average Precision (AP) @[ IoU=0.50      | area= small | maxDets=100 ] = 0.000
	 - Average Precision (AP) @[ IoU=0.50:0.95 | area=medium | maxDets=100 ] = 0.000
	 - Average Precision (AP) @[ IoU=0.50      | area=medium | maxDets=100 ] = 0.002
	 - Average Precision (AP) @[ IoU=0.50:0.95 | area= large | maxDets=100 ] = 0.093
	 - Average Precision (AP) @[ IoU=0.50      | area= large | maxDets=100 ] = 0.301

